[1.255s] Invoking command in '/home/lexij/rose_lab/rose_lidar/src/gantry_path': PYTHONPATH=/home/lexij/rose_lab/build/gantry_path/prefix_override:/usr/lib/python3/dist-packages/colcon_core/task/python/colcon_distutils_commands:/home/lexij/rose_lab/install/gantry_path/lib/python3.12/site-packages:${PYTHONPATH} /usr/bin/python3 -W ignore:setup.py install is deprecated -W ignore:easy_install command is deprecated setup.py egg_info --egg-base ../../../build/gantry_path build --build-base /home/lexij/rose_lab/build/gantry_path/build install --record /home/lexij/rose_lab/build/gantry_path/install.log --single-version-externally-managed install_data
[1.559s] running egg_info
[1.578s] writing ../../../build/gantry_path/gantry_path.egg-info/PKG-INFO
[1.578s] writing dependency_links to ../../../build/gantry_path/gantry_path.egg-info/dependency_links.txt
[1.578s] writing entry points to ../../../build/gantry_path/gantry_path.egg-info/entry_points.txt
[1.579s] writing requirements to ../../../build/gantry_path/gantry_path.egg-info/requires.txt
[1.579s] writing top-level names to ../../../build/gantry_path/gantry_path.egg-info/top_level.txt
[1.626s] reading manifest file '../../../build/gantry_path/gantry_path.egg-info/SOURCES.txt'
[1.627s] writing manifest file '../../../build/gantry_path/gantry_path.egg-info/SOURCES.txt'
[1.627s] running build
[1.628s] running build_py
[1.628s] running install
[1.635s] running install_lib
[1.661s] running install_data
[1.661s] running install_egg_info
[1.685s] removing '/home/lexij/rose_lab/install/gantry_path/lib/python3.12/site-packages/gantry_path-0.0.0-py3.12.egg-info' (and everything under it)
[1.686s] Copying ../../../build/gantry_path/gantry_path.egg-info to /home/lexij/rose_lab/install/gantry_path/lib/python3.12/site-packages/gantry_path-0.0.0-py3.12.egg-info
[1.687s] running install_scripts
[1.838s] Installing gantry_capture_service script to /home/lexij/rose_lab/install/gantry_path/lib/gantry_path
[1.839s] Installing gantry_command script to /home/lexij/rose_lab/install/gantry_path/lib/gantry_path
[1.839s] writing list of installed files to '/home/lexij/rose_lab/build/gantry_path/install.log'
[1.878s] Invoked command in '/home/lexij/rose_lab/rose_lidar/src/gantry_path' returned '0': PYTHONPATH=/home/lexij/rose_lab/build/gantry_path/prefix_override:/usr/lib/python3/dist-packages/colcon_core/task/python/colcon_distutils_commands:/home/lexij/rose_lab/install/gantry_path/lib/python3.12/site-packages:${PYTHONPATH} /usr/bin/python3 -W ignore:setup.py install is deprecated -W ignore:easy_install command is deprecated setup.py egg_info --egg-base ../../../build/gantry_path build --build-base /home/lexij/rose_lab/build/gantry_path/build install --record /home/lexij/rose_lab/build/gantry_path/install.log --single-version-externally-managed install_data
