running egg_info
creating ../build/dummy/dummy.egg-info
writing ../build/dummy/dummy.egg-info/PKG-INFO
writing dependency_links to ../build/dummy/dummy.egg-info/dependency_links.txt
writing entry points to ../build/dummy/dummy.egg-info/entry_points.txt
writing requirements to ../build/dummy/dummy.egg-info/requires.txt
writing top-level names to ../build/dummy/dummy.egg-info/top_level.txt
writing manifest file '../build/dummy/dummy.egg-info/SOURCES.txt'
reading manifest file '../build/dummy/dummy.egg-info/SOURCES.txt'
adding license file 'LICENSE'
writing manifest file '../build/dummy/dummy.egg-info/SOURCES.txt'
running build
running build_py
creating /home/lexij/rose_lab/build/dummy/build
creating /home/lexij/rose_lab/build/dummy/build/lib
creating /home/lexij/rose_lab/build/dummy/build/lib/dummy
copying dummy/__init__.py -> /home/lexij/rose_lab/build/dummy/build/lib/dummy
copying dummy/dummy_lidar.py -> /home/lexij/rose_lab/build/dummy/build/lib/dummy
running install
running install_lib
creating /home/lexij/rose_lab/install/dummy/lib/python3.12/site-packages/dummy
copying /home/lexij/rose_lab/build/dummy/build/lib/dummy/__init__.py -> /home/lexij/rose_lab/install/dummy/lib/python3.12/site-packages/dummy
copying /home/lexij/rose_lab/build/dummy/build/lib/dummy/dummy_lidar.py -> /home/lexij/rose_lab/install/dummy/lib/python3.12/site-packages/dummy
byte-compiling /home/lexij/rose_lab/install/dummy/lib/python3.12/site-packages/dummy/__init__.py to __init__.cpython-312.pyc
byte-compiling /home/lexij/rose_lab/install/dummy/lib/python3.12/site-packages/dummy/dummy_lidar.py to dummy_lidar.cpython-312.pyc
running install_data
creating /home/lexij/rose_lab/install/dummy/share/ament_index
creating /home/lexij/rose_lab/install/dummy/share/ament_index/resource_index
creating /home/lexij/rose_lab/install/dummy/share/ament_index/resource_index/packages
copying resource/dummy -> /home/lexij/rose_lab/install/dummy/share/ament_index/resource_index/packages
copying package.xml -> /home/lexij/rose_lab/install/dummy/share/dummy
running install_egg_info
Copying ../build/dummy/dummy.egg-info to /home/lexij/rose_lab/install/dummy/lib/python3.12/site-packages/dummy-0.0.0-py3.12.egg-info
running install_scripts
Installing dummy_lidar script to /home/lexij/rose_lab/install/dummy/lib/dummy
writing list of installed files to '/home/lexij/rose_lab/build/dummy/install.log'
