[1.938s] Invoking command in '/home/lexij/rose_lab/dummy': PYTHONPATH=/home/lexij/rose_lab/build/dummy/prefix_override:/usr/lib/python3/dist-packages/colcon_core/task/python/colcon_distutils_commands:/home/lexij/rose_lab/install/dummy/lib/python3.12/site-packages:${PYTHONPATH} /usr/bin/python3 -W ignore:setup.py install is deprecated -W ignore:easy_install command is deprecated setup.py egg_info --egg-base ../build/dummy build --build-base /home/lexij/rose_lab/build/dummy/build install --record /home/lexij/rose_lab/build/dummy/install.log --single-version-externally-managed install_data
[2.283s] running egg_info
[2.284s] creating ../build/dummy/dummy.egg-info
[2.308s] writing ../build/dummy/dummy.egg-info/PKG-INFO
[2.308s] writing dependency_links to ../build/dummy/dummy.egg-info/dependency_links.txt
[2.309s] writing entry points to ../build/dummy/dummy.egg-info/entry_points.txt
[2.309s] writing requirements to ../build/dummy/dummy.egg-info/requires.txt
[2.309s] writing top-level names to ../build/dummy/dummy.egg-info/top_level.txt
[2.310s] writing manifest file '../build/dummy/dummy.egg-info/SOURCES.txt'
[2.361s] reading manifest file '../build/dummy/dummy.egg-info/SOURCES.txt'
[2.361s] adding license file 'LICENSE'
[2.362s] writing manifest file '../build/dummy/dummy.egg-info/SOURCES.txt'
[2.362s] running build
[2.363s] running build_py
[2.363s] creating /home/lexij/rose_lab/build/dummy/build
[2.364s] creating /home/lexij/rose_lab/build/dummy/build/lib
[2.365s] creating /home/lexij/rose_lab/build/dummy/build/lib/dummy
[2.365s] copying dummy/__init__.py -> /home/lexij/rose_lab/build/dummy/build/lib/dummy
[2.365s] copying dummy/dummy_lidar.py -> /home/lexij/rose_lab/build/dummy/build/lib/dummy
[2.366s] running install
[2.380s] running install_lib
[2.406s] creating /home/lexij/rose_lab/install/dummy/lib/python3.12/site-packages/dummy
[2.407s] copying /home/lexij/rose_lab/build/dummy/build/lib/dummy/__init__.py -> /home/lexij/rose_lab/install/dummy/lib/python3.12/site-packages/dummy
[2.407s] copying /home/lexij/rose_lab/build/dummy/build/lib/dummy/dummy_lidar.py -> /home/lexij/rose_lab/install/dummy/lib/python3.12/site-packages/dummy
[2.407s] byte-compiling /home/lexij/rose_lab/install/dummy/lib/python3.12/site-packages/dummy/__init__.py to __init__.cpython-312.pyc
[2.407s] byte-compiling /home/lexij/rose_lab/install/dummy/lib/python3.12/site-packages/dummy/dummy_lidar.py to dummy_lidar.cpython-312.pyc
[2.409s] running install_data
[2.410s] creating /home/lexij/rose_lab/install/dummy/share/ament_index
[2.411s] creating /home/lexij/rose_lab/install/dummy/share/ament_index/resource_index
[2.411s] creating /home/lexij/rose_lab/install/dummy/share/ament_index/resource_index/packages
[2.412s] copying resource/dummy -> /home/lexij/rose_lab/install/dummy/share/ament_index/resource_index/packages
[2.412s] copying package.xml -> /home/lexij/rose_lab/install/dummy/share/dummy
[2.412s] running install_egg_info
[2.437s] Copying ../build/dummy/dummy.egg-info to /home/lexij/rose_lab/install/dummy/lib/python3.12/site-packages/dummy-0.0.0-py3.12.egg-info
[2.438s] running install_scripts
[2.602s] Installing dummy_lidar script to /home/lexij/rose_lab/install/dummy/lib/dummy
[2.602s] writing list of installed files to '/home/lexij/rose_lab/build/dummy/install.log'
[2.642s] Invoked command in '/home/lexij/rose_lab/dummy' returned '0': PYTHONPATH=/home/lexij/rose_lab/build/dummy/prefix_override:/usr/lib/python3/dist-packages/colcon_core/task/python/colcon_distutils_commands:/home/lexij/rose_lab/install/dummy/lib/python3.12/site-packages:${PYTHONPATH} /usr/bin/python3 -W ignore:setup.py install is deprecated -W ignore:easy_install command is deprecated setup.py egg_info --egg-base ../build/dummy build --build-base /home/lexij/rose_lab/build/dummy/build install --record /home/lexij/rose_lab/build/dummy/install.log --single-version-externally-managed install_data
