running egg_info
creating ../../../build/gantry_path/gantry_path.egg-info
writing ../../../build/gantry_path/gantry_path.egg-info/PKG-INFO
writing dependency_links to ../../../build/gantry_path/gantry_path.egg-info/dependency_links.txt
writing entry points to ../../../build/gantry_path/gantry_path.egg-info/entry_points.txt
writing requirements to ../../../build/gantry_path/gantry_path.egg-info/requires.txt
writing top-level names to ../../../build/gantry_path/gantry_path.egg-info/top_level.txt
writing manifest file '../../../build/gantry_path/gantry_path.egg-info/SOURCES.txt'
reading manifest file '../../../build/gantry_path/gantry_path.egg-info/SOURCES.txt'
writing manifest file '../../../build/gantry_path/gantry_path.egg-info/SOURCES.txt'
running build
running build_py
creating /home/lexij/rose_lab/build/gantry_path/build
creating /home/lexij/rose_lab/build/gantry_path/build/lib
creating /home/lexij/rose_lab/build/gantry_path/build/lib/gantry_path
copying gantry_path/gantry_command.py -> /home/lexij/rose_lab/build/gantry_path/build/lib/gantry_path
copying gantry_path/__init__.py -> /home/lexij/rose_lab/build/gantry_path/build/lib/gantry_path
copying gantry_path/hypothetical_lidar.py -> /home/lexij/rose_lab/build/gantry_path/build/lib/gantry_path
copying gantry_path/gantry_trajectory.py -> /home/lexij/rose_lab/build/gantry_path/build/lib/gantry_path
copying gantry_path/GantryCaptureService.py -> /home/lexij/rose_lab/build/gantry_path/build/lib/gantry_path
copying gantry_path/lidar_scan.py -> /home/lexij/rose_lab/build/gantry_path/build/lib/gantry_path
running install
running install_lib
creating /home/lexij/rose_lab/install/gantry_path/lib/python3.12/site-packages/gantry_path
copying /home/lexij/rose_lab/build/gantry_path/build/lib/gantry_path/gantry_command.py -> /home/lexij/rose_lab/install/gantry_path/lib/python3.12/site-packages/gantry_path
copying /home/lexij/rose_lab/build/gantry_path/build/lib/gantry_path/__init__.py -> /home/lexij/rose_lab/install/gantry_path/lib/python3.12/site-packages/gantry_path
copying /home/lexij/rose_lab/build/gantry_path/build/lib/gantry_path/hypothetical_lidar.py -> /home/lexij/rose_lab/install/gantry_path/lib/python3.12/site-packages/gantry_path
copying /home/lexij/rose_lab/build/gantry_path/build/lib/gantry_path/gantry_trajectory.py -> /home/lexij/rose_lab/install/gantry_path/lib/python3.12/site-packages/gantry_path
copying /home/lexij/rose_lab/build/gantry_path/build/lib/gantry_path/GantryCaptureService.py -> /home/lexij/rose_lab/install/gantry_path/lib/python3.12/site-packages/gantry_path
copying /home/lexij/rose_lab/build/gantry_path/build/lib/gantry_path/lidar_scan.py -> /home/lexij/rose_lab/install/gantry_path/lib/python3.12/site-packages/gantry_path
byte-compiling /home/lexij/rose_lab/install/gantry_path/lib/python3.12/site-packages/gantry_path/gantry_command.py to gantry_command.cpython-312.pyc
byte-compiling /home/lexij/rose_lab/install/gantry_path/lib/python3.12/site-packages/gantry_path/__init__.py to __init__.cpython-312.pyc
byte-compiling /home/lexij/rose_lab/install/gantry_path/lib/python3.12/site-packages/gantry_path/hypothetical_lidar.py to hypothetical_lidar.cpython-312.pyc
byte-compiling /home/lexij/rose_lab/install/gantry_path/lib/python3.12/site-packages/gantry_path/gantry_trajectory.py to gantry_trajectory.cpython-312.pyc
byte-compiling /home/lexij/rose_lab/install/gantry_path/lib/python3.12/site-packages/gantry_path/GantryCaptureService.py to GantryCaptureService.cpython-312.pyc
byte-compiling /home/lexij/rose_lab/install/gantry_path/lib/python3.12/site-packages/gantry_path/lidar_scan.py to lidar_scan.cpython-312.pyc
running install_data
creating /home/lexij/rose_lab/install/gantry_path/share/ament_index
creating /home/lexij/rose_lab/install/gantry_path/share/ament_index/resource_index
creating /home/lexij/rose_lab/install/gantry_path/share/ament_index/resource_index/packages
copying resource/gantry_path -> /home/lexij/rose_lab/install/gantry_path/share/ament_index/resource_index/packages
copying package.xml -> /home/lexij/rose_lab/install/gantry_path/share/gantry_path
running install_egg_info
Copying ../../../build/gantry_path/gantry_path.egg-info to /home/lexij/rose_lab/install/gantry_path/lib/python3.12/site-packages/gantry_path-0.0.0-py3.12.egg-info
running install_scripts
Installing gantry_capture_service script to /home/lexij/rose_lab/install/gantry_path/lib/gantry_path
Installing gantry_command script to /home/lexij/rose_lab/install/gantry_path/lib/gantry_path
writing list of installed files to '/home/lexij/rose_lab/build/gantry_path/install.log'
