[0.215s] DEBUG:colcon:Command line arguments: ['/usr/bin/colcon', 'build']
[0.215s] DEBUG:colcon:Parsed command line arguments: Namespace(log_base=None, log_level=None, verb_name='build', build_base='build', install_base='install', merge_install=False, symlink_install=False, test_result_base=None, continue_on_error=False, executor='parallel', parallel_workers=22, event_handlers=None, ignore_user_meta=False, metas=['./colcon.meta'], base_paths=['.'], packages_ignore=None, packages_ignore_regex=None, paths=None, packages_up_to=None, packages_up_to_regex=None, packages_above=None, packages_above_and_dependencies=None, packages_above_depth=None, packages_select_by_dep=None, packages_skip_by_dep=None, packages_skip_up_to=None, packages_select_build_failed=False, packages_skip_build_finished=False, packages_select_test_failures=False, packages_skip_test_passed=False, packages_select=None, packages_skip=None, packages_select_regex=None, packages_skip_regex=None, packages_start=None, packages_end=None, allow_overriding=[], cmake_args=None, cmake_target=None, cmake_target_skip_unavailable=False, cmake_clean_cache=False, cmake_clean_first=False, cmake_force_configure=False, ament_cmake_args=None, catkin_cmake_args=None, catkin_skip_building_tests=False, mixin_files=None, mixin=None, verb_parser=<colcon_mixin.mixin.mixin_argument.MixinArgumentDecorator object at 0x70f684b8a030>, verb_extension=<colcon_core.verb.build.BuildVerb object at 0x70f684cb6810>, main=<bound method BuildVerb.main of <colcon_core.verb.build.BuildVerb object at 0x70f684cb6810>>, mixin_verb=('build',))
[0.259s] Level 1:colcon.colcon_core.package_discovery:discover_packages(colcon_meta) check parameters
[0.260s] Level 1:colcon.colcon_core.package_discovery:discover_packages(recursive) check parameters
[0.260s] Level 1:colcon.colcon_core.package_discovery:discover_packages(ignore) check parameters
[0.260s] Level 1:colcon.colcon_core.package_discovery:discover_packages(path) check parameters
[0.260s] Level 1:colcon.colcon_core.package_discovery:discover_packages(colcon_meta) discover
[0.260s] Level 1:colcon.colcon_core.package_discovery:discover_packages(recursive) discover
[0.260s] INFO:colcon.colcon_core.package_discovery:Crawling recursively for packages in '/home/lexij/rose_lab'
[0.260s] Level 1:colcon.colcon_core.package_identification:_identify(.) by extensions ['ignore', 'ignore_ament_install']
[0.260s] Level 1:colcon.colcon_core.package_identification:_identify(.) by extension 'ignore'
[0.260s] Level 1:colcon.colcon_core.package_identification:_identify(.) by extension 'ignore_ament_install'
[0.260s] Level 1:colcon.colcon_core.package_identification:_identify(.) by extensions ['colcon_pkg']
[0.260s] Level 1:colcon.colcon_core.package_identification:_identify(.) by extension 'colcon_pkg'
[0.260s] Level 1:colcon.colcon_core.package_identification:_identify(.) by extensions ['colcon_meta']
[0.260s] Level 1:colcon.colcon_core.package_identification:_identify(.) by extension 'colcon_meta'
[0.260s] Level 1:colcon.colcon_core.package_identification:_identify(.) by extensions ['ros']
[0.260s] Level 1:colcon.colcon_core.package_identification:_identify(.) by extension 'ros'
[0.283s] Level 1:colcon.colcon_core.package_identification:_identify(.) by extensions ['cmake', 'python']
[0.283s] Level 1:colcon.colcon_core.package_identification:_identify(.) by extension 'cmake'
[0.283s] Level 1:colcon.colcon_core.package_identification:_identify(.) by extension 'python'
[0.283s] Level 1:colcon.colcon_core.package_identification:_identify(.) by extensions ['python_setup_py']
[0.283s] Level 1:colcon.colcon_core.package_identification:_identify(.) by extension 'python_setup_py'
[0.283s] Level 1:colcon.colcon_core.package_identification:_identify(build) by extensions ['ignore', 'ignore_ament_install']
[0.283s] Level 1:colcon.colcon_core.package_identification:_identify(build) by extension 'ignore'
[0.283s] Level 1:colcon.colcon_core.package_identification:_identify(build) ignored
[0.283s] Level 1:colcon.colcon_core.package_identification:_identify(install) by extensions ['ignore', 'ignore_ament_install']
[0.283s] Level 1:colcon.colcon_core.package_identification:_identify(install) by extension 'ignore'
[0.283s] Level 1:colcon.colcon_core.package_identification:_identify(install) ignored
[0.283s] Level 1:colcon.colcon_core.package_identification:_identify(log) by extensions ['ignore', 'ignore_ament_install']
[0.284s] Level 1:colcon.colcon_core.package_identification:_identify(log) by extension 'ignore'
[0.284s] Level 1:colcon.colcon_core.package_identification:_identify(log) ignored
[0.284s] Level 1:colcon.colcon_core.package_identification:_identify(rose_lidar) by extensions ['ignore', 'ignore_ament_install']
[0.284s] Level 1:colcon.colcon_core.package_identification:_identify(rose_lidar) by extension 'ignore'
[0.284s] Level 1:colcon.colcon_core.package_identification:_identify(rose_lidar) by extension 'ignore_ament_install'
[0.284s] Level 1:colcon.colcon_core.package_identification:_identify(rose_lidar) by extensions ['colcon_pkg']
[0.284s] Level 1:colcon.colcon_core.package_identification:_identify(rose_lidar) by extension 'colcon_pkg'
[0.284s] Level 1:colcon.colcon_core.package_identification:_identify(rose_lidar) by extensions ['colcon_meta']
[0.284s] Level 1:colcon.colcon_core.package_identification:_identify(rose_lidar) by extension 'colcon_meta'
[0.284s] Level 1:colcon.colcon_core.package_identification:_identify(rose_lidar) by extensions ['ros']
[0.284s] Level 1:colcon.colcon_core.package_identification:_identify(rose_lidar) by extension 'ros'
[0.284s] Level 1:colcon.colcon_core.package_identification:_identify(rose_lidar) by extensions ['cmake', 'python']
[0.284s] Level 1:colcon.colcon_core.package_identification:_identify(rose_lidar) by extension 'cmake'
[0.284s] Level 1:colcon.colcon_core.package_identification:_identify(rose_lidar) by extension 'python'
[0.284s] Level 1:colcon.colcon_core.package_identification:_identify(rose_lidar) by extensions ['python_setup_py']
[0.284s] Level 1:colcon.colcon_core.package_identification:_identify(rose_lidar) by extension 'python_setup_py'
[0.284s] Level 1:colcon.colcon_core.package_identification:_identify(rose_lidar/build) by extensions ['ignore', 'ignore_ament_install']
[0.284s] Level 1:colcon.colcon_core.package_identification:_identify(rose_lidar/build) by extension 'ignore'
[0.284s] Level 1:colcon.colcon_core.package_identification:_identify(rose_lidar/build) ignored
[0.285s] Level 1:colcon.colcon_core.package_identification:_identify(rose_lidar/install) by extensions ['ignore', 'ignore_ament_install']
[0.285s] Level 1:colcon.colcon_core.package_identification:_identify(rose_lidar/install) by extension 'ignore'
[0.285s] Level 1:colcon.colcon_core.package_identification:_identify(rose_lidar/install) ignored
[0.285s] Level 1:colcon.colcon_core.package_identification:_identify(rose_lidar/log) by extensions ['ignore', 'ignore_ament_install']
[0.285s] Level 1:colcon.colcon_core.package_identification:_identify(rose_lidar/log) by extension 'ignore'
[0.285s] Level 1:colcon.colcon_core.package_identification:_identify(rose_lidar/log) ignored
[0.285s] Level 1:colcon.colcon_core.package_identification:_identify(rose_lidar/src) by extensions ['ignore', 'ignore_ament_install']
[0.285s] Level 1:colcon.colcon_core.package_identification:_identify(rose_lidar/src) by extension 'ignore'
[0.286s] Level 1:colcon.colcon_core.package_identification:_identify(rose_lidar/src) by extension 'ignore_ament_install'
[0.286s] Level 1:colcon.colcon_core.package_identification:_identify(rose_lidar/src) by extensions ['colcon_pkg']
[0.286s] Level 1:colcon.colcon_core.package_identification:_identify(rose_lidar/src) by extension 'colcon_pkg'
[0.286s] Level 1:colcon.colcon_core.package_identification:_identify(rose_lidar/src) by extensions ['colcon_meta']
[0.286s] Level 1:colcon.colcon_core.package_identification:_identify(rose_lidar/src) by extension 'colcon_meta'
[0.286s] Level 1:colcon.colcon_core.package_identification:_identify(rose_lidar/src) by extensions ['ros']
[0.286s] Level 1:colcon.colcon_core.package_identification:_identify(rose_lidar/src) by extension 'ros'
[0.286s] Level 1:colcon.colcon_core.package_identification:_identify(rose_lidar/src) by extensions ['cmake', 'python']
[0.286s] Level 1:colcon.colcon_core.package_identification:_identify(rose_lidar/src) by extension 'cmake'
[0.286s] Level 1:colcon.colcon_core.package_identification:_identify(rose_lidar/src) by extension 'python'
[0.286s] Level 1:colcon.colcon_core.package_identification:_identify(rose_lidar/src) by extensions ['python_setup_py']
[0.286s] Level 1:colcon.colcon_core.package_identification:_identify(rose_lidar/src) by extension 'python_setup_py'
[0.286s] Level 1:colcon.colcon_core.package_identification:_identify(rose_lidar/src/gantry_path) by extensions ['ignore', 'ignore_ament_install']
[0.286s] Level 1:colcon.colcon_core.package_identification:_identify(rose_lidar/src/gantry_path) by extension 'ignore'
[0.287s] Level 1:colcon.colcon_core.package_identification:_identify(rose_lidar/src/gantry_path) by extension 'ignore_ament_install'
[0.287s] Level 1:colcon.colcon_core.package_identification:_identify(rose_lidar/src/gantry_path) by extensions ['colcon_pkg']
[0.287s] Level 1:colcon.colcon_core.package_identification:_identify(rose_lidar/src/gantry_path) by extension 'colcon_pkg'
[0.287s] Level 1:colcon.colcon_core.package_identification:_identify(rose_lidar/src/gantry_path) by extensions ['colcon_meta']
[0.287s] Level 1:colcon.colcon_core.package_identification:_identify(rose_lidar/src/gantry_path) by extension 'colcon_meta'
[0.287s] Level 1:colcon.colcon_core.package_identification:_identify(rose_lidar/src/gantry_path) by extensions ['ros']
[0.287s] Level 1:colcon.colcon_core.package_identification:_identify(rose_lidar/src/gantry_path) by extension 'ros'
[0.289s] DEBUG:colcon.colcon_core.package_identification:Package 'rose_lidar/src/gantry_path' with type 'ros.ament_python' and name 'gantry_path'
[0.290s] Level 1:colcon.colcon_core.package_identification:_identify(src) by extensions ['ignore', 'ignore_ament_install']
[0.290s] Level 1:colcon.colcon_core.package_identification:_identify(src) by extension 'ignore'
[0.290s] Level 1:colcon.colcon_core.package_identification:_identify(src) by extension 'ignore_ament_install'
[0.290s] Level 1:colcon.colcon_core.package_identification:_identify(src) by extensions ['colcon_pkg']
[0.290s] Level 1:colcon.colcon_core.package_identification:_identify(src) by extension 'colcon_pkg'
[0.290s] Level 1:colcon.colcon_core.package_identification:_identify(src) by extensions ['colcon_meta']
[0.290s] Level 1:colcon.colcon_core.package_identification:_identify(src) by extension 'colcon_meta'
[0.290s] Level 1:colcon.colcon_core.package_identification:_identify(src) by extensions ['ros']
[0.290s] Level 1:colcon.colcon_core.package_identification:_identify(src) by extension 'ros'
[0.290s] Level 1:colcon.colcon_core.package_identification:_identify(src) by extensions ['cmake', 'python']
[0.290s] Level 1:colcon.colcon_core.package_identification:_identify(src) by extension 'cmake'
[0.290s] Level 1:colcon.colcon_core.package_identification:_identify(src) by extension 'python'
[0.290s] Level 1:colcon.colcon_core.package_identification:_identify(src) by extensions ['python_setup_py']
[0.290s] Level 1:colcon.colcon_core.package_identification:_identify(src) by extension 'python_setup_py'
[0.290s] Level 1:colcon.colcon_core.package_identification:_identify(src/dummy) by extensions ['ignore', 'ignore_ament_install']
[0.290s] Level 1:colcon.colcon_core.package_identification:_identify(src/dummy) by extension 'ignore'
[0.290s] Level 1:colcon.colcon_core.package_identification:_identify(src/dummy) by extension 'ignore_ament_install'
[0.290s] Level 1:colcon.colcon_core.package_identification:_identify(src/dummy) by extensions ['colcon_pkg']
[0.290s] Level 1:colcon.colcon_core.package_identification:_identify(src/dummy) by extension 'colcon_pkg'
[0.290s] Level 1:colcon.colcon_core.package_identification:_identify(src/dummy) by extensions ['colcon_meta']
[0.290s] Level 1:colcon.colcon_core.package_identification:_identify(src/dummy) by extension 'colcon_meta'
[0.290s] Level 1:colcon.colcon_core.package_identification:_identify(src/dummy) by extensions ['ros']
[0.290s] Level 1:colcon.colcon_core.package_identification:_identify(src/dummy) by extension 'ros'
[0.291s] DEBUG:colcon.colcon_core.package_identification:Package 'src/dummy' with type 'ros.ament_python' and name 'dummy'
[0.291s] Level 1:colcon.colcon_core.package_identification:_identify(src/gantry_lidar_interfaces) by extensions ['ignore', 'ignore_ament_install']
[0.291s] Level 1:colcon.colcon_core.package_identification:_identify(src/gantry_lidar_interfaces) by extension 'ignore'
[0.291s] Level 1:colcon.colcon_core.package_identification:_identify(src/gantry_lidar_interfaces) by extension 'ignore_ament_install'
[0.291s] Level 1:colcon.colcon_core.package_identification:_identify(src/gantry_lidar_interfaces) by extensions ['colcon_pkg']
[0.291s] Level 1:colcon.colcon_core.package_identification:_identify(src/gantry_lidar_interfaces) by extension 'colcon_pkg'
[0.291s] Level 1:colcon.colcon_core.package_identification:_identify(src/gantry_lidar_interfaces) by extensions ['colcon_meta']
[0.291s] Level 1:colcon.colcon_core.package_identification:_identify(src/gantry_lidar_interfaces) by extension 'colcon_meta'
[0.291s] Level 1:colcon.colcon_core.package_identification:_identify(src/gantry_lidar_interfaces) by extensions ['ros']
[0.291s] Level 1:colcon.colcon_core.package_identification:_identify(src/gantry_lidar_interfaces) by extension 'ros'
[0.292s] DEBUG:colcon.colcon_core.package_identification:Package 'src/gantry_lidar_interfaces' with type 'ros.ament_cmake' and name 'gantry_lidar_interfaces'
[0.292s] Level 1:colcon.colcon_core.package_discovery:discover_packages(recursive) using defaults
[0.292s] Level 1:colcon.colcon_core.package_discovery:discover_packages(ignore) discover
[0.292s] Level 1:colcon.colcon_core.package_discovery:discover_packages(ignore) using defaults
[0.292s] Level 1:colcon.colcon_core.package_discovery:discover_packages(path) discover
[0.292s] Level 1:colcon.colcon_core.package_discovery:discover_packages(path) using defaults
[0.315s] Level 1:colcon.colcon_core.package_discovery:discover_packages(prefix_path) check parameters
[0.315s] Level 1:colcon.colcon_core.package_discovery:discover_packages(prefix_path) discover
[0.317s] WARNING:colcon.colcon_ros.prefix_path.ament:The path '/home/lexij/rose_lab/install/gantry_lidar_interfaces' in the environment variable AMENT_PREFIX_PATH doesn't exist
[0.318s] WARNING:colcon.colcon_ros.prefix_path.catkin:The path '/home/lexij/rose_lab/install/gantry_lidar_interfaces' in the environment variable CMAKE_PREFIX_PATH doesn't exist
[0.320s] DEBUG:colcon.colcon_installed_package_information.package_discovery:Found 2 installed packages in /home/lexij/rose_lab/install
[0.322s] DEBUG:colcon.colcon_installed_package_information.package_discovery:Found 318 installed packages in /opt/ros/jazzy
[0.323s] Level 1:colcon.colcon_core.package_discovery:discover_packages(prefix_path) using defaults
[0.410s] Level 5:colcon.colcon_core.verb:set package 'dummy' build argument 'cmake_args' from command line to 'None'
[0.410s] Level 5:colcon.colcon_core.verb:set package 'dummy' build argument 'cmake_target' from command line to 'None'
[0.410s] Level 5:colcon.colcon_core.verb:set package 'dummy' build argument 'cmake_target_skip_unavailable' from command line to 'False'
[0.410s] Level 5:colcon.colcon_core.verb:set package 'dummy' build argument 'cmake_clean_cache' from command line to 'False'
[0.410s] Level 5:colcon.colcon_core.verb:set package 'dummy' build argument 'cmake_clean_first' from command line to 'False'
[0.410s] Level 5:colcon.colcon_core.verb:set package 'dummy' build argument 'cmake_force_configure' from command line to 'False'
[0.410s] Level 5:colcon.colcon_core.verb:set package 'dummy' build argument 'ament_cmake_args' from command line to 'None'
[0.410s] Level 5:colcon.colcon_core.verb:set package 'dummy' build argument 'catkin_cmake_args' from command line to 'None'
[0.410s] Level 5:colcon.colcon_core.verb:set package 'dummy' build argument 'catkin_skip_building_tests' from command line to 'False'
[0.410s] DEBUG:colcon.colcon_core.verb:Building package 'dummy' with the following arguments: {'ament_cmake_args': None, 'build_base': '/home/lexij/rose_lab/build/dummy', 'catkin_cmake_args': None, 'catkin_skip_building_tests': False, 'cmake_args': None, 'cmake_clean_cache': False, 'cmake_clean_first': False, 'cmake_force_configure': False, 'cmake_target': None, 'cmake_target_skip_unavailable': False, 'install_base': '/home/lexij/rose_lab/install/dummy', 'merge_install': False, 'path': '/home/lexij/rose_lab/src/dummy', 'symlink_install': False, 'test_result_base': None}
[0.410s] Level 5:colcon.colcon_core.verb:set package 'gantry_lidar_interfaces' build argument 'cmake_args' from command line to 'None'
[0.410s] Level 5:colcon.colcon_core.verb:set package 'gantry_lidar_interfaces' build argument 'cmake_target' from command line to 'None'
[0.410s] Level 5:colcon.colcon_core.verb:set package 'gantry_lidar_interfaces' build argument 'cmake_target_skip_unavailable' from command line to 'False'
[0.410s] Level 5:colcon.colcon_core.verb:set package 'gantry_lidar_interfaces' build argument 'cmake_clean_cache' from command line to 'False'
[0.410s] Level 5:colcon.colcon_core.verb:set package 'gantry_lidar_interfaces' build argument 'cmake_clean_first' from command line to 'False'
[0.410s] Level 5:colcon.colcon_core.verb:set package 'gantry_lidar_interfaces' build argument 'cmake_force_configure' from command line to 'False'
[0.410s] Level 5:colcon.colcon_core.verb:set package 'gantry_lidar_interfaces' build argument 'ament_cmake_args' from command line to 'None'
[0.410s] Level 5:colcon.colcon_core.verb:set package 'gantry_lidar_interfaces' build argument 'catkin_cmake_args' from command line to 'None'
[0.410s] Level 5:colcon.colcon_core.verb:set package 'gantry_lidar_interfaces' build argument 'catkin_skip_building_tests' from command line to 'False'
[0.410s] DEBUG:colcon.colcon_core.verb:Building package 'gantry_lidar_interfaces' with the following arguments: {'ament_cmake_args': None, 'build_base': '/home/lexij/rose_lab/build/gantry_lidar_interfaces', 'catkin_cmake_args': None, 'catkin_skip_building_tests': False, 'cmake_args': None, 'cmake_clean_cache': False, 'cmake_clean_first': False, 'cmake_force_configure': False, 'cmake_target': None, 'cmake_target_skip_unavailable': False, 'install_base': '/home/lexij/rose_lab/install/gantry_lidar_interfaces', 'merge_install': False, 'path': '/home/lexij/rose_lab/src/gantry_lidar_interfaces', 'symlink_install': False, 'test_result_base': None}
[0.411s] Level 5:colcon.colcon_core.verb:set package 'gantry_path' build argument 'cmake_args' from command line to 'None'
[0.411s] Level 5:colcon.colcon_core.verb:set package 'gantry_path' build argument 'cmake_target' from command line to 'None'
[0.411s] Level 5:colcon.colcon_core.verb:set package 'gantry_path' build argument 'cmake_target_skip_unavailable' from command line to 'False'
[0.411s] Level 5:colcon.colcon_core.verb:set package 'gantry_path' build argument 'cmake_clean_cache' from command line to 'False'
[0.411s] Level 5:colcon.colcon_core.verb:set package 'gantry_path' build argument 'cmake_clean_first' from command line to 'False'
[0.411s] Level 5:colcon.colcon_core.verb:set package 'gantry_path' build argument 'cmake_force_configure' from command line to 'False'
[0.411s] Level 5:colcon.colcon_core.verb:set package 'gantry_path' build argument 'ament_cmake_args' from command line to 'None'
[0.411s] Level 5:colcon.colcon_core.verb:set package 'gantry_path' build argument 'catkin_cmake_args' from command line to 'None'
[0.411s] Level 5:colcon.colcon_core.verb:set package 'gantry_path' build argument 'catkin_skip_building_tests' from command line to 'False'
[0.411s] DEBUG:colcon.colcon_core.verb:Building package 'gantry_path' with the following arguments: {'ament_cmake_args': None, 'build_base': '/home/lexij/rose_lab/build/gantry_path', 'catkin_cmake_args': None, 'catkin_skip_building_tests': False, 'cmake_args': None, 'cmake_clean_cache': False, 'cmake_clean_first': False, 'cmake_force_configure': False, 'cmake_target': None, 'cmake_target_skip_unavailable': False, 'install_base': '/home/lexij/rose_lab/install/gantry_path', 'merge_install': False, 'path': '/home/lexij/rose_lab/rose_lidar/src/gantry_path', 'symlink_install': False, 'test_result_base': None}
[0.411s] INFO:colcon.colcon_core.executor:Executing jobs using 'parallel' executor
[0.412s] DEBUG:colcon.colcon_parallel_executor.executor.parallel:run_until_complete
[0.412s] INFO:colcon.colcon_ros.task.ament_python.build:Building ROS package in '/home/lexij/rose_lab/src/dummy' with build type 'ament_python'
[0.412s] Level 1:colcon.colcon_core.shell:create_environment_hook('dummy', 'ament_prefix_path')
[0.416s] INFO:colcon.colcon_core.plugin_system:Skipping extension 'colcon_core.shell.bat': Not used on non-Windows systems
[0.416s] INFO:colcon.colcon_core.shell:Creating environment hook '/home/lexij/rose_lab/install/dummy/share/dummy/hook/ament_prefix_path.ps1'
[0.417s] INFO:colcon.colcon_core.shell:Creating environment descriptor '/home/lexij/rose_lab/install/dummy/share/dummy/hook/ament_prefix_path.dsv'
[0.418s] INFO:colcon.colcon_core.shell:Creating environment hook '/home/lexij/rose_lab/install/dummy/share/dummy/hook/ament_prefix_path.sh'
[0.418s] INFO:colcon.colcon_core.shell:Skip shell extension 'powershell' for command environment: Not usable outside of PowerShell
[0.418s] DEBUG:colcon.colcon_core.shell:Skip shell extension 'dsv' for command environment
[0.421s] INFO:colcon.colcon_ros.task.ament_cmake.build:Building ROS package in '/home/lexij/rose_lab/src/gantry_lidar_interfaces' with build type 'ament_cmake'
[0.421s] INFO:colcon.colcon_cmake.task.cmake.build:Building CMake package in '/home/lexij/rose_lab/src/gantry_lidar_interfaces'
[0.421s] INFO:colcon.colcon_core.shell:Skip shell extension 'powershell' for command environment: Not usable outside of PowerShell
[0.421s] DEBUG:colcon.colcon_core.shell:Skip shell extension 'dsv' for command environment
[0.424s] INFO:colcon.colcon_ros.task.ament_python.build:Building ROS package in '/home/lexij/rose_lab/rose_lidar/src/gantry_path' with build type 'ament_python'
[0.424s] Level 1:colcon.colcon_core.shell:create_environment_hook('gantry_path', 'ament_prefix_path')
[0.424s] INFO:colcon.colcon_core.shell:Creating environment hook '/home/lexij/rose_lab/install/gantry_path/share/gantry_path/hook/ament_prefix_path.ps1'
[0.424s] INFO:colcon.colcon_core.shell:Creating environment descriptor '/home/lexij/rose_lab/install/gantry_path/share/gantry_path/hook/ament_prefix_path.dsv'
[0.425s] INFO:colcon.colcon_core.shell:Creating environment hook '/home/lexij/rose_lab/install/gantry_path/share/gantry_path/hook/ament_prefix_path.sh'
[0.425s] INFO:colcon.colcon_core.shell:Skip shell extension 'powershell' for command environment: Not usable outside of PowerShell
[0.425s] DEBUG:colcon.colcon_core.shell:Skip shell extension 'dsv' for command environment
[0.631s] INFO:colcon.colcon_core.task.python.build:Building Python package in '/home/lexij/rose_lab/src/dummy'
[0.631s] INFO:colcon.colcon_core.shell:Skip shell extension 'powershell' for command environment: Not usable outside of PowerShell
[0.631s] DEBUG:colcon.colcon_core.shell:Skip shell extension 'dsv' for command environment
[0.638s] DEBUG:colcon.colcon_core.event_handler.log_command:Invoking command in '/home/lexij/rose_lab/build/gantry_lidar_interfaces': CMAKE_PREFIX_PATH=${CMAKE_PREFIX_PATH}:/home/lexij/rose_lab/install/gantry_path:/home/lexij/rose_lab/install/dummy:/opt/ros/jazzy /usr/bin/cmake /home/lexij/rose_lab/src/gantry_lidar_interfaces -DCMAKE_INSTALL_PREFIX=/home/lexij/rose_lab/install/gantry_lidar_interfaces
[0.818s] INFO:colcon.colcon_core.task.python.build:Building Python package in '/home/lexij/rose_lab/rose_lidar/src/gantry_path'
[0.818s] INFO:colcon.colcon_core.shell:Skip shell extension 'powershell' for command environment: Not usable outside of PowerShell
[0.818s] DEBUG:colcon.colcon_core.shell:Skip shell extension 'dsv' for command environment
[1.536s] DEBUG:colcon.colcon_core.event_handler.log_command:Invoking command in '/home/lexij/rose_lab/src/dummy': PYTHONPATH=/home/lexij/rose_lab/build/dummy/prefix_override:/usr/lib/python3/dist-packages/colcon_core/task/python/colcon_distutils_commands:/home/lexij/rose_lab/install/dummy/lib/python3.12/site-packages:${PYTHONPATH} /usr/bin/python3 -W ignore:setup.py install is deprecated -W ignore:easy_install command is deprecated setup.py egg_info --egg-base ../../build/dummy build --build-base /home/lexij/rose_lab/build/dummy/build install --record /home/lexij/rose_lab/build/dummy/install.log --single-version-externally-managed install_data
[1.547s] DEBUG:colcon.colcon_core.event_handler.log_command:Invoking command in '/home/lexij/rose_lab/rose_lidar/src/gantry_path': PYTHONPATH=/home/lexij/rose_lab/build/gantry_path/prefix_override:/usr/lib/python3/dist-packages/colcon_core/task/python/colcon_distutils_commands:/home/lexij/rose_lab/install/gantry_path/lib/python3.12/site-packages:${PYTHONPATH} /usr/bin/python3 -W ignore:setup.py install is deprecated -W ignore:easy_install command is deprecated setup.py egg_info --egg-base ../../../build/gantry_path build --build-base /home/lexij/rose_lab/build/gantry_path/build install --record /home/lexij/rose_lab/build/gantry_path/install.log --single-version-externally-managed install_data
[1.902s] DEBUG:colcon.colcon_core.event_handler.log_command:Invoked command in '/home/lexij/rose_lab/src/dummy' returned '0': PYTHONPATH=/home/lexij/rose_lab/build/dummy/prefix_override:/usr/lib/python3/dist-packages/colcon_core/task/python/colcon_distutils_commands:/home/lexij/rose_lab/install/dummy/lib/python3.12/site-packages:${PYTHONPATH} /usr/bin/python3 -W ignore:setup.py install is deprecated -W ignore:easy_install command is deprecated setup.py egg_info --egg-base ../../build/dummy build --build-base /home/lexij/rose_lab/build/dummy/build install --record /home/lexij/rose_lab/build/dummy/install.log --single-version-externally-managed install_data
[1.909s] Level 1:colcon.colcon_core.environment:checking '/home/lexij/rose_lab/install/dummy' for CMake module files
[1.909s] Level 1:colcon.colcon_core.environment:checking '/home/lexij/rose_lab/install/dummy' for CMake config files
[1.910s] Level 1:colcon.colcon_core.environment:checking '/home/lexij/rose_lab/install/dummy/lib'
[1.910s] Level 1:colcon.colcon_core.environment:checking '/home/lexij/rose_lab/install/dummy/bin'
[1.910s] Level 1:colcon.colcon_core.environment:checking '/home/lexij/rose_lab/install/dummy/lib/pkgconfig/dummy.pc'
[1.910s] Level 1:colcon.colcon_core.environment:checking '/home/lexij/rose_lab/install/dummy/lib/python3.12/site-packages'
[1.910s] Level 1:colcon.colcon_core.shell:create_environment_hook('dummy', 'pythonpath')
[1.910s] INFO:colcon.colcon_core.shell:Creating environment hook '/home/lexij/rose_lab/install/dummy/share/dummy/hook/pythonpath.ps1'
[1.911s] INFO:colcon.colcon_core.shell:Creating environment descriptor '/home/lexij/rose_lab/install/dummy/share/dummy/hook/pythonpath.dsv'
[1.911s] INFO:colcon.colcon_core.shell:Creating environment hook '/home/lexij/rose_lab/install/dummy/share/dummy/hook/pythonpath.sh'
[1.911s] Level 1:colcon.colcon_core.environment:checking '/home/lexij/rose_lab/install/dummy/bin'
[1.911s] Level 1:colcon.colcon_core.environment:create_environment_scripts_only(dummy)
[1.911s] INFO:colcon.colcon_core.shell:Creating package script '/home/lexij/rose_lab/install/dummy/share/dummy/package.ps1'
[1.912s] INFO:colcon.colcon_core.shell:Creating package descriptor '/home/lexij/rose_lab/install/dummy/share/dummy/package.dsv'
[1.913s] INFO:colcon.colcon_core.shell:Creating package script '/home/lexij/rose_lab/install/dummy/share/dummy/package.sh'
[1.914s] INFO:colcon.colcon_core.shell:Creating package script '/home/lexij/rose_lab/install/dummy/share/dummy/package.bash'
[1.914s] INFO:colcon.colcon_core.shell:Creating package script '/home/lexij/rose_lab/install/dummy/share/dummy/package.zsh'
[1.915s] Level 1:colcon.colcon_core.environment:create_file_with_runtime_dependencies(/home/lexij/rose_lab/install/dummy/share/colcon-core/packages/dummy)
[1.917s] Level 1:colcon.colcon_core.environment:checking '/home/lexij/rose_lab/install/gantry_path' for CMake module files
[1.917s] DEBUG:colcon.colcon_core.event_handler.log_command:Invoked command in '/home/lexij/rose_lab/rose_lidar/src/gantry_path' returned '0': PYTHONPATH=/home/lexij/rose_lab/build/gantry_path/prefix_override:/usr/lib/python3/dist-packages/colcon_core/task/python/colcon_distutils_commands:/home/lexij/rose_lab/install/gantry_path/lib/python3.12/site-packages:${PYTHONPATH} /usr/bin/python3 -W ignore:setup.py install is deprecated -W ignore:easy_install command is deprecated setup.py egg_info --egg-base ../../../build/gantry_path build --build-base /home/lexij/rose_lab/build/gantry_path/build install --record /home/lexij/rose_lab/build/gantry_path/install.log --single-version-externally-managed install_data
[1.918s] Level 1:colcon.colcon_core.environment:checking '/home/lexij/rose_lab/install/gantry_path' for CMake config files
[1.918s] Level 1:colcon.colcon_core.environment:checking '/home/lexij/rose_lab/install/gantry_path/lib'
[1.918s] Level 1:colcon.colcon_core.environment:checking '/home/lexij/rose_lab/install/gantry_path/bin'
[1.918s] Level 1:colcon.colcon_core.environment:checking '/home/lexij/rose_lab/install/gantry_path/lib/pkgconfig/gantry_path.pc'
[1.919s] Level 1:colcon.colcon_core.environment:checking '/home/lexij/rose_lab/install/gantry_path/lib/python3.12/site-packages'
[1.919s] Level 1:colcon.colcon_core.shell:create_environment_hook('gantry_path', 'pythonpath')
[1.919s] INFO:colcon.colcon_core.shell:Creating environment hook '/home/lexij/rose_lab/install/gantry_path/share/gantry_path/hook/pythonpath.ps1'
[1.919s] INFO:colcon.colcon_core.shell:Creating environment descriptor '/home/lexij/rose_lab/install/gantry_path/share/gantry_path/hook/pythonpath.dsv'
[1.919s] INFO:colcon.colcon_core.shell:Creating environment hook '/home/lexij/rose_lab/install/gantry_path/share/gantry_path/hook/pythonpath.sh'
[1.920s] Level 1:colcon.colcon_core.environment:checking '/home/lexij/rose_lab/install/gantry_path/bin'
[1.920s] Level 1:colcon.colcon_core.environment:create_environment_scripts_only(gantry_path)
[1.920s] INFO:colcon.colcon_core.shell:Creating package script '/home/lexij/rose_lab/install/gantry_path/share/gantry_path/package.ps1'
[1.920s] INFO:colcon.colcon_core.shell:Creating package descriptor '/home/lexij/rose_lab/install/gantry_path/share/gantry_path/package.dsv'
[1.920s] INFO:colcon.colcon_core.shell:Creating package script '/home/lexij/rose_lab/install/gantry_path/share/gantry_path/package.sh'
[1.921s] INFO:colcon.colcon_core.shell:Creating package script '/home/lexij/rose_lab/install/gantry_path/share/gantry_path/package.bash'
[1.921s] INFO:colcon.colcon_core.shell:Creating package script '/home/lexij/rose_lab/install/gantry_path/share/gantry_path/package.zsh'
[1.921s] Level 1:colcon.colcon_core.environment:create_file_with_runtime_dependencies(/home/lexij/rose_lab/install/gantry_path/share/colcon-core/packages/gantry_path)
[5.142s] DEBUG:colcon.colcon_core.event_handler.log_command:Invoked command in '/home/lexij/rose_lab/build/gantry_lidar_interfaces' returned '0': CMAKE_PREFIX_PATH=${CMAKE_PREFIX_PATH}:/home/lexij/rose_lab/install/gantry_path:/home/lexij/rose_lab/install/dummy:/opt/ros/jazzy /usr/bin/cmake /home/lexij/rose_lab/src/gantry_lidar_interfaces -DCMAKE_INSTALL_PREFIX=/home/lexij/rose_lab/install/gantry_lidar_interfaces
[5.144s] DEBUG:colcon.colcon_core.event_handler.log_command:Invoking command in '/home/lexij/rose_lab/build/gantry_lidar_interfaces': CMAKE_PREFIX_PATH=${CMAKE_PREFIX_PATH}:/home/lexij/rose_lab/install/gantry_path:/home/lexij/rose_lab/install/dummy:/opt/ros/jazzy /usr/bin/cmake --build /home/lexij/rose_lab/build/gantry_lidar_interfaces -- -j22 -l22
[8.976s] DEBUG:colcon.colcon_core.event_handler.log_command:Invoked command in '/home/lexij/rose_lab/build/gantry_lidar_interfaces' returned '0': CMAKE_PREFIX_PATH=${CMAKE_PREFIX_PATH}:/home/lexij/rose_lab/install/gantry_path:/home/lexij/rose_lab/install/dummy:/opt/ros/jazzy /usr/bin/cmake --build /home/lexij/rose_lab/build/gantry_lidar_interfaces -- -j22 -l22
[8.984s] DEBUG:colcon.colcon_core.event_handler.log_command:Invoking command in '/home/lexij/rose_lab/build/gantry_lidar_interfaces': CMAKE_PREFIX_PATH=${CMAKE_PREFIX_PATH}:/home/lexij/rose_lab/install/gantry_path:/home/lexij/rose_lab/install/dummy:/opt/ros/jazzy /usr/bin/cmake --install /home/lexij/rose_lab/build/gantry_lidar_interfaces
[9.060s] Level 1:colcon.colcon_core.environment:create_environment_scripts_only(gantry_lidar_interfaces)
[9.060s] DEBUG:colcon.colcon_core.event_handler.log_command:Invoked command in '/home/lexij/rose_lab/build/gantry_lidar_interfaces' returned '0': CMAKE_PREFIX_PATH=${CMAKE_PREFIX_PATH}:/home/lexij/rose_lab/install/gantry_path:/home/lexij/rose_lab/install/dummy:/opt/ros/jazzy /usr/bin/cmake --install /home/lexij/rose_lab/build/gantry_lidar_interfaces
[9.061s] Level 1:colcon.colcon_core.environment:checking '/home/lexij/rose_lab/install/gantry_lidar_interfaces' for CMake module files
[9.061s] Level 1:colcon.colcon_core.environment:checking '/home/lexij/rose_lab/install/gantry_lidar_interfaces' for CMake config files
[9.062s] Level 1:colcon.colcon_core.shell:create_environment_hook('gantry_lidar_interfaces', 'cmake_prefix_path')
[9.062s] INFO:colcon.colcon_core.shell:Creating environment hook '/home/lexij/rose_lab/install/gantry_lidar_interfaces/share/gantry_lidar_interfaces/hook/cmake_prefix_path.ps1'
[9.062s] INFO:colcon.colcon_core.shell:Creating environment descriptor '/home/lexij/rose_lab/install/gantry_lidar_interfaces/share/gantry_lidar_interfaces/hook/cmake_prefix_path.dsv'
[9.063s] INFO:colcon.colcon_core.shell:Creating environment hook '/home/lexij/rose_lab/install/gantry_lidar_interfaces/share/gantry_lidar_interfaces/hook/cmake_prefix_path.sh'
[9.063s] Level 1:colcon.colcon_core.environment:checking '/home/lexij/rose_lab/install/gantry_lidar_interfaces/lib'
[9.063s] Level 1:colcon.colcon_core.shell:create_environment_hook('gantry_lidar_interfaces', 'ld_library_path_lib')
[9.063s] INFO:colcon.colcon_core.shell:Creating environment hook '/home/lexij/rose_lab/install/gantry_lidar_interfaces/share/gantry_lidar_interfaces/hook/ld_library_path_lib.ps1'
[9.063s] INFO:colcon.colcon_core.shell:Creating environment descriptor '/home/lexij/rose_lab/install/gantry_lidar_interfaces/share/gantry_lidar_interfaces/hook/ld_library_path_lib.dsv'
[9.064s] INFO:colcon.colcon_core.shell:Creating environment hook '/home/lexij/rose_lab/install/gantry_lidar_interfaces/share/gantry_lidar_interfaces/hook/ld_library_path_lib.sh'
[9.064s] Level 1:colcon.colcon_core.environment:checking '/home/lexij/rose_lab/install/gantry_lidar_interfaces/bin'
[9.064s] Level 1:colcon.colcon_core.environment:checking '/home/lexij/rose_lab/install/gantry_lidar_interfaces/lib/pkgconfig/gantry_lidar_interfaces.pc'
[9.064s] Level 1:colcon.colcon_core.environment:checking '/home/lexij/rose_lab/install/gantry_lidar_interfaces/lib/python3.12/site-packages'
[9.064s] Level 1:colcon.colcon_core.shell:create_environment_hook('gantry_lidar_interfaces', 'pythonpath')
[9.064s] INFO:colcon.colcon_core.shell:Creating environment hook '/home/lexij/rose_lab/install/gantry_lidar_interfaces/share/gantry_lidar_interfaces/hook/pythonpath.ps1'
[9.065s] INFO:colcon.colcon_core.shell:Creating environment descriptor '/home/lexij/rose_lab/install/gantry_lidar_interfaces/share/gantry_lidar_interfaces/hook/pythonpath.dsv'
[9.065s] INFO:colcon.colcon_core.shell:Creating environment hook '/home/lexij/rose_lab/install/gantry_lidar_interfaces/share/gantry_lidar_interfaces/hook/pythonpath.sh'
[9.066s] Level 1:colcon.colcon_core.environment:checking '/home/lexij/rose_lab/install/gantry_lidar_interfaces/bin'
[9.066s] INFO:colcon.colcon_core.shell:Creating package script '/home/lexij/rose_lab/install/gantry_lidar_interfaces/share/gantry_lidar_interfaces/package.ps1'
[9.066s] INFO:colcon.colcon_core.shell:Creating package descriptor '/home/lexij/rose_lab/install/gantry_lidar_interfaces/share/gantry_lidar_interfaces/package.dsv'
[9.067s] INFO:colcon.colcon_core.shell:Creating package script '/home/lexij/rose_lab/install/gantry_lidar_interfaces/share/gantry_lidar_interfaces/package.sh'
[9.067s] INFO:colcon.colcon_core.shell:Creating package script '/home/lexij/rose_lab/install/gantry_lidar_interfaces/share/gantry_lidar_interfaces/package.bash'
[9.068s] INFO:colcon.colcon_core.shell:Creating package script '/home/lexij/rose_lab/install/gantry_lidar_interfaces/share/gantry_lidar_interfaces/package.zsh'
[9.068s] Level 1:colcon.colcon_core.environment:create_file_with_runtime_dependencies(/home/lexij/rose_lab/install/gantry_lidar_interfaces/share/colcon-core/packages/gantry_lidar_interfaces)
[9.069s] Level 1:colcon.colcon_core.environment:create_environment_scripts_only(gantry_lidar_interfaces)
[9.070s] Level 1:colcon.colcon_core.environment:checking '/home/lexij/rose_lab/install/gantry_lidar_interfaces' for CMake module files
[9.070s] Level 1:colcon.colcon_core.environment:checking '/home/lexij/rose_lab/install/gantry_lidar_interfaces' for CMake config files
[9.071s] Level 1:colcon.colcon_core.shell:create_environment_hook('gantry_lidar_interfaces', 'cmake_prefix_path')
[9.071s] INFO:colcon.colcon_core.shell:Creating environment hook '/home/lexij/rose_lab/install/gantry_lidar_interfaces/share/gantry_lidar_interfaces/hook/cmake_prefix_path.ps1'
[9.071s] INFO:colcon.colcon_core.shell:Creating environment descriptor '/home/lexij/rose_lab/install/gantry_lidar_interfaces/share/gantry_lidar_interfaces/hook/cmake_prefix_path.dsv'
[9.072s] INFO:colcon.colcon_core.shell:Creating environment hook '/home/lexij/rose_lab/install/gantry_lidar_interfaces/share/gantry_lidar_interfaces/hook/cmake_prefix_path.sh'
[9.072s] Level 1:colcon.colcon_core.environment:checking '/home/lexij/rose_lab/install/gantry_lidar_interfaces/lib'
[9.072s] Level 1:colcon.colcon_core.shell:create_environment_hook('gantry_lidar_interfaces', 'ld_library_path_lib')
[9.073s] INFO:colcon.colcon_core.shell:Creating environment hook '/home/lexij/rose_lab/install/gantry_lidar_interfaces/share/gantry_lidar_interfaces/hook/ld_library_path_lib.ps1'
[9.073s] INFO:colcon.colcon_core.shell:Creating environment descriptor '/home/lexij/rose_lab/install/gantry_lidar_interfaces/share/gantry_lidar_interfaces/hook/ld_library_path_lib.dsv'
[9.073s] INFO:colcon.colcon_core.shell:Creating environment hook '/home/lexij/rose_lab/install/gantry_lidar_interfaces/share/gantry_lidar_interfaces/hook/ld_library_path_lib.sh'
[9.074s] Level 1:colcon.colcon_core.environment:checking '/home/lexij/rose_lab/install/gantry_lidar_interfaces/bin'
[9.074s] Level 1:colcon.colcon_core.environment:checking '/home/lexij/rose_lab/install/gantry_lidar_interfaces/lib/pkgconfig/gantry_lidar_interfaces.pc'
[9.074s] Level 1:colcon.colcon_core.environment:checking '/home/lexij/rose_lab/install/gantry_lidar_interfaces/lib/python3.12/site-packages'
[9.074s] Level 1:colcon.colcon_core.shell:create_environment_hook('gantry_lidar_interfaces', 'pythonpath')
[9.075s] INFO:colcon.colcon_core.shell:Creating environment hook '/home/lexij/rose_lab/install/gantry_lidar_interfaces/share/gantry_lidar_interfaces/hook/pythonpath.ps1'
[9.075s] INFO:colcon.colcon_core.shell:Creating environment descriptor '/home/lexij/rose_lab/install/gantry_lidar_interfaces/share/gantry_lidar_interfaces/hook/pythonpath.dsv'
[9.075s] INFO:colcon.colcon_core.shell:Creating environment hook '/home/lexij/rose_lab/install/gantry_lidar_interfaces/share/gantry_lidar_interfaces/hook/pythonpath.sh'
[9.076s] Level 1:colcon.colcon_core.environment:checking '/home/lexij/rose_lab/install/gantry_lidar_interfaces/bin'
[9.076s] INFO:colcon.colcon_core.shell:Creating package script '/home/lexij/rose_lab/install/gantry_lidar_interfaces/share/gantry_lidar_interfaces/package.ps1'
[9.077s] INFO:colcon.colcon_core.shell:Creating package descriptor '/home/lexij/rose_lab/install/gantry_lidar_interfaces/share/gantry_lidar_interfaces/package.dsv'
[9.077s] INFO:colcon.colcon_core.shell:Creating package script '/home/lexij/rose_lab/install/gantry_lidar_interfaces/share/gantry_lidar_interfaces/package.sh'
[9.078s] INFO:colcon.colcon_core.shell:Creating package script '/home/lexij/rose_lab/install/gantry_lidar_interfaces/share/gantry_lidar_interfaces/package.bash'
[9.078s] INFO:colcon.colcon_core.shell:Creating package script '/home/lexij/rose_lab/install/gantry_lidar_interfaces/share/gantry_lidar_interfaces/package.zsh'
[9.079s] Level 1:colcon.colcon_core.environment:create_file_with_runtime_dependencies(/home/lexij/rose_lab/install/gantry_lidar_interfaces/share/colcon-core/packages/gantry_lidar_interfaces)
[9.079s] DEBUG:colcon.colcon_parallel_executor.executor.parallel:closing loop
[9.080s] DEBUG:colcon.colcon_parallel_executor.executor.parallel:loop closed
[9.080s] DEBUG:colcon.colcon_parallel_executor.executor.parallel:run_until_complete finished with '0'
[9.080s] DEBUG:colcon.colcon_core.event_reactor:joining thread
[9.141s] INFO:colcon.colcon_core.plugin_system:Skipping extension 'colcon_notification.desktop_notification.notify_send': Could not find 'notify-send'
[9.141s] INFO:colcon.colcon_core.plugin_system:Skipping extension 'colcon_notification.desktop_notification.terminal_notifier': Not used on non-Darwin systems
[9.141s] INFO:colcon.colcon_core.plugin_system:Skipping extension 'colcon_notification.desktop_notification.win32': Not used on non-Windows systems
[9.141s] INFO:colcon.colcon_notification.desktop_notification:Sending desktop notification using 'notify2'
[9.143s] DEBUG:colcon.colcon_notification.desktop_notification.notify2:Failed to initialize notify2: org.freedesktop.DBus.Error.ServiceUnknown: The name org.freedesktop.Notifications was not provided by any .service files
[9.143s] DEBUG:colcon.colcon_core.event_reactor:joined thread
[9.143s] INFO:colcon.colcon_core.shell:Creating prefix script '/home/lexij/rose_lab/install/local_setup.ps1'
[9.144s] INFO:colcon.colcon_core.shell:Creating prefix util module '/home/lexij/rose_lab/install/_local_setup_util_ps1.py'
[9.145s] INFO:colcon.colcon_core.shell:Creating prefix chain script '/home/lexij/rose_lab/install/setup.ps1'
[9.146s] INFO:colcon.colcon_core.shell:Creating prefix script '/home/lexij/rose_lab/install/local_setup.sh'
[9.147s] INFO:colcon.colcon_core.shell:Creating prefix util module '/home/lexij/rose_lab/install/_local_setup_util_sh.py'
[9.147s] INFO:colcon.colcon_core.shell:Creating prefix chain script '/home/lexij/rose_lab/install/setup.sh'
[9.148s] INFO:colcon.colcon_core.shell:Creating prefix script '/home/lexij/rose_lab/install/local_setup.bash'
[9.149s] INFO:colcon.colcon_core.shell:Creating prefix chain script '/home/lexij/rose_lab/install/setup.bash'
[9.150s] INFO:colcon.colcon_core.shell:Creating prefix script '/home/lexij/rose_lab/install/local_setup.zsh'
[9.150s] INFO:colcon.colcon_core.shell:Creating prefix chain script '/home/lexij/rose_lab/install/setup.zsh'
