[0.610s] DEBUG:colcon:Command line arguments: ['/usr/bin/colcon', 'build']
[0.610s] DEBUG:colcon:Parsed command line arguments: Namespace(log_base=None, log_level=None, verb_name='build', build_base='build', install_base='install', merge_install=False, symlink_install=False, test_result_base=None, continue_on_error=False, executor='parallel', parallel_workers=22, event_handlers=None, ignore_user_meta=False, metas=['./colcon.meta'], base_paths=['.'], packages_ignore=None, packages_ignore_regex=None, paths=None, packages_up_to=None, packages_up_to_regex=None, packages_above=None, packages_above_and_dependencies=None, packages_above_depth=None, packages_select_by_dep=None, packages_skip_by_dep=None, packages_skip_up_to=None, packages_select_build_failed=False, packages_skip_build_finished=False, packages_select_test_failures=False, packages_skip_test_passed=False, packages_select=None, packages_skip=None, packages_select_regex=None, packages_skip_regex=None, packages_start=None, packages_end=None, allow_overriding=[], cmake_args=None, cmake_target=None, cmake_target_skip_unavailable=False, cmake_clean_cache=False, cmake_clean_first=False, cmake_force_configure=False, ament_cmake_args=None, catkin_cmake_args=None, catkin_skip_building_tests=False, mixin_files=None, mixin=None, verb_parser=<colcon_mixin.mixin.mixin_argument.MixinArgumentDecorator object at 0x76a85c9997f0>, verb_extension=<colcon_core.verb.build.BuildVerb object at 0x76a85cab5f10>, main=<bound method BuildVerb.main of <colcon_core.verb.build.BuildVerb object at 0x76a85cab5f10>>, mixin_verb=('build',))
[0.726s] Level 1:colcon.colcon_core.package_discovery:discover_packages(colcon_meta) check parameters
[0.727s] Level 1:colcon.colcon_core.package_discovery:discover_packages(recursive) check parameters
[0.727s] Level 1:colcon.colcon_core.package_discovery:discover_packages(ignore) check parameters
[0.727s] Level 1:colcon.colcon_core.package_discovery:discover_packages(path) check parameters
[0.727s] Level 1:colcon.colcon_core.package_discovery:discover_packages(colcon_meta) discover
[0.727s] Level 1:colcon.colcon_core.package_discovery:discover_packages(recursive) discover
[0.727s] INFO:colcon.colcon_core.package_discovery:Crawling recursively for packages in '/home/lexij/rose_lab'
[0.727s] Level 1:colcon.colcon_core.package_identification:_identify(.) by extensions ['ignore', 'ignore_ament_install']
[0.727s] Level 1:colcon.colcon_core.package_identification:_identify(.) by extension 'ignore'
[0.727s] Level 1:colcon.colcon_core.package_identification:_identify(.) by extension 'ignore_ament_install'
[0.727s] Level 1:colcon.colcon_core.package_identification:_identify(.) by extensions ['colcon_pkg']
[0.727s] Level 1:colcon.colcon_core.package_identification:_identify(.) by extension 'colcon_pkg'
[0.727s] Level 1:colcon.colcon_core.package_identification:_identify(.) by extensions ['colcon_meta']
[0.727s] Level 1:colcon.colcon_core.package_identification:_identify(.) by extension 'colcon_meta'
[0.727s] Level 1:colcon.colcon_core.package_identification:_identify(.) by extensions ['ros']
[0.727s] Level 1:colcon.colcon_core.package_identification:_identify(.) by extension 'ros'
[0.776s] Level 1:colcon.colcon_core.package_identification:_identify(.) by extensions ['cmake', 'python']
[0.776s] Level 1:colcon.colcon_core.package_identification:_identify(.) by extension 'cmake'
[0.776s] Level 1:colcon.colcon_core.package_identification:_identify(.) by extension 'python'
[0.776s] Level 1:colcon.colcon_core.package_identification:_identify(.) by extensions ['python_setup_py']
[0.776s] Level 1:colcon.colcon_core.package_identification:_identify(.) by extension 'python_setup_py'
[0.776s] Level 1:colcon.colcon_core.package_identification:_identify(build) by extensions ['ignore', 'ignore_ament_install']
[0.776s] Level 1:colcon.colcon_core.package_identification:_identify(build) by extension 'ignore'
[0.776s] Level 1:colcon.colcon_core.package_identification:_identify(build) ignored
[0.776s] Level 1:colcon.colcon_core.package_identification:_identify(dummy) by extensions ['ignore', 'ignore_ament_install']
[0.777s] Level 1:colcon.colcon_core.package_identification:_identify(dummy) by extension 'ignore'
[0.777s] Level 1:colcon.colcon_core.package_identification:_identify(dummy) by extension 'ignore_ament_install'
[0.777s] Level 1:colcon.colcon_core.package_identification:_identify(dummy) by extensions ['colcon_pkg']
[0.777s] Level 1:colcon.colcon_core.package_identification:_identify(dummy) by extension 'colcon_pkg'
[0.777s] Level 1:colcon.colcon_core.package_identification:_identify(dummy) by extensions ['colcon_meta']
[0.777s] Level 1:colcon.colcon_core.package_identification:_identify(dummy) by extension 'colcon_meta'
[0.777s] Level 1:colcon.colcon_core.package_identification:_identify(dummy) by extensions ['ros']
[0.777s] Level 1:colcon.colcon_core.package_identification:_identify(dummy) by extension 'ros'
[0.782s] DEBUG:colcon.colcon_core.package_identification:Package 'dummy' with type 'ros.ament_python' and name 'dummy'
[0.782s] Level 1:colcon.colcon_core.package_identification:_identify(install) by extensions ['ignore', 'ignore_ament_install']
[0.782s] Level 1:colcon.colcon_core.package_identification:_identify(install) by extension 'ignore'
[0.782s] Level 1:colcon.colcon_core.package_identification:_identify(install) ignored
[0.782s] Level 1:colcon.colcon_core.package_identification:_identify(log) by extensions ['ignore', 'ignore_ament_install']
[0.782s] Level 1:colcon.colcon_core.package_identification:_identify(log) by extension 'ignore'
[0.783s] Level 1:colcon.colcon_core.package_identification:_identify(log) ignored
[0.783s] Level 1:colcon.colcon_core.package_identification:_identify(rose_lidar) by extensions ['ignore', 'ignore_ament_install']
[0.783s] Level 1:colcon.colcon_core.package_identification:_identify(rose_lidar) by extension 'ignore'
[0.783s] Level 1:colcon.colcon_core.package_identification:_identify(rose_lidar) by extension 'ignore_ament_install'
[0.784s] Level 1:colcon.colcon_core.package_identification:_identify(rose_lidar) by extensions ['colcon_pkg']
[0.784s] Level 1:colcon.colcon_core.package_identification:_identify(rose_lidar) by extension 'colcon_pkg'
[0.784s] Level 1:colcon.colcon_core.package_identification:_identify(rose_lidar) by extensions ['colcon_meta']
[0.784s] Level 1:colcon.colcon_core.package_identification:_identify(rose_lidar) by extension 'colcon_meta'
[0.784s] Level 1:colcon.colcon_core.package_identification:_identify(rose_lidar) by extensions ['ros']
[0.784s] Level 1:colcon.colcon_core.package_identification:_identify(rose_lidar) by extension 'ros'
[0.784s] Level 1:colcon.colcon_core.package_identification:_identify(rose_lidar) by extensions ['cmake', 'python']
[0.784s] Level 1:colcon.colcon_core.package_identification:_identify(rose_lidar) by extension 'cmake'
[0.784s] Level 1:colcon.colcon_core.package_identification:_identify(rose_lidar) by extension 'python'
[0.784s] Level 1:colcon.colcon_core.package_identification:_identify(rose_lidar) by extensions ['python_setup_py']
[0.784s] Level 1:colcon.colcon_core.package_identification:_identify(rose_lidar) by extension 'python_setup_py'
[0.785s] Level 1:colcon.colcon_core.package_identification:_identify(rose_lidar/build) by extensions ['ignore', 'ignore_ament_install']
[0.785s] Level 1:colcon.colcon_core.package_identification:_identify(rose_lidar/build) by extension 'ignore'
[0.785s] Level 1:colcon.colcon_core.package_identification:_identify(rose_lidar/build) ignored
[0.786s] Level 1:colcon.colcon_core.package_identification:_identify(rose_lidar/install) by extensions ['ignore', 'ignore_ament_install']
[0.786s] Level 1:colcon.colcon_core.package_identification:_identify(rose_lidar/install) by extension 'ignore'
[0.786s] Level 1:colcon.colcon_core.package_identification:_identify(rose_lidar/install) ignored
[0.787s] Level 1:colcon.colcon_core.package_identification:_identify(rose_lidar/log) by extensions ['ignore', 'ignore_ament_install']
[0.787s] Level 1:colcon.colcon_core.package_identification:_identify(rose_lidar/log) by extension 'ignore'
[0.787s] Level 1:colcon.colcon_core.package_identification:_identify(rose_lidar/log) ignored
[0.787s] Level 1:colcon.colcon_core.package_identification:_identify(rose_lidar/src) by extensions ['ignore', 'ignore_ament_install']
[0.787s] Level 1:colcon.colcon_core.package_identification:_identify(rose_lidar/src) by extension 'ignore'
[0.788s] Level 1:colcon.colcon_core.package_identification:_identify(rose_lidar/src) by extension 'ignore_ament_install'
[0.788s] Level 1:colcon.colcon_core.package_identification:_identify(rose_lidar/src) by extensions ['colcon_pkg']
[0.788s] Level 1:colcon.colcon_core.package_identification:_identify(rose_lidar/src) by extension 'colcon_pkg'
[0.788s] Level 1:colcon.colcon_core.package_identification:_identify(rose_lidar/src) by extensions ['colcon_meta']
[0.788s] Level 1:colcon.colcon_core.package_identification:_identify(rose_lidar/src) by extension 'colcon_meta'
[0.788s] Level 1:colcon.colcon_core.package_identification:_identify(rose_lidar/src) by extensions ['ros']
[0.788s] Level 1:colcon.colcon_core.package_identification:_identify(rose_lidar/src) by extension 'ros'
[0.788s] Level 1:colcon.colcon_core.package_identification:_identify(rose_lidar/src) by extensions ['cmake', 'python']
[0.788s] Level 1:colcon.colcon_core.package_identification:_identify(rose_lidar/src) by extension 'cmake'
[0.788s] Level 1:colcon.colcon_core.package_identification:_identify(rose_lidar/src) by extension 'python'
[0.788s] Level 1:colcon.colcon_core.package_identification:_identify(rose_lidar/src) by extensions ['python_setup_py']
[0.788s] Level 1:colcon.colcon_core.package_identification:_identify(rose_lidar/src) by extension 'python_setup_py'
[0.789s] Level 1:colcon.colcon_core.package_identification:_identify(rose_lidar/src/gantry_lidar_interfaces) by extensions ['ignore', 'ignore_ament_install']
[0.789s] Level 1:colcon.colcon_core.package_identification:_identify(rose_lidar/src/gantry_lidar_interfaces) by extension 'ignore'
[0.789s] Level 1:colcon.colcon_core.package_identification:_identify(rose_lidar/src/gantry_lidar_interfaces) by extension 'ignore_ament_install'
[0.789s] Level 1:colcon.colcon_core.package_identification:_identify(rose_lidar/src/gantry_lidar_interfaces) by extensions ['colcon_pkg']
[0.789s] Level 1:colcon.colcon_core.package_identification:_identify(rose_lidar/src/gantry_lidar_interfaces) by extension 'colcon_pkg'
[0.789s] Level 1:colcon.colcon_core.package_identification:_identify(rose_lidar/src/gantry_lidar_interfaces) by extensions ['colcon_meta']
[0.789s] Level 1:colcon.colcon_core.package_identification:_identify(rose_lidar/src/gantry_lidar_interfaces) by extension 'colcon_meta'
[0.789s] Level 1:colcon.colcon_core.package_identification:_identify(rose_lidar/src/gantry_lidar_interfaces) by extensions ['ros']
[0.789s] Level 1:colcon.colcon_core.package_identification:_identify(rose_lidar/src/gantry_lidar_interfaces) by extension 'ros'
[0.791s] DEBUG:colcon.colcon_core.package_identification:Package 'rose_lidar/src/gantry_lidar_interfaces' with type 'ros.ament_cmake' and name 'gantry_lidar_interfaces'
[0.792s] Level 1:colcon.colcon_core.package_identification:_identify(rose_lidar/src/gantry_path) by extensions ['ignore', 'ignore_ament_install']
[0.792s] Level 1:colcon.colcon_core.package_identification:_identify(rose_lidar/src/gantry_path) by extension 'ignore'
[0.792s] Level 1:colcon.colcon_core.package_identification:_identify(rose_lidar/src/gantry_path) by extension 'ignore_ament_install'
[0.792s] Level 1:colcon.colcon_core.package_identification:_identify(rose_lidar/src/gantry_path) by extensions ['colcon_pkg']
[0.792s] Level 1:colcon.colcon_core.package_identification:_identify(rose_lidar/src/gantry_path) by extension 'colcon_pkg'
[0.792s] Level 1:colcon.colcon_core.package_identification:_identify(rose_lidar/src/gantry_path) by extensions ['colcon_meta']
[0.792s] Level 1:colcon.colcon_core.package_identification:_identify(rose_lidar/src/gantry_path) by extension 'colcon_meta'
[0.792s] Level 1:colcon.colcon_core.package_identification:_identify(rose_lidar/src/gantry_path) by extensions ['ros']
[0.792s] Level 1:colcon.colcon_core.package_identification:_identify(rose_lidar/src/gantry_path) by extension 'ros'
[0.794s] DEBUG:colcon.colcon_core.package_identification:Package 'rose_lidar/src/gantry_path' with type 'ros.ament_python' and name 'gantry_path'
[0.794s] Level 1:colcon.colcon_core.package_discovery:discover_packages(recursive) using defaults
[0.794s] Level 1:colcon.colcon_core.package_discovery:discover_packages(ignore) discover
[0.794s] Level 1:colcon.colcon_core.package_discovery:discover_packages(ignore) using defaults
[0.794s] Level 1:colcon.colcon_core.package_discovery:discover_packages(path) discover
[0.794s] Level 1:colcon.colcon_core.package_discovery:discover_packages(path) using defaults
[0.840s] Level 1:colcon.colcon_core.package_discovery:discover_packages(prefix_path) check parameters
[0.840s] Level 1:colcon.colcon_core.package_discovery:discover_packages(prefix_path) discover
[0.848s] DEBUG:colcon.colcon_installed_package_information.package_discovery:Found 318 installed packages in /opt/ros/jazzy
[0.852s] Level 1:colcon.colcon_core.package_discovery:discover_packages(prefix_path) using defaults
[0.915s] Level 5:colcon.colcon_core.verb:set package 'dummy' build argument 'cmake_args' from command line to 'None'
[0.915s] Level 5:colcon.colcon_core.verb:set package 'dummy' build argument 'cmake_target' from command line to 'None'
[0.915s] Level 5:colcon.colcon_core.verb:set package 'dummy' build argument 'cmake_target_skip_unavailable' from command line to 'False'
[0.915s] Level 5:colcon.colcon_core.verb:set package 'dummy' build argument 'cmake_clean_cache' from command line to 'False'
[0.915s] Level 5:colcon.colcon_core.verb:set package 'dummy' build argument 'cmake_clean_first' from command line to 'False'
[0.915s] Level 5:colcon.colcon_core.verb:set package 'dummy' build argument 'cmake_force_configure' from command line to 'False'
[0.915s] Level 5:colcon.colcon_core.verb:set package 'dummy' build argument 'ament_cmake_args' from command line to 'None'
[0.915s] Level 5:colcon.colcon_core.verb:set package 'dummy' build argument 'catkin_cmake_args' from command line to 'None'
[0.915s] Level 5:colcon.colcon_core.verb:set package 'dummy' build argument 'catkin_skip_building_tests' from command line to 'False'
[0.915s] DEBUG:colcon.colcon_core.verb:Building package 'dummy' with the following arguments: {'ament_cmake_args': None, 'build_base': '/home/lexij/rose_lab/build/dummy', 'catkin_cmake_args': None, 'catkin_skip_building_tests': False, 'cmake_args': None, 'cmake_clean_cache': False, 'cmake_clean_first': False, 'cmake_force_configure': False, 'cmake_target': None, 'cmake_target_skip_unavailable': False, 'install_base': '/home/lexij/rose_lab/install/dummy', 'merge_install': False, 'path': '/home/lexij/rose_lab/dummy', 'symlink_install': False, 'test_result_base': None}
[0.915s] Level 5:colcon.colcon_core.verb:set package 'gantry_lidar_interfaces' build argument 'cmake_args' from command line to 'None'
[0.915s] Level 5:colcon.colcon_core.verb:set package 'gantry_lidar_interfaces' build argument 'cmake_target' from command line to 'None'
[0.915s] Level 5:colcon.colcon_core.verb:set package 'gantry_lidar_interfaces' build argument 'cmake_target_skip_unavailable' from command line to 'False'
[0.915s] Level 5:colcon.colcon_core.verb:set package 'gantry_lidar_interfaces' build argument 'cmake_clean_cache' from command line to 'False'
[0.915s] Level 5:colcon.colcon_core.verb:set package 'gantry_lidar_interfaces' build argument 'cmake_clean_first' from command line to 'False'
[0.915s] Level 5:colcon.colcon_core.verb:set package 'gantry_lidar_interfaces' build argument 'cmake_force_configure' from command line to 'False'
[0.915s] Level 5:colcon.colcon_core.verb:set package 'gantry_lidar_interfaces' build argument 'ament_cmake_args' from command line to 'None'
[0.915s] Level 5:colcon.colcon_core.verb:set package 'gantry_lidar_interfaces' build argument 'catkin_cmake_args' from command line to 'None'
[0.915s] Level 5:colcon.colcon_core.verb:set package 'gantry_lidar_interfaces' build argument 'catkin_skip_building_tests' from command line to 'False'
[0.915s] DEBUG:colcon.colcon_core.verb:Building package 'gantry_lidar_interfaces' with the following arguments: {'ament_cmake_args': None, 'build_base': '/home/lexij/rose_lab/build/gantry_lidar_interfaces', 'catkin_cmake_args': None, 'catkin_skip_building_tests': False, 'cmake_args': None, 'cmake_clean_cache': False, 'cmake_clean_first': False, 'cmake_force_configure': False, 'cmake_target': None, 'cmake_target_skip_unavailable': False, 'install_base': '/home/lexij/rose_lab/install/gantry_lidar_interfaces', 'merge_install': False, 'path': '/home/lexij/rose_lab/rose_lidar/src/gantry_lidar_interfaces', 'symlink_install': False, 'test_result_base': None}
[0.916s] Level 5:colcon.colcon_core.verb:set package 'gantry_path' build argument 'cmake_args' from command line to 'None'
[0.916s] Level 5:colcon.colcon_core.verb:set package 'gantry_path' build argument 'cmake_target' from command line to 'None'
[0.916s] Level 5:colcon.colcon_core.verb:set package 'gantry_path' build argument 'cmake_target_skip_unavailable' from command line to 'False'
[0.916s] Level 5:colcon.colcon_core.verb:set package 'gantry_path' build argument 'cmake_clean_cache' from command line to 'False'
[0.916s] Level 5:colcon.colcon_core.verb:set package 'gantry_path' build argument 'cmake_clean_first' from command line to 'False'
[0.916s] Level 5:colcon.colcon_core.verb:set package 'gantry_path' build argument 'cmake_force_configure' from command line to 'False'
[0.916s] Level 5:colcon.colcon_core.verb:set package 'gantry_path' build argument 'ament_cmake_args' from command line to 'None'
[0.916s] Level 5:colcon.colcon_core.verb:set package 'gantry_path' build argument 'catkin_cmake_args' from command line to 'None'
[0.916s] Level 5:colcon.colcon_core.verb:set package 'gantry_path' build argument 'catkin_skip_building_tests' from command line to 'False'
[0.916s] DEBUG:colcon.colcon_core.verb:Building package 'gantry_path' with the following arguments: {'ament_cmake_args': None, 'build_base': '/home/lexij/rose_lab/build/gantry_path', 'catkin_cmake_args': None, 'catkin_skip_building_tests': False, 'cmake_args': None, 'cmake_clean_cache': False, 'cmake_clean_first': False, 'cmake_force_configure': False, 'cmake_target': None, 'cmake_target_skip_unavailable': False, 'install_base': '/home/lexij/rose_lab/install/gantry_path', 'merge_install': False, 'path': '/home/lexij/rose_lab/rose_lidar/src/gantry_path', 'symlink_install': False, 'test_result_base': None}
[0.916s] INFO:colcon.colcon_core.executor:Executing jobs using 'parallel' executor
[0.917s] DEBUG:colcon.colcon_parallel_executor.executor.parallel:run_until_complete
[0.918s] INFO:colcon.colcon_ros.task.ament_python.build:Building ROS package in '/home/lexij/rose_lab/dummy' with build type 'ament_python'
[0.918s] Level 1:colcon.colcon_core.shell:create_environment_hook('dummy', 'ament_prefix_path')
[0.927s] INFO:colcon.colcon_core.plugin_system:Skipping extension 'colcon_core.shell.bat': Not used on non-Windows systems
[0.927s] INFO:colcon.colcon_core.shell:Creating environment hook '/home/lexij/rose_lab/install/dummy/share/dummy/hook/ament_prefix_path.ps1'
[0.930s] INFO:colcon.colcon_core.shell:Creating environment descriptor '/home/lexij/rose_lab/install/dummy/share/dummy/hook/ament_prefix_path.dsv'
[0.931s] INFO:colcon.colcon_core.shell:Creating environment hook '/home/lexij/rose_lab/install/dummy/share/dummy/hook/ament_prefix_path.sh'
[0.939s] INFO:colcon.colcon_core.shell:Skip shell extension 'powershell' for command environment: Not usable outside of PowerShell
[0.939s] DEBUG:colcon.colcon_core.shell:Skip shell extension 'dsv' for command environment
[0.944s] INFO:colcon.colcon_ros.task.ament_cmake.build:Building ROS package in '/home/lexij/rose_lab/rose_lidar/src/gantry_lidar_interfaces' with build type 'ament_cmake'
[0.945s] INFO:colcon.colcon_cmake.task.cmake.build:Building CMake package in '/home/lexij/rose_lab/rose_lidar/src/gantry_lidar_interfaces'
[0.946s] INFO:colcon.colcon_core.shell:Skip shell extension 'powershell' for command environment: Not usable outside of PowerShell
[0.946s] DEBUG:colcon.colcon_core.shell:Skip shell extension 'dsv' for command environment
[0.951s] INFO:colcon.colcon_ros.task.ament_python.build:Building ROS package in '/home/lexij/rose_lab/rose_lidar/src/gantry_path' with build type 'ament_python'
[0.951s] Level 1:colcon.colcon_core.shell:create_environment_hook('gantry_path', 'ament_prefix_path')
[0.951s] INFO:colcon.colcon_core.shell:Creating environment hook '/home/lexij/rose_lab/install/gantry_path/share/gantry_path/hook/ament_prefix_path.ps1'
[0.953s] INFO:colcon.colcon_core.shell:Creating environment descriptor '/home/lexij/rose_lab/install/gantry_path/share/gantry_path/hook/ament_prefix_path.dsv'
[0.954s] INFO:colcon.colcon_core.shell:Creating environment hook '/home/lexij/rose_lab/install/gantry_path/share/gantry_path/hook/ament_prefix_path.sh'
[0.954s] INFO:colcon.colcon_core.shell:Skip shell extension 'powershell' for command environment: Not usable outside of PowerShell
[0.954s] DEBUG:colcon.colcon_core.shell:Skip shell extension 'dsv' for command environment
[1.291s] INFO:colcon.colcon_core.task.python.build:Building Python package in '/home/lexij/rose_lab/dummy'
[1.292s] INFO:colcon.colcon_core.shell:Skip shell extension 'powershell' for command environment: Not usable outside of PowerShell
[1.292s] DEBUG:colcon.colcon_core.shell:Skip shell extension 'dsv' for command environment
[1.299s] DEBUG:colcon.colcon_core.event_handler.log_command:Invoking command in '/home/lexij/rose_lab/build/gantry_lidar_interfaces': CMAKE_PREFIX_PATH=${CMAKE_PREFIX_PATH}:/opt/ros/jazzy /usr/bin/cmake /home/lexij/rose_lab/rose_lidar/src/gantry_lidar_interfaces -DCMAKE_INSTALL_PREFIX=/home/lexij/rose_lab/install/gantry_lidar_interfaces
[1.587s] INFO:colcon.colcon_core.task.python.build:Building Python package in '/home/lexij/rose_lab/rose_lidar/src/gantry_path'
[1.587s] INFO:colcon.colcon_core.shell:Skip shell extension 'powershell' for command environment: Not usable outside of PowerShell
[1.587s] DEBUG:colcon.colcon_core.shell:Skip shell extension 'dsv' for command environment
[2.857s] DEBUG:colcon.colcon_core.event_handler.log_command:Invoking command in '/home/lexij/rose_lab/dummy': PYTHONPATH=/home/lexij/rose_lab/build/dummy/prefix_override:/usr/lib/python3/dist-packages/colcon_core/task/python/colcon_distutils_commands:/home/lexij/rose_lab/install/dummy/lib/python3.12/site-packages:${PYTHONPATH} /usr/bin/python3 -W ignore:setup.py install is deprecated -W ignore:easy_install command is deprecated setup.py egg_info --egg-base ../build/dummy build --build-base /home/lexij/rose_lab/build/dummy/build install --record /home/lexij/rose_lab/build/dummy/install.log --single-version-externally-managed install_data
[2.868s] DEBUG:colcon.colcon_core.event_handler.log_command:Invoking command in '/home/lexij/rose_lab/rose_lidar/src/gantry_path': PYTHONPATH=/home/lexij/rose_lab/build/gantry_path/prefix_override:/usr/lib/python3/dist-packages/colcon_core/task/python/colcon_distutils_commands:/home/lexij/rose_lab/install/gantry_path/lib/python3.12/site-packages:${PYTHONPATH} /usr/bin/python3 -W ignore:setup.py install is deprecated -W ignore:easy_install command is deprecated setup.py egg_info --egg-base ../../../build/gantry_path build --build-base /home/lexij/rose_lab/build/gantry_path/build install --record /home/lexij/rose_lab/build/gantry_path/install.log --single-version-externally-managed install_data
[3.561s] DEBUG:colcon.colcon_core.event_handler.log_command:Invoked command in '/home/lexij/rose_lab/dummy' returned '0': PYTHONPATH=/home/lexij/rose_lab/build/dummy/prefix_override:/usr/lib/python3/dist-packages/colcon_core/task/python/colcon_distutils_commands:/home/lexij/rose_lab/install/dummy/lib/python3.12/site-packages:${PYTHONPATH} /usr/bin/python3 -W ignore:setup.py install is deprecated -W ignore:easy_install command is deprecated setup.py egg_info --egg-base ../build/dummy build --build-base /home/lexij/rose_lab/build/dummy/build install --record /home/lexij/rose_lab/build/dummy/install.log --single-version-externally-managed install_data
[3.583s] Level 1:colcon.colcon_core.environment:checking '/home/lexij/rose_lab/install/dummy' for CMake module files
[3.583s] Level 1:colcon.colcon_core.environment:checking '/home/lexij/rose_lab/install/dummy' for CMake config files
[3.584s] Level 1:colcon.colcon_core.environment:checking '/home/lexij/rose_lab/install/dummy/lib'
[3.584s] Level 1:colcon.colcon_core.environment:checking '/home/lexij/rose_lab/install/dummy/bin'
[3.584s] Level 1:colcon.colcon_core.environment:checking '/home/lexij/rose_lab/install/dummy/lib/pkgconfig/dummy.pc'
[3.584s] Level 1:colcon.colcon_core.environment:checking '/home/lexij/rose_lab/install/dummy/lib/python3.12/site-packages'
[3.584s] Level 1:colcon.colcon_core.shell:create_environment_hook('dummy', 'pythonpath')
[3.584s] INFO:colcon.colcon_core.shell:Creating environment hook '/home/lexij/rose_lab/install/dummy/share/dummy/hook/pythonpath.ps1'
[3.585s] INFO:colcon.colcon_core.shell:Creating environment descriptor '/home/lexij/rose_lab/install/dummy/share/dummy/hook/pythonpath.dsv'
[3.585s] INFO:colcon.colcon_core.shell:Creating environment hook '/home/lexij/rose_lab/install/dummy/share/dummy/hook/pythonpath.sh'
[3.586s] Level 1:colcon.colcon_core.environment:checking '/home/lexij/rose_lab/install/dummy/bin'
[3.586s] Level 1:colcon.colcon_core.environment:create_environment_scripts_only(dummy)
[3.586s] INFO:colcon.colcon_core.shell:Creating package script '/home/lexij/rose_lab/install/dummy/share/dummy/package.ps1'
[3.587s] INFO:colcon.colcon_core.shell:Creating package descriptor '/home/lexij/rose_lab/install/dummy/share/dummy/package.dsv'
[3.589s] INFO:colcon.colcon_core.shell:Creating package script '/home/lexij/rose_lab/install/dummy/share/dummy/package.sh'
[3.590s] INFO:colcon.colcon_core.shell:Creating package script '/home/lexij/rose_lab/install/dummy/share/dummy/package.bash'
[3.592s] INFO:colcon.colcon_core.shell:Creating package script '/home/lexij/rose_lab/install/dummy/share/dummy/package.zsh'
[3.593s] Level 1:colcon.colcon_core.environment:create_file_with_runtime_dependencies(/home/lexij/rose_lab/install/dummy/share/colcon-core/packages/dummy)
[3.596s] Level 1:colcon.colcon_core.environment:checking '/home/lexij/rose_lab/install/gantry_path' for CMake module files
[3.597s] Level 1:colcon.colcon_core.environment:checking '/home/lexij/rose_lab/install/gantry_path' for CMake config files
[3.598s] DEBUG:colcon.colcon_core.event_handler.log_command:Invoked command in '/home/lexij/rose_lab/rose_lidar/src/gantry_path' returned '0': PYTHONPATH=/home/lexij/rose_lab/build/gantry_path/prefix_override:/usr/lib/python3/dist-packages/colcon_core/task/python/colcon_distutils_commands:/home/lexij/rose_lab/install/gantry_path/lib/python3.12/site-packages:${PYTHONPATH} /usr/bin/python3 -W ignore:setup.py install is deprecated -W ignore:easy_install command is deprecated setup.py egg_info --egg-base ../../../build/gantry_path build --build-base /home/lexij/rose_lab/build/gantry_path/build install --record /home/lexij/rose_lab/build/gantry_path/install.log --single-version-externally-managed install_data
[3.598s] Level 1:colcon.colcon_core.environment:checking '/home/lexij/rose_lab/install/gantry_path/lib'
[3.598s] Level 1:colcon.colcon_core.environment:checking '/home/lexij/rose_lab/install/gantry_path/bin'
[3.598s] Level 1:colcon.colcon_core.environment:checking '/home/lexij/rose_lab/install/gantry_path/lib/pkgconfig/gantry_path.pc'
[3.598s] Level 1:colcon.colcon_core.environment:checking '/home/lexij/rose_lab/install/gantry_path/lib/python3.12/site-packages'
[3.599s] Level 1:colcon.colcon_core.shell:create_environment_hook('gantry_path', 'pythonpath')
[3.599s] INFO:colcon.colcon_core.shell:Creating environment hook '/home/lexij/rose_lab/install/gantry_path/share/gantry_path/hook/pythonpath.ps1'
[3.599s] INFO:colcon.colcon_core.shell:Creating environment descriptor '/home/lexij/rose_lab/install/gantry_path/share/gantry_path/hook/pythonpath.dsv'
[3.600s] INFO:colcon.colcon_core.shell:Creating environment hook '/home/lexij/rose_lab/install/gantry_path/share/gantry_path/hook/pythonpath.sh'
[3.600s] Level 1:colcon.colcon_core.environment:checking '/home/lexij/rose_lab/install/gantry_path/bin'
[3.601s] Level 1:colcon.colcon_core.environment:create_environment_scripts_only(gantry_path)
[3.601s] INFO:colcon.colcon_core.shell:Creating package script '/home/lexij/rose_lab/install/gantry_path/share/gantry_path/package.ps1'
[3.602s] INFO:colcon.colcon_core.shell:Creating package descriptor '/home/lexij/rose_lab/install/gantry_path/share/gantry_path/package.dsv'
[3.603s] INFO:colcon.colcon_core.shell:Creating package script '/home/lexij/rose_lab/install/gantry_path/share/gantry_path/package.sh'
[3.604s] INFO:colcon.colcon_core.shell:Creating package script '/home/lexij/rose_lab/install/gantry_path/share/gantry_path/package.bash'
[3.605s] INFO:colcon.colcon_core.shell:Creating package script '/home/lexij/rose_lab/install/gantry_path/share/gantry_path/package.zsh'
[3.606s] Level 1:colcon.colcon_core.environment:create_file_with_runtime_dependencies(/home/lexij/rose_lab/install/gantry_path/share/colcon-core/packages/gantry_path)
[10.218s] DEBUG:colcon.colcon_core.event_handler.log_command:Invoked command in '/home/lexij/rose_lab/build/gantry_lidar_interfaces' returned '0': CMAKE_PREFIX_PATH=${CMAKE_PREFIX_PATH}:/opt/ros/jazzy /usr/bin/cmake /home/lexij/rose_lab/rose_lidar/src/gantry_lidar_interfaces -DCMAKE_INSTALL_PREFIX=/home/lexij/rose_lab/install/gantry_lidar_interfaces
[10.218s] DEBUG:colcon.colcon_core.event_handler.log_command:Invoking command in '/home/lexij/rose_lab/build/gantry_lidar_interfaces': CMAKE_PREFIX_PATH=${CMAKE_PREFIX_PATH}:/opt/ros/jazzy /usr/bin/cmake --build /home/lexij/rose_lab/build/gantry_lidar_interfaces -- -j22 -l22
[15.724s] DEBUG:colcon.colcon_core.event_handler.log_command:Invoked command in '/home/lexij/rose_lab/build/gantry_lidar_interfaces' returned '0': CMAKE_PREFIX_PATH=${CMAKE_PREFIX_PATH}:/opt/ros/jazzy /usr/bin/cmake --build /home/lexij/rose_lab/build/gantry_lidar_interfaces -- -j22 -l22
[15.736s] DEBUG:colcon.colcon_core.event_handler.log_command:Invoking command in '/home/lexij/rose_lab/build/gantry_lidar_interfaces': CMAKE_PREFIX_PATH=${CMAKE_PREFIX_PATH}:/opt/ros/jazzy /usr/bin/cmake --install /home/lexij/rose_lab/build/gantry_lidar_interfaces
[15.879s] Level 1:colcon.colcon_core.environment:create_environment_scripts_only(gantry_lidar_interfaces)
[15.879s] Level 1:colcon.colcon_core.environment:checking '/home/lexij/rose_lab/install/gantry_lidar_interfaces' for CMake module files
[15.880s] DEBUG:colcon.colcon_core.event_handler.log_command:Invoked command in '/home/lexij/rose_lab/build/gantry_lidar_interfaces' returned '0': CMAKE_PREFIX_PATH=${CMAKE_PREFIX_PATH}:/opt/ros/jazzy /usr/bin/cmake --install /home/lexij/rose_lab/build/gantry_lidar_interfaces
[15.880s] Level 1:colcon.colcon_core.environment:checking '/home/lexij/rose_lab/install/gantry_lidar_interfaces' for CMake config files
[15.881s] Level 1:colcon.colcon_core.shell:create_environment_hook('gantry_lidar_interfaces', 'cmake_prefix_path')
[15.881s] INFO:colcon.colcon_core.shell:Creating environment hook '/home/lexij/rose_lab/install/gantry_lidar_interfaces/share/gantry_lidar_interfaces/hook/cmake_prefix_path.ps1'
[15.882s] INFO:colcon.colcon_core.shell:Creating environment descriptor '/home/lexij/rose_lab/install/gantry_lidar_interfaces/share/gantry_lidar_interfaces/hook/cmake_prefix_path.dsv'
[15.882s] INFO:colcon.colcon_core.shell:Creating environment hook '/home/lexij/rose_lab/install/gantry_lidar_interfaces/share/gantry_lidar_interfaces/hook/cmake_prefix_path.sh'
[15.883s] Level 1:colcon.colcon_core.environment:checking '/home/lexij/rose_lab/install/gantry_lidar_interfaces/lib'
[15.883s] Level 1:colcon.colcon_core.shell:create_environment_hook('gantry_lidar_interfaces', 'ld_library_path_lib')
[15.883s] INFO:colcon.colcon_core.shell:Creating environment hook '/home/lexij/rose_lab/install/gantry_lidar_interfaces/share/gantry_lidar_interfaces/hook/ld_library_path_lib.ps1'
[15.884s] INFO:colcon.colcon_core.shell:Creating environment descriptor '/home/lexij/rose_lab/install/gantry_lidar_interfaces/share/gantry_lidar_interfaces/hook/ld_library_path_lib.dsv'
[15.885s] INFO:colcon.colcon_core.shell:Creating environment hook '/home/lexij/rose_lab/install/gantry_lidar_interfaces/share/gantry_lidar_interfaces/hook/ld_library_path_lib.sh'
[15.885s] Level 1:colcon.colcon_core.environment:checking '/home/lexij/rose_lab/install/gantry_lidar_interfaces/bin'
[15.885s] Level 1:colcon.colcon_core.environment:checking '/home/lexij/rose_lab/install/gantry_lidar_interfaces/lib/pkgconfig/gantry_lidar_interfaces.pc'
[15.886s] Level 1:colcon.colcon_core.environment:checking '/home/lexij/rose_lab/install/gantry_lidar_interfaces/lib/python3.12/site-packages'
[15.886s] Level 1:colcon.colcon_core.shell:create_environment_hook('gantry_lidar_interfaces', 'pythonpath')
[15.886s] INFO:colcon.colcon_core.shell:Creating environment hook '/home/lexij/rose_lab/install/gantry_lidar_interfaces/share/gantry_lidar_interfaces/hook/pythonpath.ps1'
[15.886s] INFO:colcon.colcon_core.shell:Creating environment descriptor '/home/lexij/rose_lab/install/gantry_lidar_interfaces/share/gantry_lidar_interfaces/hook/pythonpath.dsv'
[15.887s] INFO:colcon.colcon_core.shell:Creating environment hook '/home/lexij/rose_lab/install/gantry_lidar_interfaces/share/gantry_lidar_interfaces/hook/pythonpath.sh'
[15.887s] Level 1:colcon.colcon_core.environment:checking '/home/lexij/rose_lab/install/gantry_lidar_interfaces/bin'
[15.887s] INFO:colcon.colcon_core.shell:Creating package script '/home/lexij/rose_lab/install/gantry_lidar_interfaces/share/gantry_lidar_interfaces/package.ps1'
[15.888s] INFO:colcon.colcon_core.shell:Creating package descriptor '/home/lexij/rose_lab/install/gantry_lidar_interfaces/share/gantry_lidar_interfaces/package.dsv'
[15.888s] INFO:colcon.colcon_core.shell:Creating package script '/home/lexij/rose_lab/install/gantry_lidar_interfaces/share/gantry_lidar_interfaces/package.sh'
[15.889s] INFO:colcon.colcon_core.shell:Creating package script '/home/lexij/rose_lab/install/gantry_lidar_interfaces/share/gantry_lidar_interfaces/package.bash'
[15.890s] INFO:colcon.colcon_core.shell:Creating package script '/home/lexij/rose_lab/install/gantry_lidar_interfaces/share/gantry_lidar_interfaces/package.zsh'
[15.890s] Level 1:colcon.colcon_core.environment:create_file_with_runtime_dependencies(/home/lexij/rose_lab/install/gantry_lidar_interfaces/share/colcon-core/packages/gantry_lidar_interfaces)
[15.892s] Level 1:colcon.colcon_core.environment:create_environment_scripts_only(gantry_lidar_interfaces)
[15.892s] Level 1:colcon.colcon_core.environment:checking '/home/lexij/rose_lab/install/gantry_lidar_interfaces' for CMake module files
[15.894s] Level 1:colcon.colcon_core.environment:checking '/home/lexij/rose_lab/install/gantry_lidar_interfaces' for CMake config files
[15.895s] Level 1:colcon.colcon_core.shell:create_environment_hook('gantry_lidar_interfaces', 'cmake_prefix_path')
[15.895s] INFO:colcon.colcon_core.shell:Creating environment hook '/home/lexij/rose_lab/install/gantry_lidar_interfaces/share/gantry_lidar_interfaces/hook/cmake_prefix_path.ps1'
[15.896s] INFO:colcon.colcon_core.shell:Creating environment descriptor '/home/lexij/rose_lab/install/gantry_lidar_interfaces/share/gantry_lidar_interfaces/hook/cmake_prefix_path.dsv'
[15.896s] INFO:colcon.colcon_core.shell:Creating environment hook '/home/lexij/rose_lab/install/gantry_lidar_interfaces/share/gantry_lidar_interfaces/hook/cmake_prefix_path.sh'
[15.898s] Level 1:colcon.colcon_core.environment:checking '/home/lexij/rose_lab/install/gantry_lidar_interfaces/lib'
[15.898s] Level 1:colcon.colcon_core.shell:create_environment_hook('gantry_lidar_interfaces', 'ld_library_path_lib')
[15.898s] INFO:colcon.colcon_core.shell:Creating environment hook '/home/lexij/rose_lab/install/gantry_lidar_interfaces/share/gantry_lidar_interfaces/hook/ld_library_path_lib.ps1'
[15.899s] INFO:colcon.colcon_core.shell:Creating environment descriptor '/home/lexij/rose_lab/install/gantry_lidar_interfaces/share/gantry_lidar_interfaces/hook/ld_library_path_lib.dsv'
[15.900s] INFO:colcon.colcon_core.shell:Creating environment hook '/home/lexij/rose_lab/install/gantry_lidar_interfaces/share/gantry_lidar_interfaces/hook/ld_library_path_lib.sh'
[15.900s] Level 1:colcon.colcon_core.environment:checking '/home/lexij/rose_lab/install/gantry_lidar_interfaces/bin'
[15.903s] Level 1:colcon.colcon_core.environment:checking '/home/lexij/rose_lab/install/gantry_lidar_interfaces/lib/pkgconfig/gantry_lidar_interfaces.pc'
[15.904s] Level 1:colcon.colcon_core.environment:checking '/home/lexij/rose_lab/install/gantry_lidar_interfaces/lib/python3.12/site-packages'
[15.904s] Level 1:colcon.colcon_core.shell:create_environment_hook('gantry_lidar_interfaces', 'pythonpath')
[15.904s] INFO:colcon.colcon_core.shell:Creating environment hook '/home/lexij/rose_lab/install/gantry_lidar_interfaces/share/gantry_lidar_interfaces/hook/pythonpath.ps1'
[15.906s] INFO:colcon.colcon_core.shell:Creating environment descriptor '/home/lexij/rose_lab/install/gantry_lidar_interfaces/share/gantry_lidar_interfaces/hook/pythonpath.dsv'
[15.907s] INFO:colcon.colcon_core.shell:Creating environment hook '/home/lexij/rose_lab/install/gantry_lidar_interfaces/share/gantry_lidar_interfaces/hook/pythonpath.sh'
[15.908s] Level 1:colcon.colcon_core.environment:checking '/home/lexij/rose_lab/install/gantry_lidar_interfaces/bin'
[15.909s] INFO:colcon.colcon_core.shell:Creating package script '/home/lexij/rose_lab/install/gantry_lidar_interfaces/share/gantry_lidar_interfaces/package.ps1'
[15.911s] INFO:colcon.colcon_core.shell:Creating package descriptor '/home/lexij/rose_lab/install/gantry_lidar_interfaces/share/gantry_lidar_interfaces/package.dsv'
[15.912s] INFO:colcon.colcon_core.shell:Creating package script '/home/lexij/rose_lab/install/gantry_lidar_interfaces/share/gantry_lidar_interfaces/package.sh'
[15.913s] INFO:colcon.colcon_core.shell:Creating package script '/home/lexij/rose_lab/install/gantry_lidar_interfaces/share/gantry_lidar_interfaces/package.bash'
[15.914s] INFO:colcon.colcon_core.shell:Creating package script '/home/lexij/rose_lab/install/gantry_lidar_interfaces/share/gantry_lidar_interfaces/package.zsh'
[15.915s] Level 1:colcon.colcon_core.environment:create_file_with_runtime_dependencies(/home/lexij/rose_lab/install/gantry_lidar_interfaces/share/colcon-core/packages/gantry_lidar_interfaces)
[15.915s] DEBUG:colcon.colcon_parallel_executor.executor.parallel:closing loop
[15.916s] DEBUG:colcon.colcon_parallel_executor.executor.parallel:loop closed
[15.916s] DEBUG:colcon.colcon_parallel_executor.executor.parallel:run_until_complete finished with '0'
[15.916s] DEBUG:colcon.colcon_core.event_reactor:joining thread
[15.991s] INFO:colcon.colcon_core.plugin_system:Skipping extension 'colcon_notification.desktop_notification.notify_send': Could not find 'notify-send'
[15.992s] INFO:colcon.colcon_core.plugin_system:Skipping extension 'colcon_notification.desktop_notification.terminal_notifier': Not used on non-Darwin systems
[15.992s] INFO:colcon.colcon_core.plugin_system:Skipping extension 'colcon_notification.desktop_notification.win32': Not used on non-Windows systems
[15.992s] INFO:colcon.colcon_notification.desktop_notification:Sending desktop notification using 'notify2'
[16.063s] DEBUG:colcon.colcon_notification.desktop_notification.notify2:Failed to initialize notify2: org.freedesktop.DBus.Error.ServiceUnknown: The name org.freedesktop.Notifications was not provided by any .service files
[16.063s] DEBUG:colcon.colcon_core.event_reactor:joined thread
[16.064s] INFO:colcon.colcon_core.shell:Creating prefix script '/home/lexij/rose_lab/install/local_setup.ps1'
[16.065s] INFO:colcon.colcon_core.shell:Creating prefix util module '/home/lexij/rose_lab/install/_local_setup_util_ps1.py'
[16.068s] INFO:colcon.colcon_core.shell:Creating prefix chain script '/home/lexij/rose_lab/install/setup.ps1'
[16.070s] INFO:colcon.colcon_core.shell:Creating prefix script '/home/lexij/rose_lab/install/local_setup.sh'
[16.072s] INFO:colcon.colcon_core.shell:Creating prefix util module '/home/lexij/rose_lab/install/_local_setup_util_sh.py'
[16.072s] INFO:colcon.colcon_core.shell:Creating prefix chain script '/home/lexij/rose_lab/install/setup.sh'
[16.074s] INFO:colcon.colcon_core.shell:Creating prefix script '/home/lexij/rose_lab/install/local_setup.bash'
[16.075s] INFO:colcon.colcon_core.shell:Creating prefix chain script '/home/lexij/rose_lab/install/setup.bash'
[16.077s] INFO:colcon.colcon_core.shell:Creating prefix script '/home/lexij/rose_lab/install/local_setup.zsh'
[16.078s] INFO:colcon.colcon_core.shell:Creating prefix chain script '/home/lexij/rose_lab/install/setup.zsh'
