[0.217s] Invoking command in '/home/lexij/rose_lab/build/gantry_lidar_interfaces': CMAKE_PREFIX_PATH=${CMAKE_PREFIX_PATH}:/home/lexij/rose_lab/install/gantry_path:/home/lexij/rose_lab/install/dummy:/opt/ros/jazzy /usr/bin/cmake /home/lexij/rose_lab/src/gantry_lidar_interfaces -DCMAKE_INSTALL_PREFIX=/home/lexij/rose_lab/install/gantry_lidar_interfaces
[0.496s] -- The C compiler identification is GNU 13.3.0
[1.214s] -- The CXX compiler identification is GNU 13.3.0
[1.794s] -- Detecting C compiler ABI info
[1.995s] -- Detecting C compiler ABI info - done
[2.000s] -- Check for working C compiler: /usr/bin/cc - skipped
[2.011s] -- Detecting C compile features
[2.011s] -- Detecting C compile features - done
[2.092s] -- Detecting CXX compiler ABI info
[2.277s] -- Detecting CXX compiler ABI info - done
[2.283s] -- Check for working CXX compiler: /usr/bin/c++ - skipped
[2.283s] -- Detecting CXX compile features
[2.283s] -- Detecting CXX compile features - done
[2.312s] -- Found ament_cmake: 2.5.4 (/opt/ros/jazzy/share/ament_cmake/cmake)
[2.414s] -- Found Python3: /usr/bin/python3 (found version "3.12.3") found components: Interpreter 
[2.522s] -- Found rosidl_default_generators: 1.6.0 (/opt/ros/jazzy/share/rosidl_default_generators/cmake)
[2.528s] -- Using all available rosidl_typesupport_c: rosidl_typesupport_fastrtps_c;rosidl_typesupport_introspection_c
[2.715s] -- Using all available rosidl_typesupport_cpp: rosidl_typesupport_fastrtps_cpp;rosidl_typesupport_introspection_cpp
[2.757s] -- Found rosidl_adapter: 4.6.6 (/opt/ros/jazzy/share/rosidl_adapter/cmake)
[2.761s] -- Found ament_lint_auto: 0.17.3 (/opt/ros/jazzy/share/ament_lint_auto/cmake)
[3.298s] -- Found ament_cmake_ros: 0.12.0 (/opt/ros/jazzy/share/ament_cmake_ros/cmake)
[3.683s] -- Using all available rosidl_typesupport_c: rosidl_typesupport_fastrtps_c;rosidl_typesupport_introspection_c
[4.130s] -- Using all available rosidl_typesupport_cpp: rosidl_typesupport_fastrtps_cpp;rosidl_typesupport_introspection_cpp
[4.147s] -- Found python_cmake_module: 0.11.1 (/opt/ros/jazzy/share/python_cmake_module/cmake)
[4.240s] -- Found PythonExtra: /usr/bin/python3  
[4.607s] -- Found Python3: /usr/bin/python3 (found version "3.12.3") found components: Interpreter Development NumPy Development.Module Development.Embed 
[4.648s] -- Added test 'lint_cmake' to check CMake code style
[4.649s] -- Added test 'xmllint' to check XML markup files
[4.658s] -- Configuring done (4.4s)
[4.702s] -- Generating done (0.0s)
[4.712s] -- Build files have been written to: /home/lexij/rose_lab/build/gantry_lidar_interfaces
[4.721s] Invoked command in '/home/lexij/rose_lab/build/gantry_lidar_interfaces' returned '0': CMAKE_PREFIX_PATH=${CMAKE_PREFIX_PATH}:/home/lexij/rose_lab/install/gantry_path:/home/lexij/rose_lab/install/dummy:/opt/ros/jazzy /usr/bin/cmake /home/lexij/rose_lab/src/gantry_lidar_interfaces -DCMAKE_INSTALL_PREFIX=/home/lexij/rose_lab/install/gantry_lidar_interfaces
[4.722s] Invoking command in '/home/lexij/rose_lab/build/gantry_lidar_interfaces': CMAKE_PREFIX_PATH=${CMAKE_PREFIX_PATH}:/home/lexij/rose_lab/install/gantry_path:/home/lexij/rose_lab/install/dummy:/opt/ros/jazzy /usr/bin/cmake --build /home/lexij/rose_lab/build/gantry_lidar_interfaces -- -j22 -l22
[4.756s] [  1%] [34m[1mGenerating type hashes for ROS interfaces[0m
[4.761s] [  1%] Built target ament_cmake_python_copy_gantry_lidar_interfaces
[4.905s] running egg_info
[4.906s] creating gantry_lidar_interfaces.egg-info
[4.919s] writing gantry_lidar_interfaces.egg-info/PKG-INFO
[4.919s] writing dependency_links to gantry_lidar_interfaces.egg-info/dependency_links.txt
[4.919s] writing top-level names to gantry_lidar_interfaces.egg-info/top_level.txt
[4.919s] writing manifest file 'gantry_lidar_interfaces.egg-info/SOURCES.txt'
[4.936s] [  1%] Built target gantry_lidar_interfaces__rosidl_generator_type_description
[4.945s] [  2%] [34m[1mGenerating C code for ROS interfaces[0m
[4.952s] [  4%] [34m[1mGenerating C++ code for ROS interfaces[0m
[4.959s] reading manifest file 'gantry_lidar_interfaces.egg-info/SOURCES.txt'
[4.959s] writing manifest file 'gantry_lidar_interfaces.egg-info/SOURCES.txt'
[4.978s] [  4%] Built target ament_cmake_python_build_gantry_lidar_interfaces_egg
[5.333s] [  4%] Built target gantry_lidar_interfaces__cpp
[5.394s] [  6%] [32mBuilding C object CMakeFiles/gantry_lidar_interfaces__rosidl_generator_c.dir/rosidl_generator_c/gantry_lidar_interfaces/srv/detail/capture__type_support.c.o[0m
[5.394s] [  6%] [32mBuilding C object CMakeFiles/gantry_lidar_interfaces__rosidl_generator_c.dir/rosidl_generator_c/gantry_lidar_interfaces/srv/detail/delete_name__functions.c.o[0m
[5.394s] [  8%] [32mBuilding C object CMakeFiles/gantry_lidar_interfaces__rosidl_generator_c.dir/rosidl_generator_c/gantry_lidar_interfaces/srv/detail/capture__functions.c.o[0m
[5.394s] [  9%] [32mBuilding C object CMakeFiles/gantry_lidar_interfaces__rosidl_generator_c.dir/rosidl_generator_c/gantry_lidar_interfaces/srv/detail/capture__description.c.o[0m
[5.398s] [ 12%] [32mBuilding C object CMakeFiles/gantry_lidar_interfaces__rosidl_generator_c.dir/rosidl_generator_c/gantry_lidar_interfaces/srv/detail/download_time_range__functions.c.o[0m
[5.398s] [ 12%] [32mBuilding C object CMakeFiles/gantry_lidar_interfaces__rosidl_generator_c.dir/rosidl_generator_c/gantry_lidar_interfaces/srv/detail/download_name__type_support.c.o[0m
[5.398s] [ 13%] [32mBuilding C object CMakeFiles/gantry_lidar_interfaces__rosidl_generator_c.dir/rosidl_generator_c/gantry_lidar_interfaces/srv/detail/delete_name__description.c.o[0m
[5.398s] [ 16%] [32mBuilding C object CMakeFiles/gantry_lidar_interfaces__rosidl_generator_c.dir/rosidl_generator_c/gantry_lidar_interfaces/srv/detail/delete_name__type_support.c.o[0m
[5.398s] [ 16%] [32mBuilding C object CMakeFiles/gantry_lidar_interfaces__rosidl_generator_c.dir/rosidl_generator_c/gantry_lidar_interfaces/srv/detail/delete_time_range__functions.c.o[0m
[5.399s] [ 18%] [32mBuilding C object CMakeFiles/gantry_lidar_interfaces__rosidl_generator_c.dir/rosidl_generator_c/gantry_lidar_interfaces/srv/detail/delete_time_range__type_support.c.o[0m
[5.399s] [ 18%] [32mBuilding C object CMakeFiles/gantry_lidar_interfaces__rosidl_generator_c.dir/rosidl_generator_c/gantry_lidar_interfaces/srv/detail/delete_time_range__description.c.o[0m
[5.399s] [ 20%] [32mBuilding C object CMakeFiles/gantry_lidar_interfaces__rosidl_generator_c.dir/rosidl_generator_c/gantry_lidar_interfaces/srv/detail/download_time_range__type_support.c.o[0m
[5.399s] [ 21%] [32mBuilding C object CMakeFiles/gantry_lidar_interfaces__rosidl_generator_c.dir/rosidl_generator_c/gantry_lidar_interfaces/srv/detail/download_name__description.c.o[0m
[5.400s] [ 22%] [32mBuilding C object CMakeFiles/gantry_lidar_interfaces__rosidl_generator_c.dir/rosidl_generator_c/gantry_lidar_interfaces/srv/detail/download_name__functions.c.o[0m
[5.403s] [ 24%] [32mBuilding C object CMakeFiles/gantry_lidar_interfaces__rosidl_generator_c.dir/rosidl_generator_c/gantry_lidar_interfaces/srv/detail/download_time_range__description.c.o[0m
[5.488s] [ 25%] [32m[1mLinking C shared library libgantry_lidar_interfaces__rosidl_generator_c.so[0m
[5.609s] [ 25%] Built target gantry_lidar_interfaces__rosidl_generator_c
[5.616s] [ 27%] [34m[1mGenerating C++ type support dispatch for ROS interfaces[0m
[5.616s] [ 28%] [34m[1mGenerating C introspection for ROS interfaces[0m
[5.617s] [ 29%] [34m[1mGenerating C++ introspection for ROS interfaces[0m
[5.620s] [ 31%] [34m[1mGenerating C type support for eProsima Fast-RTPS[0m
[5.622s] [ 33%] [34m[1mGenerating C type support dispatch for ROS interfaces[0m
[5.622s] [ 33%] [34m[1mGenerating C++ type support for eProsima Fast-RTPS[0m
[5.918s] [ 35%] [32mBuilding CXX object CMakeFiles/gantry_lidar_interfaces__rosidl_typesupport_c.dir/rosidl_typesupport_c/gantry_lidar_interfaces/srv/delete_time_range__type_support.cpp.o[0m
[5.918s] [ 37%] [32mBuilding CXX object CMakeFiles/gantry_lidar_interfaces__rosidl_typesupport_c.dir/rosidl_typesupport_c/gantry_lidar_interfaces/srv/capture__type_support.cpp.o[0m
[5.918s] [ 37%] [32mBuilding CXX object CMakeFiles/gantry_lidar_interfaces__rosidl_typesupport_c.dir/rosidl_typesupport_c/gantry_lidar_interfaces/srv/download_name__type_support.cpp.o[0m
[5.922s] [ 39%] [32mBuilding CXX object CMakeFiles/gantry_lidar_interfaces__rosidl_typesupport_c.dir/rosidl_typesupport_c/gantry_lidar_interfaces/srv/delete_name__type_support.cpp.o[0m
[5.922s] [ 40%] [32mBuilding CXX object CMakeFiles/gantry_lidar_interfaces__rosidl_typesupport_c.dir/rosidl_typesupport_c/gantry_lidar_interfaces/srv/download_time_range__type_support.cpp.o[0m
[5.981s] [ 41%] [32mBuilding CXX object CMakeFiles/gantry_lidar_interfaces__rosidl_typesupport_introspection_cpp.dir/rosidl_typesupport_introspection_cpp/gantry_lidar_interfaces/srv/detail/delete_name__type_support.cpp.o[0m
[5.982s] [ 44%] [32mBuilding CXX object CMakeFiles/gantry_lidar_interfaces__rosidl_typesupport_introspection_cpp.dir/rosidl_typesupport_introspection_cpp/gantry_lidar_interfaces/srv/detail/download_time_range__type_support.cpp.o[0m
[5.982s] [ 44%] [32mBuilding CXX object CMakeFiles/gantry_lidar_interfaces__rosidl_typesupport_introspection_cpp.dir/rosidl_typesupport_introspection_cpp/gantry_lidar_interfaces/srv/detail/capture__type_support.cpp.o[0m
[5.983s] [ 45%] [32mBuilding CXX object CMakeFiles/gantry_lidar_interfaces__rosidl_typesupport_introspection_cpp.dir/rosidl_typesupport_introspection_cpp/gantry_lidar_interfaces/srv/detail/delete_time_range__type_support.cpp.o[0m
[5.983s] [ 47%] [32mBuilding CXX object CMakeFiles/gantry_lidar_interfaces__rosidl_typesupport_introspection_cpp.dir/rosidl_typesupport_introspection_cpp/gantry_lidar_interfaces/srv/detail/download_name__type_support.cpp.o[0m
[5.989s] [ 48%] [32m[1mLinking CXX shared library libgantry_lidar_interfaces__rosidl_typesupport_c.so[0m
[6.003s] [ 51%] [32mBuilding CXX object CMakeFiles/gantry_lidar_interfaces__rosidl_typesupport_cpp.dir/rosidl_typesupport_cpp/gantry_lidar_interfaces/srv/delete_name__type_support.cpp.o[0m
[6.003s] [ 51%] [32mBuilding CXX object CMakeFiles/gantry_lidar_interfaces__rosidl_typesupport_cpp.dir/rosidl_typesupport_cpp/gantry_lidar_interfaces/srv/capture__type_support.cpp.o[0m
[6.003s] [ 52%] [32mBuilding CXX object CMakeFiles/gantry_lidar_interfaces__rosidl_typesupport_cpp.dir/rosidl_typesupport_cpp/gantry_lidar_interfaces/srv/delete_time_range__type_support.cpp.o[0m
[6.006s] [ 54%] [32mBuilding CXX object CMakeFiles/gantry_lidar_interfaces__rosidl_typesupport_cpp.dir/rosidl_typesupport_cpp/gantry_lidar_interfaces/srv/download_name__type_support.cpp.o[0m
[6.008s] [ 55%] [32mBuilding CXX object CMakeFiles/gantry_lidar_interfaces__rosidl_typesupport_cpp.dir/rosidl_typesupport_cpp/gantry_lidar_interfaces/srv/download_time_range__type_support.cpp.o[0m
[6.024s] [ 58%] [32mBuilding C object CMakeFiles/gantry_lidar_interfaces__rosidl_typesupport_introspection_c.dir/rosidl_typesupport_introspection_c/gantry_lidar_interfaces/srv/detail/delete_name__type_support.c.o[0m
[6.024s] [ 58%] [32mBuilding C object CMakeFiles/gantry_lidar_interfaces__rosidl_typesupport_introspection_c.dir/rosidl_typesupport_introspection_c/gantry_lidar_interfaces/srv/detail/capture__type_support.c.o[0m
[6.024s] [ 59%] [32mBuilding C object CMakeFiles/gantry_lidar_interfaces__rosidl_typesupport_introspection_c.dir/rosidl_typesupport_introspection_c/gantry_lidar_interfaces/srv/detail/download_time_range__type_support.c.o[0m
[6.025s] [ 60%] [32mBuilding C object CMakeFiles/gantry_lidar_interfaces__rosidl_typesupport_introspection_c.dir/rosidl_typesupport_introspection_c/gantry_lidar_interfaces/srv/detail/delete_time_range__type_support.c.o[0m
[6.026s] [ 62%] [32mBuilding C object CMakeFiles/gantry_lidar_interfaces__rosidl_typesupport_introspection_c.dir/rosidl_typesupport_introspection_c/gantry_lidar_interfaces/srv/detail/download_name__type_support.c.o[0m
[6.096s] [ 63%] [32m[1mLinking C shared library libgantry_lidar_interfaces__rosidl_typesupport_introspection_c.so[0m
[6.204s] [ 63%] Built target gantry_lidar_interfaces__rosidl_typesupport_c
[6.266s] [ 64%] [32mBuilding CXX object CMakeFiles/gantry_lidar_interfaces__rosidl_typesupport_fastrtps_c.dir/rosidl_typesupport_fastrtps_c/gantry_lidar_interfaces/srv/detail/capture__type_support_c.cpp.o[0m
[6.267s] [ 66%] [32mBuilding CXX object CMakeFiles/gantry_lidar_interfaces__rosidl_typesupport_fastrtps_c.dir/rosidl_typesupport_fastrtps_c/gantry_lidar_interfaces/srv/detail/delete_time_range__type_support_c.cpp.o[0m
[6.267s] [ 67%] [32mBuilding CXX object CMakeFiles/gantry_lidar_interfaces__rosidl_typesupport_fastrtps_c.dir/rosidl_typesupport_fastrtps_c/gantry_lidar_interfaces/srv/detail/download_name__type_support_c.cpp.o[0m
[6.268s] [ 70%] [32mBuilding CXX object CMakeFiles/gantry_lidar_interfaces__rosidl_typesupport_fastrtps_c.dir/rosidl_typesupport_fastrtps_c/gantry_lidar_interfaces/srv/detail/download_time_range__type_support_c.cpp.o[0m
[6.268s] [ 70%] [32mBuilding CXX object CMakeFiles/gantry_lidar_interfaces__rosidl_typesupport_fastrtps_c.dir/rosidl_typesupport_fastrtps_c/gantry_lidar_interfaces/srv/detail/delete_name__type_support_c.cpp.o[0m
[6.275s] [ 70%] Built target gantry_lidar_interfaces__rosidl_typesupport_introspection_c
[6.362s] [ 72%] [32mBuilding CXX object CMakeFiles/gantry_lidar_interfaces__rosidl_typesupport_fastrtps_cpp.dir/rosidl_typesupport_fastrtps_cpp/gantry_lidar_interfaces/srv/detail/dds_fastrtps/download_name__type_support.cpp.o[0m
[6.363s] [ 72%] [32mBuilding CXX object CMakeFiles/gantry_lidar_interfaces__rosidl_typesupport_fastrtps_cpp.dir/rosidl_typesupport_fastrtps_cpp/gantry_lidar_interfaces/srv/detail/dds_fastrtps/capture__type_support.cpp.o[0m
[6.363s] [ 74%] [32mBuilding CXX object CMakeFiles/gantry_lidar_interfaces__rosidl_typesupport_fastrtps_cpp.dir/rosidl_typesupport_fastrtps_cpp/gantry_lidar_interfaces/srv/detail/dds_fastrtps/delete_name__type_support.cpp.o[0m
[6.363s] [ 75%] [32mBuilding CXX object CMakeFiles/gantry_lidar_interfaces__rosidl_typesupport_fastrtps_cpp.dir/rosidl_typesupport_fastrtps_cpp/gantry_lidar_interfaces/srv/detail/dds_fastrtps/delete_time_range__type_support.cpp.o[0m
[6.364s] [ 77%] [32mBuilding CXX object CMakeFiles/gantry_lidar_interfaces__rosidl_typesupport_fastrtps_cpp.dir/rosidl_typesupport_fastrtps_cpp/gantry_lidar_interfaces/srv/detail/dds_fastrtps/download_time_range__type_support.cpp.o[0m
[6.661s] [ 78%] [32m[1mLinking CXX shared library libgantry_lidar_interfaces__rosidl_typesupport_cpp.so[0m
[6.743s] [ 79%] [32m[1mLinking CXX shared library libgantry_lidar_interfaces__rosidl_typesupport_introspection_cpp.so[0m
[6.880s] [ 79%] Built target gantry_lidar_interfaces__rosidl_typesupport_cpp
[6.949s] [ 79%] Built target gantry_lidar_interfaces__rosidl_typesupport_introspection_cpp
[7.056s] [ 81%] [32m[1mLinking CXX shared library libgantry_lidar_interfaces__rosidl_typesupport_fastrtps_c.so[0m
[7.187s] [ 82%] [32m[1mLinking CXX shared library libgantry_lidar_interfaces__rosidl_typesupport_fastrtps_cpp.so[0m
[7.211s] [ 82%] Built target gantry_lidar_interfaces__rosidl_typesupport_fastrtps_c
[7.368s] [ 82%] Built target gantry_lidar_interfaces__rosidl_typesupport_fastrtps_cpp
[7.383s] [ 82%] Built target gantry_lidar_interfaces
[7.397s] [ 83%] [34m[1mGenerating Python code for ROS interfaces[0m
[8.000s] [ 83%] Built target gantry_lidar_interfaces__py
[8.015s] [ 85%] [32mBuilding C object CMakeFiles/gantry_lidar_interfaces__rosidl_generator_py.dir/rosidl_generator_py/gantry_lidar_interfaces/srv/_capture_s.c.o[0m
[8.015s] [ 86%] [32mBuilding C object CMakeFiles/gantry_lidar_interfaces__rosidl_generator_py.dir/rosidl_generator_py/gantry_lidar_interfaces/srv/_delete_time_range_s.c.o[0m
[8.015s] [ 87%] [32mBuilding C object CMakeFiles/gantry_lidar_interfaces__rosidl_generator_py.dir/rosidl_generator_py/gantry_lidar_interfaces/srv/_download_name_s.c.o[0m
[8.016s] [ 89%] [32mBuilding C object CMakeFiles/gantry_lidar_interfaces__rosidl_generator_py.dir/rosidl_generator_py/gantry_lidar_interfaces/srv/_delete_name_s.c.o[0m
[8.020s] [ 90%] [32mBuilding C object CMakeFiles/gantry_lidar_interfaces__rosidl_generator_py.dir/rosidl_generator_py/gantry_lidar_interfaces/srv/_download_time_range_s.c.o[0m
[8.158s] [ 91%] [32m[1mLinking C shared library libgantry_lidar_interfaces__rosidl_generator_py.so[0m
[8.305s] [ 91%] Built target gantry_lidar_interfaces__rosidl_generator_py
[8.318s] [ 93%] [32mBuilding C object CMakeFiles/gantry_lidar_interfaces_s__rosidl_typesupport_c.dir/rosidl_generator_py/gantry_lidar_interfaces/_gantry_lidar_interfaces_s.ep.rosidl_typesupport_c.c.o[0m
[8.318s] [ 95%] [32mBuilding C object CMakeFiles/gantry_lidar_interfaces_s__rosidl_typesupport_introspection_c.dir/rosidl_generator_py/gantry_lidar_interfaces/_gantry_lidar_interfaces_s.ep.rosidl_typesupport_introspection_c.c.o[0m
[8.318s] [ 95%] [32mBuilding C object CMakeFiles/gantry_lidar_interfaces_s__rosidl_typesupport_fastrtps_c.dir/rosidl_generator_py/gantry_lidar_interfaces/_gantry_lidar_interfaces_s.ep.rosidl_typesupport_fastrtps_c.c.o[0m
[8.418s] [ 97%] [32m[1mLinking C shared module rosidl_generator_py/gantry_lidar_interfaces/gantry_lidar_interfaces_s__rosidl_typesupport_introspection_c.so[0m
[8.425s] [ 98%] [32m[1mLinking C shared module rosidl_generator_py/gantry_lidar_interfaces/gantry_lidar_interfaces_s__rosidl_typesupport_c.so[0m
[8.428s] [100%] [32m[1mLinking C shared module rosidl_generator_py/gantry_lidar_interfaces/gantry_lidar_interfaces_s__rosidl_typesupport_fastrtps_c.so[0m
[8.525s] [100%] Built target gantry_lidar_interfaces_s__rosidl_typesupport_introspection_c
[8.525s] [100%] Built target gantry_lidar_interfaces_s__rosidl_typesupport_fastrtps_c
[8.546s] [100%] Built target gantry_lidar_interfaces_s__rosidl_typesupport_c
[8.555s] Invoked command in '/home/lexij/rose_lab/build/gantry_lidar_interfaces' returned '0': CMAKE_PREFIX_PATH=${CMAKE_PREFIX_PATH}:/home/lexij/rose_lab/install/gantry_path:/home/lexij/rose_lab/install/dummy:/opt/ros/jazzy /usr/bin/cmake --build /home/lexij/rose_lab/build/gantry_lidar_interfaces -- -j22 -l22
[8.562s] Invoking command in '/home/lexij/rose_lab/build/gantry_lidar_interfaces': CMAKE_PREFIX_PATH=${CMAKE_PREFIX_PATH}:/home/lexij/rose_lab/install/gantry_path:/home/lexij/rose_lab/install/dummy:/opt/ros/jazzy /usr/bin/cmake --install /home/lexij/rose_lab/build/gantry_lidar_interfaces
[8.568s] -- Install configuration: ""
[8.569s] -- Installing: /home/lexij/rose_lab/install/gantry_lidar_interfaces/share/ament_index/resource_index/rosidl_interfaces/gantry_lidar_interfaces
[8.569s] -- Installing: /home/lexij/rose_lab/install/gantry_lidar_interfaces/share/gantry_lidar_interfaces/srv/Capture.json
[8.569s] -- Installing: /home/lexij/rose_lab/install/gantry_lidar_interfaces/share/gantry_lidar_interfaces/srv/DeleteName.json
[8.569s] -- Installing: /home/lexij/rose_lab/install/gantry_lidar_interfaces/share/gantry_lidar_interfaces/srv/DeleteTimeRange.json
[8.569s] -- Installing: /home/lexij/rose_lab/install/gantry_lidar_interfaces/share/gantry_lidar_interfaces/srv/DownloadName.json
[8.569s] -- Installing: /home/lexij/rose_lab/install/gantry_lidar_interfaces/share/gantry_lidar_interfaces/srv/DownloadTimeRange.json
[8.569s] -- Installing: /home/lexij/rose_lab/install/gantry_lidar_interfaces/include/gantry_lidar_interfaces/gantry_lidar_interfaces
[8.570s] -- Installing: /home/lexij/rose_lab/install/gantry_lidar_interfaces/include/gantry_lidar_interfaces/gantry_lidar_interfaces/msg
[8.570s] -- Installing: /home/lexij/rose_lab/install/gantry_lidar_interfaces/include/gantry_lidar_interfaces/gantry_lidar_interfaces/msg/rosidl_generator_c__visibility_control.h
[8.570s] -- Installing: /home/lexij/rose_lab/install/gantry_lidar_interfaces/include/gantry_lidar_interfaces/gantry_lidar_interfaces/srv
[8.570s] -- Installing: /home/lexij/rose_lab/install/gantry_lidar_interfaces/include/gantry_lidar_interfaces/gantry_lidar_interfaces/srv/delete_name.h
[8.570s] -- Installing: /home/lexij/rose_lab/install/gantry_lidar_interfaces/include/gantry_lidar_interfaces/gantry_lidar_interfaces/srv/download_name.h
[8.571s] -- Installing: /home/lexij/rose_lab/install/gantry_lidar_interfaces/include/gantry_lidar_interfaces/gantry_lidar_interfaces/srv/capture.h
[8.571s] -- Installing: /home/lexij/rose_lab/install/gantry_lidar_interfaces/include/gantry_lidar_interfaces/gantry_lidar_interfaces/srv/detail
[8.571s] -- Installing: /home/lexij/rose_lab/install/gantry_lidar_interfaces/include/gantry_lidar_interfaces/gantry_lidar_interfaces/srv/detail/download_name__description.c
[8.571s] -- Installing: /home/lexij/rose_lab/install/gantry_lidar_interfaces/include/gantry_lidar_interfaces/gantry_lidar_interfaces/srv/detail/download_name__functions.h
[8.571s] -- Installing: /home/lexij/rose_lab/install/gantry_lidar_interfaces/include/gantry_lidar_interfaces/gantry_lidar_interfaces/srv/detail/capture__description.c
[8.571s] -- Installing: /home/lexij/rose_lab/install/gantry_lidar_interfaces/include/gantry_lidar_interfaces/gantry_lidar_interfaces/srv/detail/delete_time_range__functions.c
[8.571s] -- Installing: /home/lexij/rose_lab/install/gantry_lidar_interfaces/include/gantry_lidar_interfaces/gantry_lidar_interfaces/srv/detail/download_time_range__functions.c
[8.571s] -- Installing: /home/lexij/rose_lab/install/gantry_lidar_interfaces/include/gantry_lidar_interfaces/gantry_lidar_interfaces/srv/detail/delete_time_range__type_support.h
[8.571s] -- Installing: /home/lexij/rose_lab/install/gantry_lidar_interfaces/include/gantry_lidar_interfaces/gantry_lidar_interfaces/srv/detail/download_name__type_support.h
[8.571s] -- Installing: /home/lexij/rose_lab/install/gantry_lidar_interfaces/include/gantry_lidar_interfaces/gantry_lidar_interfaces/srv/detail/delete_name__functions.c
[8.571s] -- Installing: /home/lexij/rose_lab/install/gantry_lidar_interfaces/include/gantry_lidar_interfaces/gantry_lidar_interfaces/srv/detail/download_time_range__type_support.c
[8.572s] -- Installing: /home/lexij/rose_lab/install/gantry_lidar_interfaces/include/gantry_lidar_interfaces/gantry_lidar_interfaces/srv/detail/delete_time_range__description.c
[8.572s] -- Installing: /home/lexij/rose_lab/install/gantry_lidar_interfaces/include/gantry_lidar_interfaces/gantry_lidar_interfaces/srv/detail/download_time_range__functions.h
[8.572s] -- Installing: /home/lexij/rose_lab/install/gantry_lidar_interfaces/include/gantry_lidar_interfaces/gantry_lidar_interfaces/srv/detail/delete_time_range__type_support.c
[8.572s] -- Installing: /home/lexij/rose_lab/install/gantry_lidar_interfaces/include/gantry_lidar_interfaces/gantry_lidar_interfaces/srv/detail/download_name__type_support.c
[8.572s] -- Installing: /home/lexij/rose_lab/install/gantry_lidar_interfaces/include/gantry_lidar_interfaces/gantry_lidar_interfaces/srv/detail/download_time_range__type_support.h
[8.572s] -- Installing: /home/lexij/rose_lab/install/gantry_lidar_interfaces/include/gantry_lidar_interfaces/gantry_lidar_interfaces/srv/detail/delete_name__type_support.h
[8.572s] -- Installing: /home/lexij/rose_lab/install/gantry_lidar_interfaces/include/gantry_lidar_interfaces/gantry_lidar_interfaces/srv/detail/delete_name__description.c
[8.572s] -- Installing: /home/lexij/rose_lab/install/gantry_lidar_interfaces/include/gantry_lidar_interfaces/gantry_lidar_interfaces/srv/detail/download_name__struct.h
[8.572s] -- Installing: /home/lexij/rose_lab/install/gantry_lidar_interfaces/include/gantry_lidar_interfaces/gantry_lidar_interfaces/srv/detail/delete_name__type_support.c
[8.572s] -- Installing: /home/lexij/rose_lab/install/gantry_lidar_interfaces/include/gantry_lidar_interfaces/gantry_lidar_interfaces/srv/detail/capture__functions.h
[8.572s] -- Installing: /home/lexij/rose_lab/install/gantry_lidar_interfaces/include/gantry_lidar_interfaces/gantry_lidar_interfaces/srv/detail/capture__struct.h
[8.573s] -- Installing: /home/lexij/rose_lab/install/gantry_lidar_interfaces/include/gantry_lidar_interfaces/gantry_lidar_interfaces/srv/detail/download_time_range__description.c
[8.573s] -- Installing: /home/lexij/rose_lab/install/gantry_lidar_interfaces/include/gantry_lidar_interfaces/gantry_lidar_interfaces/srv/detail/capture__type_support.h
[8.573s] -- Installing: /home/lexij/rose_lab/install/gantry_lidar_interfaces/include/gantry_lidar_interfaces/gantry_lidar_interfaces/srv/detail/download_name__functions.c
[8.573s] -- Installing: /home/lexij/rose_lab/install/gantry_lidar_interfaces/include/gantry_lidar_interfaces/gantry_lidar_interfaces/srv/detail/delete_name__functions.h
[8.573s] -- Installing: /home/lexij/rose_lab/install/gantry_lidar_interfaces/include/gantry_lidar_interfaces/gantry_lidar_interfaces/srv/detail/capture__functions.c
[8.573s] -- Installing: /home/lexij/rose_lab/install/gantry_lidar_interfaces/include/gantry_lidar_interfaces/gantry_lidar_interfaces/srv/detail/capture__type_support.c
[8.573s] -- Installing: /home/lexij/rose_lab/install/gantry_lidar_interfaces/include/gantry_lidar_interfaces/gantry_lidar_interfaces/srv/detail/delete_time_range__functions.h
[8.573s] -- Installing: /home/lexij/rose_lab/install/gantry_lidar_interfaces/include/gantry_lidar_interfaces/gantry_lidar_interfaces/srv/detail/delete_time_range__struct.h
[8.573s] -- Installing: /home/lexij/rose_lab/install/gantry_lidar_interfaces/include/gantry_lidar_interfaces/gantry_lidar_interfaces/srv/detail/delete_name__struct.h
[8.573s] -- Installing: /home/lexij/rose_lab/install/gantry_lidar_interfaces/include/gantry_lidar_interfaces/gantry_lidar_interfaces/srv/detail/download_time_range__struct.h
[8.573s] -- Installing: /home/lexij/rose_lab/install/gantry_lidar_interfaces/include/gantry_lidar_interfaces/gantry_lidar_interfaces/srv/delete_time_range.h
[8.573s] -- Installing: /home/lexij/rose_lab/install/gantry_lidar_interfaces/include/gantry_lidar_interfaces/gantry_lidar_interfaces/srv/download_time_range.h
[8.573s] -- Installing: /home/lexij/rose_lab/install/gantry_lidar_interfaces/share/gantry_lidar_interfaces/environment/library_path.sh
[8.573s] -- Installing: /home/lexij/rose_lab/install/gantry_lidar_interfaces/share/gantry_lidar_interfaces/environment/library_path.dsv
[8.573s] -- Installing: /home/lexij/rose_lab/install/gantry_lidar_interfaces/lib/libgantry_lidar_interfaces__rosidl_generator_c.so
[8.574s] -- Set non-toolchain portion of runtime path of "/home/lexij/rose_lab/install/gantry_lidar_interfaces/lib/libgantry_lidar_interfaces__rosidl_generator_c.so" to ""
[8.574s] -- Up-to-date: /home/lexij/rose_lab/install/gantry_lidar_interfaces/include/gantry_lidar_interfaces/gantry_lidar_interfaces
[8.574s] -- Up-to-date: /home/lexij/rose_lab/install/gantry_lidar_interfaces/include/gantry_lidar_interfaces/gantry_lidar_interfaces/msg
[8.574s] -- Installing: /home/lexij/rose_lab/install/gantry_lidar_interfaces/include/gantry_lidar_interfaces/gantry_lidar_interfaces/msg/rosidl_typesupport_fastrtps_c__visibility_control.h
[8.574s] -- Up-to-date: /home/lexij/rose_lab/install/gantry_lidar_interfaces/include/gantry_lidar_interfaces/gantry_lidar_interfaces/srv
[8.574s] -- Up-to-date: /home/lexij/rose_lab/install/gantry_lidar_interfaces/include/gantry_lidar_interfaces/gantry_lidar_interfaces/srv/detail
[8.574s] -- Installing: /home/lexij/rose_lab/install/gantry_lidar_interfaces/include/gantry_lidar_interfaces/gantry_lidar_interfaces/srv/detail/download_name__rosidl_typesupport_fastrtps_c.h
[8.574s] -- Installing: /home/lexij/rose_lab/install/gantry_lidar_interfaces/include/gantry_lidar_interfaces/gantry_lidar_interfaces/srv/detail/capture__rosidl_typesupport_fastrtps_c.h
[8.574s] -- Installing: /home/lexij/rose_lab/install/gantry_lidar_interfaces/include/gantry_lidar_interfaces/gantry_lidar_interfaces/srv/detail/delete_time_range__rosidl_typesupport_fastrtps_c.h
[8.574s] -- Installing: /home/lexij/rose_lab/install/gantry_lidar_interfaces/include/gantry_lidar_interfaces/gantry_lidar_interfaces/srv/detail/delete_name__rosidl_typesupport_fastrtps_c.h
[8.574s] -- Installing: /home/lexij/rose_lab/install/gantry_lidar_interfaces/include/gantry_lidar_interfaces/gantry_lidar_interfaces/srv/detail/download_time_range__rosidl_typesupport_fastrtps_c.h
[8.574s] -- Installing: /home/lexij/rose_lab/install/gantry_lidar_interfaces/lib/libgantry_lidar_interfaces__rosidl_typesupport_fastrtps_c.so
[8.574s] -- Set non-toolchain portion of runtime path of "/home/lexij/rose_lab/install/gantry_lidar_interfaces/lib/libgantry_lidar_interfaces__rosidl_typesupport_fastrtps_c.so" to ""
[8.575s] -- Up-to-date: /home/lexij/rose_lab/install/gantry_lidar_interfaces/include/gantry_lidar_interfaces/gantry_lidar_interfaces
[8.575s] -- Up-to-date: /home/lexij/rose_lab/install/gantry_lidar_interfaces/include/gantry_lidar_interfaces/gantry_lidar_interfaces/msg
[8.575s] -- Installing: /home/lexij/rose_lab/install/gantry_lidar_interfaces/include/gantry_lidar_interfaces/gantry_lidar_interfaces/msg/rosidl_typesupport_introspection_c__visibility_control.h
[8.575s] -- Up-to-date: /home/lexij/rose_lab/install/gantry_lidar_interfaces/include/gantry_lidar_interfaces/gantry_lidar_interfaces/srv
[8.575s] -- Up-to-date: /home/lexij/rose_lab/install/gantry_lidar_interfaces/include/gantry_lidar_interfaces/gantry_lidar_interfaces/srv/detail
[8.575s] -- Installing: /home/lexij/rose_lab/install/gantry_lidar_interfaces/include/gantry_lidar_interfaces/gantry_lidar_interfaces/srv/detail/capture__rosidl_typesupport_introspection_c.h
[8.575s] -- Installing: /home/lexij/rose_lab/install/gantry_lidar_interfaces/include/gantry_lidar_interfaces/gantry_lidar_interfaces/srv/detail/download_name__rosidl_typesupport_introspection_c.h
[8.575s] -- Installing: /home/lexij/rose_lab/install/gantry_lidar_interfaces/include/gantry_lidar_interfaces/gantry_lidar_interfaces/srv/detail/download_time_range__rosidl_typesupport_introspection_c.h
[8.575s] -- Installing: /home/lexij/rose_lab/install/gantry_lidar_interfaces/include/gantry_lidar_interfaces/gantry_lidar_interfaces/srv/detail/delete_name__rosidl_typesupport_introspection_c.h
[8.576s] -- Installing: /home/lexij/rose_lab/install/gantry_lidar_interfaces/include/gantry_lidar_interfaces/gantry_lidar_interfaces/srv/detail/download_time_range__type_support.c
[8.576s] -- Installing: /home/lexij/rose_lab/install/gantry_lidar_interfaces/include/gantry_lidar_interfaces/gantry_lidar_interfaces/srv/detail/delete_time_range__type_support.c
[8.576s] -- Installing: /home/lexij/rose_lab/install/gantry_lidar_interfaces/include/gantry_lidar_interfaces/gantry_lidar_interfaces/srv/detail/download_name__type_support.c
[8.576s] -- Installing: /home/lexij/rose_lab/install/gantry_lidar_interfaces/include/gantry_lidar_interfaces/gantry_lidar_interfaces/srv/detail/delete_name__type_support.c
[8.576s] -- Installing: /home/lexij/rose_lab/install/gantry_lidar_interfaces/include/gantry_lidar_interfaces/gantry_lidar_interfaces/srv/detail/capture__type_support.c
[8.576s] -- Installing: /home/lexij/rose_lab/install/gantry_lidar_interfaces/include/gantry_lidar_interfaces/gantry_lidar_interfaces/srv/detail/delete_time_range__rosidl_typesupport_introspection_c.h
[8.576s] -- Installing: /home/lexij/rose_lab/install/gantry_lidar_interfaces/lib/libgantry_lidar_interfaces__rosidl_typesupport_introspection_c.so
[8.576s] -- Set non-toolchain portion of runtime path of "/home/lexij/rose_lab/install/gantry_lidar_interfaces/lib/libgantry_lidar_interfaces__rosidl_typesupport_introspection_c.so" to ""
[8.576s] -- Installing: /home/lexij/rose_lab/install/gantry_lidar_interfaces/lib/libgantry_lidar_interfaces__rosidl_typesupport_c.so
[8.576s] -- Set non-toolchain portion of runtime path of "/home/lexij/rose_lab/install/gantry_lidar_interfaces/lib/libgantry_lidar_interfaces__rosidl_typesupport_c.so" to ""
[8.577s] -- Up-to-date: /home/lexij/rose_lab/install/gantry_lidar_interfaces/include/gantry_lidar_interfaces/gantry_lidar_interfaces
[8.577s] -- Up-to-date: /home/lexij/rose_lab/install/gantry_lidar_interfaces/include/gantry_lidar_interfaces/gantry_lidar_interfaces/msg
[8.577s] -- Installing: /home/lexij/rose_lab/install/gantry_lidar_interfaces/include/gantry_lidar_interfaces/gantry_lidar_interfaces/msg/rosidl_generator_cpp__visibility_control.hpp
[8.577s] -- Up-to-date: /home/lexij/rose_lab/install/gantry_lidar_interfaces/include/gantry_lidar_interfaces/gantry_lidar_interfaces/srv
[8.577s] -- Installing: /home/lexij/rose_lab/install/gantry_lidar_interfaces/include/gantry_lidar_interfaces/gantry_lidar_interfaces/srv/download_time_range.hpp
[8.577s] -- Up-to-date: /home/lexij/rose_lab/install/gantry_lidar_interfaces/include/gantry_lidar_interfaces/gantry_lidar_interfaces/srv/detail
[8.577s] -- Installing: /home/lexij/rose_lab/install/gantry_lidar_interfaces/include/gantry_lidar_interfaces/gantry_lidar_interfaces/srv/detail/delete_time_range__traits.hpp
[8.577s] -- Installing: /home/lexij/rose_lab/install/gantry_lidar_interfaces/include/gantry_lidar_interfaces/gantry_lidar_interfaces/srv/detail/download_time_range__builder.hpp
[8.577s] -- Installing: /home/lexij/rose_lab/install/gantry_lidar_interfaces/include/gantry_lidar_interfaces/gantry_lidar_interfaces/srv/detail/download_time_range__traits.hpp
[8.577s] -- Installing: /home/lexij/rose_lab/install/gantry_lidar_interfaces/include/gantry_lidar_interfaces/gantry_lidar_interfaces/srv/detail/capture__traits.hpp
[8.578s] -- Installing: /home/lexij/rose_lab/install/gantry_lidar_interfaces/include/gantry_lidar_interfaces/gantry_lidar_interfaces/srv/detail/delete_time_range__type_support.hpp
[8.578s] -- Installing: /home/lexij/rose_lab/install/gantry_lidar_interfaces/include/gantry_lidar_interfaces/gantry_lidar_interfaces/srv/detail/download_time_range__struct.hpp
[8.578s] -- Installing: /home/lexij/rose_lab/install/gantry_lidar_interfaces/include/gantry_lidar_interfaces/gantry_lidar_interfaces/srv/detail/delete_name__type_support.hpp
[8.578s] -- Installing: /home/lexij/rose_lab/install/gantry_lidar_interfaces/include/gantry_lidar_interfaces/gantry_lidar_interfaces/srv/detail/delete_time_range__builder.hpp
[8.578s] -- Installing: /home/lexij/rose_lab/install/gantry_lidar_interfaces/include/gantry_lidar_interfaces/gantry_lidar_interfaces/srv/detail/download_name__builder.hpp
[8.578s] -- Installing: /home/lexij/rose_lab/install/gantry_lidar_interfaces/include/gantry_lidar_interfaces/gantry_lidar_interfaces/srv/detail/download_name__struct.hpp
[8.578s] -- Installing: /home/lexij/rose_lab/install/gantry_lidar_interfaces/include/gantry_lidar_interfaces/gantry_lidar_interfaces/srv/detail/download_time_range__type_support.hpp
[8.578s] -- Installing: /home/lexij/rose_lab/install/gantry_lidar_interfaces/include/gantry_lidar_interfaces/gantry_lidar_interfaces/srv/detail/capture__type_support.hpp
[8.578s] -- Installing: /home/lexij/rose_lab/install/gantry_lidar_interfaces/include/gantry_lidar_interfaces/gantry_lidar_interfaces/srv/detail/download_name__traits.hpp
[8.578s] -- Installing: /home/lexij/rose_lab/install/gantry_lidar_interfaces/include/gantry_lidar_interfaces/gantry_lidar_interfaces/srv/detail/delete_name__builder.hpp
[8.578s] -- Installing: /home/lexij/rose_lab/install/gantry_lidar_interfaces/include/gantry_lidar_interfaces/gantry_lidar_interfaces/srv/detail/capture__builder.hpp
[8.579s] -- Installing: /home/lexij/rose_lab/install/gantry_lidar_interfaces/include/gantry_lidar_interfaces/gantry_lidar_interfaces/srv/detail/delete_time_range__struct.hpp
[8.579s] -- Installing: /home/lexij/rose_lab/install/gantry_lidar_interfaces/include/gantry_lidar_interfaces/gantry_lidar_interfaces/srv/detail/download_name__type_support.hpp
[8.579s] -- Installing: /home/lexij/rose_lab/install/gantry_lidar_interfaces/include/gantry_lidar_interfaces/gantry_lidar_interfaces/srv/detail/delete_name__struct.hpp
[8.579s] -- Installing: /home/lexij/rose_lab/install/gantry_lidar_interfaces/include/gantry_lidar_interfaces/gantry_lidar_interfaces/srv/detail/delete_name__traits.hpp
[8.579s] -- Installing: /home/lexij/rose_lab/install/gantry_lidar_interfaces/include/gantry_lidar_interfaces/gantry_lidar_interfaces/srv/detail/capture__struct.hpp
[8.579s] -- Installing: /home/lexij/rose_lab/install/gantry_lidar_interfaces/include/gantry_lidar_interfaces/gantry_lidar_interfaces/srv/download_name.hpp
[8.579s] -- Installing: /home/lexij/rose_lab/install/gantry_lidar_interfaces/include/gantry_lidar_interfaces/gantry_lidar_interfaces/srv/delete_name.hpp
[8.579s] -- Installing: /home/lexij/rose_lab/install/gantry_lidar_interfaces/include/gantry_lidar_interfaces/gantry_lidar_interfaces/srv/delete_time_range.hpp
[8.579s] -- Installing: /home/lexij/rose_lab/install/gantry_lidar_interfaces/include/gantry_lidar_interfaces/gantry_lidar_interfaces/srv/capture.hpp
[8.579s] -- Up-to-date: /home/lexij/rose_lab/install/gantry_lidar_interfaces/include/gantry_lidar_interfaces/gantry_lidar_interfaces
[8.579s] -- Up-to-date: /home/lexij/rose_lab/install/gantry_lidar_interfaces/include/gantry_lidar_interfaces/gantry_lidar_interfaces/msg
[8.579s] -- Installing: /home/lexij/rose_lab/install/gantry_lidar_interfaces/include/gantry_lidar_interfaces/gantry_lidar_interfaces/msg/rosidl_typesupport_fastrtps_cpp__visibility_control.h
[8.579s] -- Up-to-date: /home/lexij/rose_lab/install/gantry_lidar_interfaces/include/gantry_lidar_interfaces/gantry_lidar_interfaces/srv
[8.579s] -- Up-to-date: /home/lexij/rose_lab/install/gantry_lidar_interfaces/include/gantry_lidar_interfaces/gantry_lidar_interfaces/srv/detail
[8.580s] -- Installing: /home/lexij/rose_lab/install/gantry_lidar_interfaces/include/gantry_lidar_interfaces/gantry_lidar_interfaces/srv/detail/delete_time_range__rosidl_typesupport_fastrtps_cpp.hpp
[8.580s] -- Installing: /home/lexij/rose_lab/install/gantry_lidar_interfaces/include/gantry_lidar_interfaces/gantry_lidar_interfaces/srv/detail/download_time_range__rosidl_typesupport_fastrtps_cpp.hpp
[8.580s] -- Installing: /home/lexij/rose_lab/install/gantry_lidar_interfaces/include/gantry_lidar_interfaces/gantry_lidar_interfaces/srv/detail/download_name__rosidl_typesupport_fastrtps_cpp.hpp
[8.580s] -- Installing: /home/lexij/rose_lab/install/gantry_lidar_interfaces/include/gantry_lidar_interfaces/gantry_lidar_interfaces/srv/detail/dds_fastrtps
[8.580s] -- Installing: /home/lexij/rose_lab/install/gantry_lidar_interfaces/include/gantry_lidar_interfaces/gantry_lidar_interfaces/srv/detail/delete_name__rosidl_typesupport_fastrtps_cpp.hpp
[8.580s] -- Installing: /home/lexij/rose_lab/install/gantry_lidar_interfaces/include/gantry_lidar_interfaces/gantry_lidar_interfaces/srv/detail/capture__rosidl_typesupport_fastrtps_cpp.hpp
[8.580s] -- Installing: /home/lexij/rose_lab/install/gantry_lidar_interfaces/lib/libgantry_lidar_interfaces__rosidl_typesupport_fastrtps_cpp.so
[8.580s] -- Set non-toolchain portion of runtime path of "/home/lexij/rose_lab/install/gantry_lidar_interfaces/lib/libgantry_lidar_interfaces__rosidl_typesupport_fastrtps_cpp.so" to ""
[8.581s] -- Up-to-date: /home/lexij/rose_lab/install/gantry_lidar_interfaces/include/gantry_lidar_interfaces/gantry_lidar_interfaces
[8.581s] -- Up-to-date: /home/lexij/rose_lab/install/gantry_lidar_interfaces/include/gantry_lidar_interfaces/gantry_lidar_interfaces/srv
[8.581s] -- Up-to-date: /home/lexij/rose_lab/install/gantry_lidar_interfaces/include/gantry_lidar_interfaces/gantry_lidar_interfaces/srv/detail
[8.581s] -- Installing: /home/lexij/rose_lab/install/gantry_lidar_interfaces/include/gantry_lidar_interfaces/gantry_lidar_interfaces/srv/detail/delete_time_range__rosidl_typesupport_introspection_cpp.hpp
[8.581s] -- Installing: /home/lexij/rose_lab/install/gantry_lidar_interfaces/include/gantry_lidar_interfaces/gantry_lidar_interfaces/srv/detail/download_time_range__rosidl_typesupport_introspection_cpp.hpp
[8.581s] -- Installing: /home/lexij/rose_lab/install/gantry_lidar_interfaces/include/gantry_lidar_interfaces/gantry_lidar_interfaces/srv/detail/delete_name__type_support.cpp
[8.581s] -- Installing: /home/lexij/rose_lab/install/gantry_lidar_interfaces/include/gantry_lidar_interfaces/gantry_lidar_interfaces/srv/detail/capture__rosidl_typesupport_introspection_cpp.hpp
[8.581s] -- Installing: /home/lexij/rose_lab/install/gantry_lidar_interfaces/include/gantry_lidar_interfaces/gantry_lidar_interfaces/srv/detail/delete_name__rosidl_typesupport_introspection_cpp.hpp
[8.582s] -- Installing: /home/lexij/rose_lab/install/gantry_lidar_interfaces/include/gantry_lidar_interfaces/gantry_lidar_interfaces/srv/detail/capture__type_support.cpp
[8.582s] -- Installing: /home/lexij/rose_lab/install/gantry_lidar_interfaces/include/gantry_lidar_interfaces/gantry_lidar_interfaces/srv/detail/delete_time_range__type_support.cpp
[8.582s] -- Installing: /home/lexij/rose_lab/install/gantry_lidar_interfaces/include/gantry_lidar_interfaces/gantry_lidar_interfaces/srv/detail/download_name__type_support.cpp
[8.582s] -- Installing: /home/lexij/rose_lab/install/gantry_lidar_interfaces/include/gantry_lidar_interfaces/gantry_lidar_interfaces/srv/detail/download_time_range__type_support.cpp
[8.582s] -- Installing: /home/lexij/rose_lab/install/gantry_lidar_interfaces/include/gantry_lidar_interfaces/gantry_lidar_interfaces/srv/detail/download_name__rosidl_typesupport_introspection_cpp.hpp
[8.582s] -- Installing: /home/lexij/rose_lab/install/gantry_lidar_interfaces/lib/libgantry_lidar_interfaces__rosidl_typesupport_introspection_cpp.so
[8.582s] -- Set non-toolchain portion of runtime path of "/home/lexij/rose_lab/install/gantry_lidar_interfaces/lib/libgantry_lidar_interfaces__rosidl_typesupport_introspection_cpp.so" to ""
[8.582s] -- Installing: /home/lexij/rose_lab/install/gantry_lidar_interfaces/lib/libgantry_lidar_interfaces__rosidl_typesupport_cpp.so
[8.582s] -- Set non-toolchain portion of runtime path of "/home/lexij/rose_lab/install/gantry_lidar_interfaces/lib/libgantry_lidar_interfaces__rosidl_typesupport_cpp.so" to ""
[8.582s] -- Installing: /home/lexij/rose_lab/install/gantry_lidar_interfaces/share/gantry_lidar_interfaces/environment/pythonpath.sh
[8.582s] -- Installing: /home/lexij/rose_lab/install/gantry_lidar_interfaces/share/gantry_lidar_interfaces/environment/pythonpath.dsv
[8.583s] -- Installing: /home/lexij/rose_lab/install/gantry_lidar_interfaces/lib/python3.12/site-packages/gantry_lidar_interfaces-0.0.0-py3.12.egg-info
[8.583s] -- Installing: /home/lexij/rose_lab/install/gantry_lidar_interfaces/lib/python3.12/site-packages/gantry_lidar_interfaces-0.0.0-py3.12.egg-info/top_level.txt
[8.583s] -- Installing: /home/lexij/rose_lab/install/gantry_lidar_interfaces/lib/python3.12/site-packages/gantry_lidar_interfaces-0.0.0-py3.12.egg-info/PKG-INFO
[8.583s] -- Installing: /home/lexij/rose_lab/install/gantry_lidar_interfaces/lib/python3.12/site-packages/gantry_lidar_interfaces-0.0.0-py3.12.egg-info/dependency_links.txt
[8.583s] -- Installing: /home/lexij/rose_lab/install/gantry_lidar_interfaces/lib/python3.12/site-packages/gantry_lidar_interfaces-0.0.0-py3.12.egg-info/SOURCES.txt
[8.583s] -- Installing: /home/lexij/rose_lab/install/gantry_lidar_interfaces/lib/python3.12/site-packages/gantry_lidar_interfaces
[8.583s] -- Installing: /home/lexij/rose_lab/install/gantry_lidar_interfaces/lib/python3.12/site-packages/gantry_lidar_interfaces/gantry_lidar_interfaces_s__rosidl_typesupport_fastrtps_c.so
[8.583s] -- Installing: /home/lexij/rose_lab/install/gantry_lidar_interfaces/lib/python3.12/site-packages/gantry_lidar_interfaces/_gantry_lidar_interfaces_s.ep.rosidl_typesupport_fastrtps_c.c
[8.584s] -- Installing: /home/lexij/rose_lab/install/gantry_lidar_interfaces/lib/python3.12/site-packages/gantry_lidar_interfaces/_gantry_lidar_interfaces_s.ep.rosidl_typesupport_introspection_c.c
[8.584s] -- Installing: /home/lexij/rose_lab/install/gantry_lidar_interfaces/lib/python3.12/site-packages/gantry_lidar_interfaces/__init__.py
[8.584s] -- Installing: /home/lexij/rose_lab/install/gantry_lidar_interfaces/lib/python3.12/site-packages/gantry_lidar_interfaces/_gantry_lidar_interfaces_s.ep.rosidl_typesupport_c.c
[8.584s] -- Installing: /home/lexij/rose_lab/install/gantry_lidar_interfaces/lib/python3.12/site-packages/gantry_lidar_interfaces/gantry_lidar_interfaces_s__rosidl_typesupport_introspection_c.so
[8.585s] -- Installing: /home/lexij/rose_lab/install/gantry_lidar_interfaces/lib/python3.12/site-packages/gantry_lidar_interfaces/gantry_lidar_interfaces_s__rosidl_typesupport_c.so
[8.585s] -- Installing: /home/lexij/rose_lab/install/gantry_lidar_interfaces/lib/python3.12/site-packages/gantry_lidar_interfaces/srv
[8.585s] -- Installing: /home/lexij/rose_lab/install/gantry_lidar_interfaces/lib/python3.12/site-packages/gantry_lidar_interfaces/srv/_delete_name_s.c
[8.585s] -- Installing: /home/lexij/rose_lab/install/gantry_lidar_interfaces/lib/python3.12/site-packages/gantry_lidar_interfaces/srv/_delete_name.py
[8.585s] -- Installing: /home/lexij/rose_lab/install/gantry_lidar_interfaces/lib/python3.12/site-packages/gantry_lidar_interfaces/srv/__init__.py
[8.585s] -- Installing: /home/lexij/rose_lab/install/gantry_lidar_interfaces/lib/python3.12/site-packages/gantry_lidar_interfaces/srv/_capture.py
[8.585s] -- Installing: /home/lexij/rose_lab/install/gantry_lidar_interfaces/lib/python3.12/site-packages/gantry_lidar_interfaces/srv/_download_time_range_s.c
[8.585s] -- Installing: /home/lexij/rose_lab/install/gantry_lidar_interfaces/lib/python3.12/site-packages/gantry_lidar_interfaces/srv/_download_name.py
[8.585s] -- Installing: /home/lexij/rose_lab/install/gantry_lidar_interfaces/lib/python3.12/site-packages/gantry_lidar_interfaces/srv/_delete_time_range.py
[8.585s] -- Installing: /home/lexij/rose_lab/install/gantry_lidar_interfaces/lib/python3.12/site-packages/gantry_lidar_interfaces/srv/_capture_s.c
[8.585s] -- Installing: /home/lexij/rose_lab/install/gantry_lidar_interfaces/lib/python3.12/site-packages/gantry_lidar_interfaces/srv/_delete_time_range_s.c
[8.585s] -- Installing: /home/lexij/rose_lab/install/gantry_lidar_interfaces/lib/python3.12/site-packages/gantry_lidar_interfaces/srv/_download_time_range.py
[8.585s] -- Installing: /home/lexij/rose_lab/install/gantry_lidar_interfaces/lib/python3.12/site-packages/gantry_lidar_interfaces/srv/_download_name_s.c
[8.625s] Listing '/home/lexij/rose_lab/install/gantry_lidar_interfaces/lib/python3.12/site-packages/gantry_lidar_interfaces'...
[8.625s] Compiling '/home/lexij/rose_lab/install/gantry_lidar_interfaces/lib/python3.12/site-packages/gantry_lidar_interfaces/__init__.py'...
[8.625s] Listing '/home/lexij/rose_lab/install/gantry_lidar_interfaces/lib/python3.12/site-packages/gantry_lidar_interfaces/srv'...
[8.625s] Compiling '/home/lexij/rose_lab/install/gantry_lidar_interfaces/lib/python3.12/site-packages/gantry_lidar_interfaces/srv/__init__.py'...
[8.625s] Compiling '/home/lexij/rose_lab/install/gantry_lidar_interfaces/lib/python3.12/site-packages/gantry_lidar_interfaces/srv/_capture.py'...
[8.625s] Compiling '/home/lexij/rose_lab/install/gantry_lidar_interfaces/lib/python3.12/site-packages/gantry_lidar_interfaces/srv/_delete_name.py'...
[8.625s] Compiling '/home/lexij/rose_lab/install/gantry_lidar_interfaces/lib/python3.12/site-packages/gantry_lidar_interfaces/srv/_delete_time_range.py'...
[8.625s] Compiling '/home/lexij/rose_lab/install/gantry_lidar_interfaces/lib/python3.12/site-packages/gantry_lidar_interfaces/srv/_download_name.py'...
[8.625s] Compiling '/home/lexij/rose_lab/install/gantry_lidar_interfaces/lib/python3.12/site-packages/gantry_lidar_interfaces/srv/_download_time_range.py'...
[8.629s] -- Installing: /home/lexij/rose_lab/install/gantry_lidar_interfaces/lib/python3.12/site-packages/gantry_lidar_interfaces/gantry_lidar_interfaces_s__rosidl_typesupport_fastrtps_c.so
[8.629s] -- Set non-toolchain portion of runtime path of "/home/lexij/rose_lab/install/gantry_lidar_interfaces/lib/python3.12/site-packages/gantry_lidar_interfaces/gantry_lidar_interfaces_s__rosidl_typesupport_fastrtps_c.so" to ""
[8.630s] -- Installing: /home/lexij/rose_lab/install/gantry_lidar_interfaces/lib/python3.12/site-packages/gantry_lidar_interfaces/gantry_lidar_interfaces_s__rosidl_typesupport_introspection_c.so
[8.630s] -- Set non-toolchain portion of runtime path of "/home/lexij/rose_lab/install/gantry_lidar_interfaces/lib/python3.12/site-packages/gantry_lidar_interfaces/gantry_lidar_interfaces_s__rosidl_typesupport_introspection_c.so" to ""
[8.631s] -- Installing: /home/lexij/rose_lab/install/gantry_lidar_interfaces/lib/python3.12/site-packages/gantry_lidar_interfaces/gantry_lidar_interfaces_s__rosidl_typesupport_c.so
[8.631s] -- Set non-toolchain portion of runtime path of "/home/lexij/rose_lab/install/gantry_lidar_interfaces/lib/python3.12/site-packages/gantry_lidar_interfaces/gantry_lidar_interfaces_s__rosidl_typesupport_c.so" to ""
[8.631s] -- Installing: /home/lexij/rose_lab/install/gantry_lidar_interfaces/lib/libgantry_lidar_interfaces__rosidl_generator_py.so
[8.632s] -- Set non-toolchain portion of runtime path of "/home/lexij/rose_lab/install/gantry_lidar_interfaces/lib/libgantry_lidar_interfaces__rosidl_generator_py.so" to ""
[8.632s] -- Installing: /home/lexij/rose_lab/install/gantry_lidar_interfaces/share/gantry_lidar_interfaces/srv/Capture.idl
[8.632s] -- Installing: /home/lexij/rose_lab/install/gantry_lidar_interfaces/share/gantry_lidar_interfaces/srv/DeleteName.idl
[8.632s] -- Installing: /home/lexij/rose_lab/install/gantry_lidar_interfaces/share/gantry_lidar_interfaces/srv/DeleteTimeRange.idl
[8.632s] -- Installing: /home/lexij/rose_lab/install/gantry_lidar_interfaces/share/gantry_lidar_interfaces/srv/DownloadName.idl
[8.633s] -- Installing: /home/lexij/rose_lab/install/gantry_lidar_interfaces/share/gantry_lidar_interfaces/srv/DownloadTimeRange.idl
[8.633s] -- Installing: /home/lexij/rose_lab/install/gantry_lidar_interfaces/share/gantry_lidar_interfaces/srv/Capture.srv
[8.633s] -- Installing: /home/lexij/rose_lab/install/gantry_lidar_interfaces/share/gantry_lidar_interfaces/srv/DeleteName.srv
[8.633s] -- Installing: /home/lexij/rose_lab/install/gantry_lidar_interfaces/share/gantry_lidar_interfaces/srv/DeleteTimeRange.srv
[8.633s] -- Installing: /home/lexij/rose_lab/install/gantry_lidar_interfaces/share/gantry_lidar_interfaces/srv/DownloadName.srv
[8.633s] -- Installing: /home/lexij/rose_lab/install/gantry_lidar_interfaces/share/gantry_lidar_interfaces/srv/DownloadTimeRange.srv
[8.633s] -- Installing: /home/lexij/rose_lab/install/gantry_lidar_interfaces/share/ament_index/resource_index/package_run_dependencies/gantry_lidar_interfaces
[8.634s] -- Installing: /home/lexij/rose_lab/install/gantry_lidar_interfaces/share/ament_index/resource_index/parent_prefix_path/gantry_lidar_interfaces
[8.634s] -- Installing: /home/lexij/rose_lab/install/gantry_lidar_interfaces/share/gantry_lidar_interfaces/environment/ament_prefix_path.sh
[8.634s] -- Installing: /home/lexij/rose_lab/install/gantry_lidar_interfaces/share/gantry_lidar_interfaces/environment/ament_prefix_path.dsv
[8.634s] -- Installing: /home/lexij/rose_lab/install/gantry_lidar_interfaces/share/gantry_lidar_interfaces/environment/path.sh
[8.634s] -- Installing: /home/lexij/rose_lab/install/gantry_lidar_interfaces/share/gantry_lidar_interfaces/environment/path.dsv
[8.634s] -- Installing: /home/lexij/rose_lab/install/gantry_lidar_interfaces/share/gantry_lidar_interfaces/local_setup.bash
[8.634s] -- Installing: /home/lexij/rose_lab/install/gantry_lidar_interfaces/share/gantry_lidar_interfaces/local_setup.sh
[8.634s] -- Installing: /home/lexij/rose_lab/install/gantry_lidar_interfaces/share/gantry_lidar_interfaces/local_setup.zsh
[8.634s] -- Installing: /home/lexij/rose_lab/install/gantry_lidar_interfaces/share/gantry_lidar_interfaces/local_setup.dsv
[8.634s] -- Installing: /home/lexij/rose_lab/install/gantry_lidar_interfaces/share/gantry_lidar_interfaces/package.dsv
[8.635s] -- Installing: /home/lexij/rose_lab/install/gantry_lidar_interfaces/share/ament_index/resource_index/packages/gantry_lidar_interfaces
[8.635s] -- Installing: /home/lexij/rose_lab/install/gantry_lidar_interfaces/share/gantry_lidar_interfaces/cmake/export_gantry_lidar_interfaces__rosidl_generator_cExport.cmake
[8.635s] -- Installing: /home/lexij/rose_lab/install/gantry_lidar_interfaces/share/gantry_lidar_interfaces/cmake/export_gantry_lidar_interfaces__rosidl_generator_cExport-noconfig.cmake
[8.635s] -- Installing: /home/lexij/rose_lab/install/gantry_lidar_interfaces/share/gantry_lidar_interfaces/cmake/export_gantry_lidar_interfaces__rosidl_typesupport_fastrtps_cExport.cmake
[8.635s] -- Installing: /home/lexij/rose_lab/install/gantry_lidar_interfaces/share/gantry_lidar_interfaces/cmake/export_gantry_lidar_interfaces__rosidl_typesupport_fastrtps_cExport-noconfig.cmake
[8.635s] -- Installing: /home/lexij/rose_lab/install/gantry_lidar_interfaces/share/gantry_lidar_interfaces/cmake/gantry_lidar_interfaces__rosidl_typesupport_introspection_cExport.cmake
[8.635s] -- Installing: /home/lexij/rose_lab/install/gantry_lidar_interfaces/share/gantry_lidar_interfaces/cmake/gantry_lidar_interfaces__rosidl_typesupport_introspection_cExport-noconfig.cmake
[8.635s] -- Installing: /home/lexij/rose_lab/install/gantry_lidar_interfaces/share/gantry_lidar_interfaces/cmake/gantry_lidar_interfaces__rosidl_typesupport_cExport.cmake
[8.635s] -- Installing: /home/lexij/rose_lab/install/gantry_lidar_interfaces/share/gantry_lidar_interfaces/cmake/gantry_lidar_interfaces__rosidl_typesupport_cExport-noconfig.cmake
[8.635s] -- Installing: /home/lexij/rose_lab/install/gantry_lidar_interfaces/share/gantry_lidar_interfaces/cmake/export_gantry_lidar_interfaces__rosidl_generator_cppExport.cmake
[8.635s] -- Installing: /home/lexij/rose_lab/install/gantry_lidar_interfaces/share/gantry_lidar_interfaces/cmake/export_gantry_lidar_interfaces__rosidl_typesupport_fastrtps_cppExport.cmake
[8.636s] -- Installing: /home/lexij/rose_lab/install/gantry_lidar_interfaces/share/gantry_lidar_interfaces/cmake/export_gantry_lidar_interfaces__rosidl_typesupport_fastrtps_cppExport-noconfig.cmake
[8.636s] -- Installing: /home/lexij/rose_lab/install/gantry_lidar_interfaces/share/gantry_lidar_interfaces/cmake/gantry_lidar_interfaces__rosidl_typesupport_introspection_cppExport.cmake
[8.636s] -- Installing: /home/lexij/rose_lab/install/gantry_lidar_interfaces/share/gantry_lidar_interfaces/cmake/gantry_lidar_interfaces__rosidl_typesupport_introspection_cppExport-noconfig.cmake
[8.636s] -- Installing: /home/lexij/rose_lab/install/gantry_lidar_interfaces/share/gantry_lidar_interfaces/cmake/gantry_lidar_interfaces__rosidl_typesupport_cppExport.cmake
[8.636s] -- Installing: /home/lexij/rose_lab/install/gantry_lidar_interfaces/share/gantry_lidar_interfaces/cmake/gantry_lidar_interfaces__rosidl_typesupport_cppExport-noconfig.cmake
[8.636s] -- Installing: /home/lexij/rose_lab/install/gantry_lidar_interfaces/share/gantry_lidar_interfaces/cmake/export_gantry_lidar_interfaces__rosidl_generator_pyExport.cmake
[8.636s] -- Installing: /home/lexij/rose_lab/install/gantry_lidar_interfaces/share/gantry_lidar_interfaces/cmake/export_gantry_lidar_interfaces__rosidl_generator_pyExport-noconfig.cmake
[8.636s] -- Installing: /home/lexij/rose_lab/install/gantry_lidar_interfaces/share/gantry_lidar_interfaces/cmake/rosidl_cmake-extras.cmake
[8.636s] -- Installing: /home/lexij/rose_lab/install/gantry_lidar_interfaces/share/gantry_lidar_interfaces/cmake/ament_cmake_export_dependencies-extras.cmake
[8.637s] -- Installing: /home/lexij/rose_lab/install/gantry_lidar_interfaces/share/gantry_lidar_interfaces/cmake/ament_cmake_export_include_directories-extras.cmake
[8.637s] -- Installing: /home/lexij/rose_lab/install/gantry_lidar_interfaces/share/gantry_lidar_interfaces/cmake/ament_cmake_export_libraries-extras.cmake
[8.637s] -- Installing: /home/lexij/rose_lab/install/gantry_lidar_interfaces/share/gantry_lidar_interfaces/cmake/ament_cmake_export_targets-extras.cmake
[8.637s] -- Installing: /home/lexij/rose_lab/install/gantry_lidar_interfaces/share/gantry_lidar_interfaces/cmake/rosidl_cmake_export_typesupport_targets-extras.cmake
[8.637s] -- Installing: /home/lexij/rose_lab/install/gantry_lidar_interfaces/share/gantry_lidar_interfaces/cmake/rosidl_cmake_export_typesupport_libraries-extras.cmake
[8.637s] -- Installing: /home/lexij/rose_lab/install/gantry_lidar_interfaces/share/gantry_lidar_interfaces/cmake/gantry_lidar_interfacesConfig.cmake
[8.637s] -- Installing: /home/lexij/rose_lab/install/gantry_lidar_interfaces/share/gantry_lidar_interfaces/cmake/gantry_lidar_interfacesConfig-version.cmake
[8.637s] -- Installing: /home/lexij/rose_lab/install/gantry_lidar_interfaces/share/gantry_lidar_interfaces/package.xml
[8.639s] Invoked command in '/home/lexij/rose_lab/build/gantry_lidar_interfaces' returned '0': CMAKE_PREFIX_PATH=${CMAKE_PREFIX_PATH}:/home/lexij/rose_lab/install/gantry_path:/home/lexij/rose_lab/install/dummy:/opt/ros/jazzy /usr/bin/cmake --install /home/lexij/rose_lab/build/gantry_lidar_interfaces
