[1.123s] Invoking command in '/home/lexij/rose_lab/rose_lidar/src/gantry_path': PYTHONPATH=/home/lexij/rose_lab/build/gantry_path/prefix_override:/usr/lib/python3/dist-packages/colcon_core/task/python/colcon_distutils_commands:/home/lexij/rose_lab/install/gantry_path/lib/python3.12/site-packages:${PYTHONPATH} /usr/bin/python3 -W ignore:setup.py install is deprecated -W ignore:easy_install command is deprecated setup.py egg_info --egg-base ../../../build/gantry_path build --build-base /home/lexij/rose_lab/build/gantry_path/build install --record /home/lexij/rose_lab/build/gantry_path/install.log --single-version-externally-managed install_data
[1.295s] running egg_info
[1.307s] writing ../../../build/gantry_path/gantry_path.egg-info/PKG-INFO
[1.308s] writing dependency_links to ../../../build/gantry_path/gantry_path.egg-info/dependency_links.txt
[1.308s] writing entry points to ../../../build/gantry_path/gantry_path.egg-info/entry_points.txt
[1.308s] writing requirements to ../../../build/gantry_path/gantry_path.egg-info/requires.txt
[1.308s] writing top-level names to ../../../build/gantry_path/gantry_path.egg-info/top_level.txt
[1.332s] reading manifest file '../../../build/gantry_path/gantry_path.egg-info/SOURCES.txt'
[1.333s] writing manifest file '../../../build/gantry_path/gantry_path.egg-info/SOURCES.txt'
[1.333s] running build
[1.334s] running build_py
[1.334s] running install
[1.338s] running install_lib
[1.353s] running install_data
[1.353s] running install_egg_info
[1.365s] removing '/home/lexij/rose_lab/install/gantry_path/lib/python3.12/site-packages/gantry_path-0.0.0-py3.12.egg-info' (and everything under it)
[1.366s] Copying ../../../build/gantry_path/gantry_path.egg-info to /home/lexij/rose_lab/install/gantry_path/lib/python3.12/site-packages/gantry_path-0.0.0-py3.12.egg-info
[1.367s] running install_scripts
[1.455s] Installing gantry_capture_service script to /home/lexij/rose_lab/install/gantry_path/lib/gantry_path
[1.456s] Installing gantry_command script to /home/lexij/rose_lab/install/gantry_path/lib/gantry_path
[1.456s] writing list of installed files to '/home/lexij/rose_lab/build/gantry_path/install.log'
[1.494s] Invoked command in '/home/lexij/rose_lab/rose_lidar/src/gantry_path' returned '0': PYTHONPATH=/home/lexij/rose_lab/build/gantry_path/prefix_override:/usr/lib/python3/dist-packages/colcon_core/task/python/colcon_distutils_commands:/home/lexij/rose_lab/install/gantry_path/lib/python3.12/site-packages:${PYTHONPATH} /usr/bin/python3 -W ignore:setup.py install is deprecated -W ignore:easy_install command is deprecated setup.py egg_info --egg-base ../../../build/gantry_path build --build-base /home/lexij/rose_lab/build/gantry_path/build install --record /home/lexij/rose_lab/build/gantry_path/install.log --single-version-externally-managed install_data
