[0.413s] DEBUG:colcon:Command line arguments: ['/usr/bin/colcon', 'build']
[0.413s] DEBUG:colcon:Parsed command line arguments: Namespace(log_base=None, log_level=None, verb_name='build', build_base='build', install_base='install', merge_install=False, symlink_install=False, test_result_base=None, continue_on_error=False, executor='parallel', parallel_workers=22, event_handlers=None, ignore_user_meta=False, metas=['./colcon.meta'], base_paths=['.'], packages_ignore=None, packages_ignore_regex=None, paths=None, packages_up_to=None, packages_up_to_regex=None, packages_above=None, packages_above_and_dependencies=None, packages_above_depth=None, packages_select_by_dep=None, packages_skip_by_dep=None, packages_skip_up_to=None, packages_select_build_failed=False, packages_skip_build_finished=False, packages_select_test_failures=False, packages_skip_test_passed=False, packages_select=None, packages_skip=None, packages_select_regex=None, packages_skip_regex=None, packages_start=None, packages_end=None, allow_overriding=[], cmake_args=None, cmake_target=None, cmake_target_skip_unavailable=False, cmake_clean_cache=False, cmake_clean_first=False, cmake_force_configure=False, ament_cmake_args=None, catkin_cmake_args=None, catkin_skip_building_tests=False, mixin_files=None, mixin=None, verb_parser=<colcon_mixin.mixin.mixin_argument.MixinArgumentDecorator object at 0x7814fa87a030>, verb_extension=<colcon_core.verb.build.BuildVerb object at 0x7814fa9a2210>, main=<bound method BuildVerb.main of <colcon_core.verb.build.BuildVerb object at 0x7814fa9a2210>>, mixin_verb=('build',))
[0.466s] Level 1:colcon.colcon_core.package_discovery:discover_packages(colcon_meta) check parameters
[0.466s] Level 1:colcon.colcon_core.package_discovery:discover_packages(recursive) check parameters
[0.466s] Level 1:colcon.colcon_core.package_discovery:discover_packages(ignore) check parameters
[0.466s] Level 1:colcon.colcon_core.package_discovery:discover_packages(path) check parameters
[0.466s] Level 1:colcon.colcon_core.package_discovery:discover_packages(colcon_meta) discover
[0.466s] Level 1:colcon.colcon_core.package_discovery:discover_packages(recursive) discover
[0.466s] INFO:colcon.colcon_core.package_discovery:Crawling recursively for packages in '/home/lexij/rose_lab'
[0.466s] Level 1:colcon.colcon_core.package_identification:_identify(.) by extensions ['ignore', 'ignore_ament_install']
[0.467s] Level 1:colcon.colcon_core.package_identification:_identify(.) by extension 'ignore'
[0.467s] Level 1:colcon.colcon_core.package_identification:_identify(.) by extension 'ignore_ament_install'
[0.467s] Level 1:colcon.colcon_core.package_identification:_identify(.) by extensions ['colcon_pkg']
[0.467s] Level 1:colcon.colcon_core.package_identification:_identify(.) by extension 'colcon_pkg'
[0.467s] Level 1:colcon.colcon_core.package_identification:_identify(.) by extensions ['colcon_meta']
[0.467s] Level 1:colcon.colcon_core.package_identification:_identify(.) by extension 'colcon_meta'
[0.467s] Level 1:colcon.colcon_core.package_identification:_identify(.) by extensions ['ros']
[0.467s] Level 1:colcon.colcon_core.package_identification:_identify(.) by extension 'ros'
[0.502s] Level 1:colcon.colcon_core.package_identification:_identify(.) by extensions ['cmake', 'python']
[0.502s] Level 1:colcon.colcon_core.package_identification:_identify(.) by extension 'cmake'
[0.502s] Level 1:colcon.colcon_core.package_identification:_identify(.) by extension 'python'
[0.502s] Level 1:colcon.colcon_core.package_identification:_identify(.) by extensions ['python_setup_py']
[0.502s] Level 1:colcon.colcon_core.package_identification:_identify(.) by extension 'python_setup_py'
[0.502s] Level 1:colcon.colcon_core.package_identification:_identify(build) by extensions ['ignore', 'ignore_ament_install']
[0.502s] Level 1:colcon.colcon_core.package_identification:_identify(build) by extension 'ignore'
[0.502s] Level 1:colcon.colcon_core.package_identification:_identify(build) ignored
[0.503s] Level 1:colcon.colcon_core.package_identification:_identify(dummy) by extensions ['ignore', 'ignore_ament_install']
[0.503s] Level 1:colcon.colcon_core.package_identification:_identify(dummy) by extension 'ignore'
[0.503s] Level 1:colcon.colcon_core.package_identification:_identify(dummy) by extension 'ignore_ament_install'
[0.504s] Level 1:colcon.colcon_core.package_identification:_identify(dummy) by extensions ['colcon_pkg']
[0.504s] Level 1:colcon.colcon_core.package_identification:_identify(dummy) by extension 'colcon_pkg'
[0.504s] Level 1:colcon.colcon_core.package_identification:_identify(dummy) by extensions ['colcon_meta']
[0.504s] Level 1:colcon.colcon_core.package_identification:_identify(dummy) by extension 'colcon_meta'
[0.504s] Level 1:colcon.colcon_core.package_identification:_identify(dummy) by extensions ['ros']
[0.504s] Level 1:colcon.colcon_core.package_identification:_identify(dummy) by extension 'ros'
[0.508s] DEBUG:colcon.colcon_core.package_identification:Package 'dummy' with type 'ros.ament_python' and name 'dummy'
[0.508s] Level 1:colcon.colcon_core.package_identification:_identify(install) by extensions ['ignore', 'ignore_ament_install']
[0.509s] Level 1:colcon.colcon_core.package_identification:_identify(install) by extension 'ignore'
[0.509s] Level 1:colcon.colcon_core.package_identification:_identify(install) ignored
[0.509s] Level 1:colcon.colcon_core.package_identification:_identify(log) by extensions ['ignore', 'ignore_ament_install']
[0.509s] Level 1:colcon.colcon_core.package_identification:_identify(log) by extension 'ignore'
[0.509s] Level 1:colcon.colcon_core.package_identification:_identify(log) ignored
[0.509s] Level 1:colcon.colcon_core.package_identification:_identify(rose_lidar) by extensions ['ignore', 'ignore_ament_install']
[0.509s] Level 1:colcon.colcon_core.package_identification:_identify(rose_lidar) by extension 'ignore'
[0.509s] Level 1:colcon.colcon_core.package_identification:_identify(rose_lidar) by extension 'ignore_ament_install'
[0.509s] Level 1:colcon.colcon_core.package_identification:_identify(rose_lidar) by extensions ['colcon_pkg']
[0.509s] Level 1:colcon.colcon_core.package_identification:_identify(rose_lidar) by extension 'colcon_pkg'
[0.509s] Level 1:colcon.colcon_core.package_identification:_identify(rose_lidar) by extensions ['colcon_meta']
[0.509s] Level 1:colcon.colcon_core.package_identification:_identify(rose_lidar) by extension 'colcon_meta'
[0.509s] Level 1:colcon.colcon_core.package_identification:_identify(rose_lidar) by extensions ['ros']
[0.510s] Level 1:colcon.colcon_core.package_identification:_identify(rose_lidar) by extension 'ros'
[0.510s] Level 1:colcon.colcon_core.package_identification:_identify(rose_lidar) by extensions ['cmake', 'python']
[0.510s] Level 1:colcon.colcon_core.package_identification:_identify(rose_lidar) by extension 'cmake'
[0.510s] Level 1:colcon.colcon_core.package_identification:_identify(rose_lidar) by extension 'python'
[0.510s] Level 1:colcon.colcon_core.package_identification:_identify(rose_lidar) by extensions ['python_setup_py']
[0.510s] Level 1:colcon.colcon_core.package_identification:_identify(rose_lidar) by extension 'python_setup_py'
[0.510s] Level 1:colcon.colcon_core.package_identification:_identify(rose_lidar/build) by extensions ['ignore', 'ignore_ament_install']
[0.510s] Level 1:colcon.colcon_core.package_identification:_identify(rose_lidar/build) by extension 'ignore'
[0.510s] Level 1:colcon.colcon_core.package_identification:_identify(rose_lidar/build) ignored
[0.510s] Level 1:colcon.colcon_core.package_identification:_identify(rose_lidar/install) by extensions ['ignore', 'ignore_ament_install']
[0.510s] Level 1:colcon.colcon_core.package_identification:_identify(rose_lidar/install) by extension 'ignore'
[0.510s] Level 1:colcon.colcon_core.package_identification:_identify(rose_lidar/install) ignored
[0.510s] Level 1:colcon.colcon_core.package_identification:_identify(rose_lidar/log) by extensions ['ignore', 'ignore_ament_install']
[0.510s] Level 1:colcon.colcon_core.package_identification:_identify(rose_lidar/log) by extension 'ignore'
[0.510s] Level 1:colcon.colcon_core.package_identification:_identify(rose_lidar/log) ignored
[0.510s] Level 1:colcon.colcon_core.package_identification:_identify(rose_lidar/src) by extensions ['ignore', 'ignore_ament_install']
[0.511s] Level 1:colcon.colcon_core.package_identification:_identify(rose_lidar/src) by extension 'ignore'
[0.511s] Level 1:colcon.colcon_core.package_identification:_identify(rose_lidar/src) by extension 'ignore_ament_install'
[0.511s] Level 1:colcon.colcon_core.package_identification:_identify(rose_lidar/src) by extensions ['colcon_pkg']
[0.511s] Level 1:colcon.colcon_core.package_identification:_identify(rose_lidar/src) by extension 'colcon_pkg'
[0.511s] Level 1:colcon.colcon_core.package_identification:_identify(rose_lidar/src) by extensions ['colcon_meta']
[0.511s] Level 1:colcon.colcon_core.package_identification:_identify(rose_lidar/src) by extension 'colcon_meta'
[0.511s] Level 1:colcon.colcon_core.package_identification:_identify(rose_lidar/src) by extensions ['ros']
[0.511s] Level 1:colcon.colcon_core.package_identification:_identify(rose_lidar/src) by extension 'ros'
[0.511s] Level 1:colcon.colcon_core.package_identification:_identify(rose_lidar/src) by extensions ['cmake', 'python']
[0.511s] Level 1:colcon.colcon_core.package_identification:_identify(rose_lidar/src) by extension 'cmake'
[0.511s] Level 1:colcon.colcon_core.package_identification:_identify(rose_lidar/src) by extension 'python'
[0.511s] Level 1:colcon.colcon_core.package_identification:_identify(rose_lidar/src) by extensions ['python_setup_py']
[0.511s] Level 1:colcon.colcon_core.package_identification:_identify(rose_lidar/src) by extension 'python_setup_py'
[0.511s] Level 1:colcon.colcon_core.package_identification:_identify(rose_lidar/src/gantry_lidar_interfaces) by extensions ['ignore', 'ignore_ament_install']
[0.511s] Level 1:colcon.colcon_core.package_identification:_identify(rose_lidar/src/gantry_lidar_interfaces) by extension 'ignore'
[0.511s] Level 1:colcon.colcon_core.package_identification:_identify(rose_lidar/src/gantry_lidar_interfaces) by extension 'ignore_ament_install'
[0.512s] Level 1:colcon.colcon_core.package_identification:_identify(rose_lidar/src/gantry_lidar_interfaces) by extensions ['colcon_pkg']
[0.512s] Level 1:colcon.colcon_core.package_identification:_identify(rose_lidar/src/gantry_lidar_interfaces) by extension 'colcon_pkg'
[0.512s] Level 1:colcon.colcon_core.package_identification:_identify(rose_lidar/src/gantry_lidar_interfaces) by extensions ['colcon_meta']
[0.512s] Level 1:colcon.colcon_core.package_identification:_identify(rose_lidar/src/gantry_lidar_interfaces) by extension 'colcon_meta'
[0.512s] Level 1:colcon.colcon_core.package_identification:_identify(rose_lidar/src/gantry_lidar_interfaces) by extensions ['ros']
[0.512s] Level 1:colcon.colcon_core.package_identification:_identify(rose_lidar/src/gantry_lidar_interfaces) by extension 'ros'
[0.512s] DEBUG:colcon.colcon_core.package_identification:Package 'rose_lidar/src/gantry_lidar_interfaces' with type 'ros.ament_cmake' and name 'gantry_lidar_interfaces'
[0.512s] Level 1:colcon.colcon_core.package_identification:_identify(rose_lidar/src/gantry_path) by extensions ['ignore', 'ignore_ament_install']
[0.512s] Level 1:colcon.colcon_core.package_identification:_identify(rose_lidar/src/gantry_path) by extension 'ignore'
[0.512s] Level 1:colcon.colcon_core.package_identification:_identify(rose_lidar/src/gantry_path) by extension 'ignore_ament_install'
[0.512s] Level 1:colcon.colcon_core.package_identification:_identify(rose_lidar/src/gantry_path) by extensions ['colcon_pkg']
[0.512s] Level 1:colcon.colcon_core.package_identification:_identify(rose_lidar/src/gantry_path) by extension 'colcon_pkg'
[0.512s] Level 1:colcon.colcon_core.package_identification:_identify(rose_lidar/src/gantry_path) by extensions ['colcon_meta']
[0.512s] Level 1:colcon.colcon_core.package_identification:_identify(rose_lidar/src/gantry_path) by extension 'colcon_meta'
[0.513s] Level 1:colcon.colcon_core.package_identification:_identify(rose_lidar/src/gantry_path) by extensions ['ros']
[0.513s] Level 1:colcon.colcon_core.package_identification:_identify(rose_lidar/src/gantry_path) by extension 'ros'
[0.513s] DEBUG:colcon.colcon_core.package_identification:Package 'rose_lidar/src/gantry_path' with type 'ros.ament_python' and name 'gantry_path'
[0.513s] Level 1:colcon.colcon_core.package_discovery:discover_packages(recursive) using defaults
[0.513s] Level 1:colcon.colcon_core.package_discovery:discover_packages(ignore) discover
[0.513s] Level 1:colcon.colcon_core.package_discovery:discover_packages(ignore) using defaults
[0.513s] Level 1:colcon.colcon_core.package_discovery:discover_packages(path) discover
[0.513s] Level 1:colcon.colcon_core.package_discovery:discover_packages(path) using defaults
[0.535s] Level 1:colcon.colcon_core.package_discovery:discover_packages(prefix_path) check parameters
[0.535s] Level 1:colcon.colcon_core.package_discovery:discover_packages(prefix_path) discover
[0.537s] DEBUG:colcon.colcon_installed_package_information.package_discovery:Found 3 installed packages in /home/lexij/rose_lab/install
[0.538s] DEBUG:colcon.colcon_installed_package_information.package_discovery:Found 318 installed packages in /opt/ros/jazzy
[0.541s] Level 1:colcon.colcon_core.package_discovery:discover_packages(prefix_path) using defaults
[0.585s] Level 5:colcon.colcon_core.verb:set package 'dummy' build argument 'cmake_args' from command line to 'None'
[0.585s] Level 5:colcon.colcon_core.verb:set package 'dummy' build argument 'cmake_target' from command line to 'None'
[0.585s] Level 5:colcon.colcon_core.verb:set package 'dummy' build argument 'cmake_target_skip_unavailable' from command line to 'False'
[0.585s] Level 5:colcon.colcon_core.verb:set package 'dummy' build argument 'cmake_clean_cache' from command line to 'False'
[0.585s] Level 5:colcon.colcon_core.verb:set package 'dummy' build argument 'cmake_clean_first' from command line to 'False'
[0.585s] Level 5:colcon.colcon_core.verb:set package 'dummy' build argument 'cmake_force_configure' from command line to 'False'
[0.585s] Level 5:colcon.colcon_core.verb:set package 'dummy' build argument 'ament_cmake_args' from command line to 'None'
[0.585s] Level 5:colcon.colcon_core.verb:set package 'dummy' build argument 'catkin_cmake_args' from command line to 'None'
[0.585s] Level 5:colcon.colcon_core.verb:set package 'dummy' build argument 'catkin_skip_building_tests' from command line to 'False'
[0.585s] DEBUG:colcon.colcon_core.verb:Building package 'dummy' with the following arguments: {'ament_cmake_args': None, 'build_base': '/home/lexij/rose_lab/build/dummy', 'catkin_cmake_args': None, 'catkin_skip_building_tests': False, 'cmake_args': None, 'cmake_clean_cache': False, 'cmake_clean_first': False, 'cmake_force_configure': False, 'cmake_target': None, 'cmake_target_skip_unavailable': False, 'install_base': '/home/lexij/rose_lab/install/dummy', 'merge_install': False, 'path': '/home/lexij/rose_lab/dummy', 'symlink_install': False, 'test_result_base': None}
[0.586s] Level 5:colcon.colcon_core.verb:set package 'gantry_lidar_interfaces' build argument 'cmake_args' from command line to 'None'
[0.586s] Level 5:colcon.colcon_core.verb:set package 'gantry_lidar_interfaces' build argument 'cmake_target' from command line to 'None'
[0.586s] Level 5:colcon.colcon_core.verb:set package 'gantry_lidar_interfaces' build argument 'cmake_target_skip_unavailable' from command line to 'False'
[0.586s] Level 5:colcon.colcon_core.verb:set package 'gantry_lidar_interfaces' build argument 'cmake_clean_cache' from command line to 'False'
[0.586s] Level 5:colcon.colcon_core.verb:set package 'gantry_lidar_interfaces' build argument 'cmake_clean_first' from command line to 'False'
[0.586s] Level 5:colcon.colcon_core.verb:set package 'gantry_lidar_interfaces' build argument 'cmake_force_configure' from command line to 'False'
[0.586s] Level 5:colcon.colcon_core.verb:set package 'gantry_lidar_interfaces' build argument 'ament_cmake_args' from command line to 'None'
[0.586s] Level 5:colcon.colcon_core.verb:set package 'gantry_lidar_interfaces' build argument 'catkin_cmake_args' from command line to 'None'
[0.586s] Level 5:colcon.colcon_core.verb:set package 'gantry_lidar_interfaces' build argument 'catkin_skip_building_tests' from command line to 'False'
[0.586s] DEBUG:colcon.colcon_core.verb:Building package 'gantry_lidar_interfaces' with the following arguments: {'ament_cmake_args': None, 'build_base': '/home/lexij/rose_lab/build/gantry_lidar_interfaces', 'catkin_cmake_args': None, 'catkin_skip_building_tests': False, 'cmake_args': None, 'cmake_clean_cache': False, 'cmake_clean_first': False, 'cmake_force_configure': False, 'cmake_target': None, 'cmake_target_skip_unavailable': False, 'install_base': '/home/lexij/rose_lab/install/gantry_lidar_interfaces', 'merge_install': False, 'path': '/home/lexij/rose_lab/rose_lidar/src/gantry_lidar_interfaces', 'symlink_install': False, 'test_result_base': None}
[0.586s] Level 5:colcon.colcon_core.verb:set package 'gantry_path' build argument 'cmake_args' from command line to 'None'
[0.586s] Level 5:colcon.colcon_core.verb:set package 'gantry_path' build argument 'cmake_target' from command line to 'None'
[0.586s] Level 5:colcon.colcon_core.verb:set package 'gantry_path' build argument 'cmake_target_skip_unavailable' from command line to 'False'
[0.586s] Level 5:colcon.colcon_core.verb:set package 'gantry_path' build argument 'cmake_clean_cache' from command line to 'False'
[0.586s] Level 5:colcon.colcon_core.verb:set package 'gantry_path' build argument 'cmake_clean_first' from command line to 'False'
[0.586s] Level 5:colcon.colcon_core.verb:set package 'gantry_path' build argument 'cmake_force_configure' from command line to 'False'
[0.586s] Level 5:colcon.colcon_core.verb:set package 'gantry_path' build argument 'ament_cmake_args' from command line to 'None'
[0.586s] Level 5:colcon.colcon_core.verb:set package 'gantry_path' build argument 'catkin_cmake_args' from command line to 'None'
[0.586s] Level 5:colcon.colcon_core.verb:set package 'gantry_path' build argument 'catkin_skip_building_tests' from command line to 'False'
[0.586s] DEBUG:colcon.colcon_core.verb:Building package 'gantry_path' with the following arguments: {'ament_cmake_args': None, 'build_base': '/home/lexij/rose_lab/build/gantry_path', 'catkin_cmake_args': None, 'catkin_skip_building_tests': False, 'cmake_args': None, 'cmake_clean_cache': False, 'cmake_clean_first': False, 'cmake_force_configure': False, 'cmake_target': None, 'cmake_target_skip_unavailable': False, 'install_base': '/home/lexij/rose_lab/install/gantry_path', 'merge_install': False, 'path': '/home/lexij/rose_lab/rose_lidar/src/gantry_path', 'symlink_install': False, 'test_result_base': None}
[0.586s] INFO:colcon.colcon_core.executor:Executing jobs using 'parallel' executor
[0.588s] DEBUG:colcon.colcon_parallel_executor.executor.parallel:run_until_complete
[0.588s] INFO:colcon.colcon_ros.task.ament_python.build:Building ROS package in '/home/lexij/rose_lab/dummy' with build type 'ament_python'
[0.588s] Level 1:colcon.colcon_core.shell:create_environment_hook('dummy', 'ament_prefix_path')
[0.590s] INFO:colcon.colcon_core.plugin_system:Skipping extension 'colcon_core.shell.bat': Not used on non-Windows systems
[0.591s] INFO:colcon.colcon_core.shell:Creating environment hook '/home/lexij/rose_lab/install/dummy/share/dummy/hook/ament_prefix_path.ps1'
[0.592s] INFO:colcon.colcon_core.shell:Creating environment descriptor '/home/lexij/rose_lab/install/dummy/share/dummy/hook/ament_prefix_path.dsv'
[0.592s] INFO:colcon.colcon_core.shell:Creating environment hook '/home/lexij/rose_lab/install/dummy/share/dummy/hook/ament_prefix_path.sh'
[0.593s] INFO:colcon.colcon_core.shell:Skip shell extension 'powershell' for command environment: Not usable outside of PowerShell
[0.593s] DEBUG:colcon.colcon_core.shell:Skip shell extension 'dsv' for command environment
[0.598s] INFO:colcon.colcon_ros.task.ament_cmake.build:Building ROS package in '/home/lexij/rose_lab/rose_lidar/src/gantry_lidar_interfaces' with build type 'ament_cmake'
[0.599s] INFO:colcon.colcon_cmake.task.cmake.build:Building CMake package in '/home/lexij/rose_lab/rose_lidar/src/gantry_lidar_interfaces'
[0.599s] INFO:colcon.colcon_core.shell:Skip shell extension 'powershell' for command environment: Not usable outside of PowerShell
[0.599s] DEBUG:colcon.colcon_core.shell:Skip shell extension 'dsv' for command environment
[0.603s] INFO:colcon.colcon_ros.task.ament_python.build:Building ROS package in '/home/lexij/rose_lab/rose_lidar/src/gantry_path' with build type 'ament_python'
[0.603s] Level 1:colcon.colcon_core.shell:create_environment_hook('gantry_path', 'ament_prefix_path')
[0.603s] INFO:colcon.colcon_core.shell:Creating environment hook '/home/lexij/rose_lab/install/gantry_path/share/gantry_path/hook/ament_prefix_path.ps1'
[0.604s] INFO:colcon.colcon_core.shell:Creating environment descriptor '/home/lexij/rose_lab/install/gantry_path/share/gantry_path/hook/ament_prefix_path.dsv'
[0.605s] INFO:colcon.colcon_core.shell:Creating environment hook '/home/lexij/rose_lab/install/gantry_path/share/gantry_path/hook/ament_prefix_path.sh'
[0.605s] INFO:colcon.colcon_core.shell:Skip shell extension 'powershell' for command environment: Not usable outside of PowerShell
[0.605s] DEBUG:colcon.colcon_core.shell:Skip shell extension 'dsv' for command environment
[0.897s] INFO:colcon.colcon_core.task.python.build:Building Python package in '/home/lexij/rose_lab/dummy'
[0.897s] INFO:colcon.colcon_core.shell:Skip shell extension 'powershell' for command environment: Not usable outside of PowerShell
[0.897s] DEBUG:colcon.colcon_core.shell:Skip shell extension 'dsv' for command environment
[0.910s] DEBUG:colcon.colcon_core.event_handler.log_command:Invoking command in '/home/lexij/rose_lab/build/gantry_lidar_interfaces': CMAKE_PREFIX_PATH=${CMAKE_PREFIX_PATH}:/home/lexij/rose_lab/install/gantry_path:/home/lexij/rose_lab/install/dummy:/opt/ros/jazzy /usr/bin/cmake --build /home/lexij/rose_lab/build/gantry_lidar_interfaces -- -j22 -l22
[1.213s] INFO:colcon.colcon_core.task.python.build:Building Python package in '/home/lexij/rose_lab/rose_lidar/src/gantry_path'
[1.213s] INFO:colcon.colcon_core.shell:Skip shell extension 'powershell' for command environment: Not usable outside of PowerShell
[1.213s] DEBUG:colcon.colcon_core.shell:Skip shell extension 'dsv' for command environment
[1.446s] DEBUG:colcon.colcon_core.event_handler.log_command:Invoked command in '/home/lexij/rose_lab/build/gantry_lidar_interfaces' returned '0': CMAKE_PREFIX_PATH=${CMAKE_PREFIX_PATH}:/home/lexij/rose_lab/install/gantry_path:/home/lexij/rose_lab/install/dummy:/opt/ros/jazzy /usr/bin/cmake --build /home/lexij/rose_lab/build/gantry_lidar_interfaces -- -j22 -l22
[1.459s] DEBUG:colcon.colcon_core.event_handler.log_command:Invoking command in '/home/lexij/rose_lab/build/gantry_lidar_interfaces': CMAKE_PREFIX_PATH=${CMAKE_PREFIX_PATH}:/home/lexij/rose_lab/install/gantry_path:/home/lexij/rose_lab/install/dummy:/opt/ros/jazzy /usr/bin/cmake --install /home/lexij/rose_lab/build/gantry_lidar_interfaces
[1.531s] Level 1:colcon.colcon_core.environment:create_environment_scripts_only(gantry_lidar_interfaces)
[1.532s] DEBUG:colcon.colcon_core.event_handler.log_command:Invoked command in '/home/lexij/rose_lab/build/gantry_lidar_interfaces' returned '0': CMAKE_PREFIX_PATH=${CMAKE_PREFIX_PATH}:/home/lexij/rose_lab/install/gantry_path:/home/lexij/rose_lab/install/dummy:/opt/ros/jazzy /usr/bin/cmake --install /home/lexij/rose_lab/build/gantry_lidar_interfaces
[1.534s] Level 1:colcon.colcon_core.environment:checking '/home/lexij/rose_lab/install/gantry_lidar_interfaces' for CMake module files
[1.534s] Level 1:colcon.colcon_core.environment:checking '/home/lexij/rose_lab/install/gantry_lidar_interfaces' for CMake config files
[1.535s] Level 1:colcon.colcon_core.shell:create_environment_hook('gantry_lidar_interfaces', 'cmake_prefix_path')
[1.535s] INFO:colcon.colcon_core.shell:Creating environment hook '/home/lexij/rose_lab/install/gantry_lidar_interfaces/share/gantry_lidar_interfaces/hook/cmake_prefix_path.ps1'
[1.536s] INFO:colcon.colcon_core.shell:Creating environment descriptor '/home/lexij/rose_lab/install/gantry_lidar_interfaces/share/gantry_lidar_interfaces/hook/cmake_prefix_path.dsv'
[1.536s] INFO:colcon.colcon_core.shell:Creating environment hook '/home/lexij/rose_lab/install/gantry_lidar_interfaces/share/gantry_lidar_interfaces/hook/cmake_prefix_path.sh'
[1.537s] Level 1:colcon.colcon_core.environment:checking '/home/lexij/rose_lab/install/gantry_lidar_interfaces/lib'
[1.537s] Level 1:colcon.colcon_core.shell:create_environment_hook('gantry_lidar_interfaces', 'ld_library_path_lib')
[1.538s] INFO:colcon.colcon_core.shell:Creating environment hook '/home/lexij/rose_lab/install/gantry_lidar_interfaces/share/gantry_lidar_interfaces/hook/ld_library_path_lib.ps1'
[1.538s] INFO:colcon.colcon_core.shell:Creating environment descriptor '/home/lexij/rose_lab/install/gantry_lidar_interfaces/share/gantry_lidar_interfaces/hook/ld_library_path_lib.dsv'
[1.538s] INFO:colcon.colcon_core.shell:Creating environment hook '/home/lexij/rose_lab/install/gantry_lidar_interfaces/share/gantry_lidar_interfaces/hook/ld_library_path_lib.sh'
[1.539s] Level 1:colcon.colcon_core.environment:checking '/home/lexij/rose_lab/install/gantry_lidar_interfaces/bin'
[1.539s] Level 1:colcon.colcon_core.environment:checking '/home/lexij/rose_lab/install/gantry_lidar_interfaces/lib/pkgconfig/gantry_lidar_interfaces.pc'
[1.539s] Level 1:colcon.colcon_core.environment:checking '/home/lexij/rose_lab/install/gantry_lidar_interfaces/lib/python3.12/site-packages'
[1.539s] Level 1:colcon.colcon_core.shell:create_environment_hook('gantry_lidar_interfaces', 'pythonpath')
[1.539s] INFO:colcon.colcon_core.shell:Creating environment hook '/home/lexij/rose_lab/install/gantry_lidar_interfaces/share/gantry_lidar_interfaces/hook/pythonpath.ps1'
[1.540s] INFO:colcon.colcon_core.shell:Creating environment descriptor '/home/lexij/rose_lab/install/gantry_lidar_interfaces/share/gantry_lidar_interfaces/hook/pythonpath.dsv'
[1.540s] INFO:colcon.colcon_core.shell:Creating environment hook '/home/lexij/rose_lab/install/gantry_lidar_interfaces/share/gantry_lidar_interfaces/hook/pythonpath.sh'
[1.541s] Level 1:colcon.colcon_core.environment:checking '/home/lexij/rose_lab/install/gantry_lidar_interfaces/bin'
[1.541s] INFO:colcon.colcon_core.shell:Creating package script '/home/lexij/rose_lab/install/gantry_lidar_interfaces/share/gantry_lidar_interfaces/package.ps1'
[1.542s] INFO:colcon.colcon_core.shell:Creating package descriptor '/home/lexij/rose_lab/install/gantry_lidar_interfaces/share/gantry_lidar_interfaces/package.dsv'
[1.542s] INFO:colcon.colcon_core.shell:Creating package script '/home/lexij/rose_lab/install/gantry_lidar_interfaces/share/gantry_lidar_interfaces/package.sh'
[1.543s] INFO:colcon.colcon_core.shell:Creating package script '/home/lexij/rose_lab/install/gantry_lidar_interfaces/share/gantry_lidar_interfaces/package.bash'
[1.544s] INFO:colcon.colcon_core.shell:Creating package script '/home/lexij/rose_lab/install/gantry_lidar_interfaces/share/gantry_lidar_interfaces/package.zsh'
[1.544s] Level 1:colcon.colcon_core.environment:create_file_with_runtime_dependencies(/home/lexij/rose_lab/install/gantry_lidar_interfaces/share/colcon-core/packages/gantry_lidar_interfaces)
[1.545s] Level 1:colcon.colcon_core.environment:create_environment_scripts_only(gantry_lidar_interfaces)
[1.545s] Level 1:colcon.colcon_core.environment:checking '/home/lexij/rose_lab/install/gantry_lidar_interfaces' for CMake module files
[1.545s] Level 1:colcon.colcon_core.environment:checking '/home/lexij/rose_lab/install/gantry_lidar_interfaces' for CMake config files
[1.546s] Level 1:colcon.colcon_core.shell:create_environment_hook('gantry_lidar_interfaces', 'cmake_prefix_path')
[1.546s] INFO:colcon.colcon_core.shell:Creating environment hook '/home/lexij/rose_lab/install/gantry_lidar_interfaces/share/gantry_lidar_interfaces/hook/cmake_prefix_path.ps1'
[1.546s] INFO:colcon.colcon_core.shell:Creating environment descriptor '/home/lexij/rose_lab/install/gantry_lidar_interfaces/share/gantry_lidar_interfaces/hook/cmake_prefix_path.dsv'
[1.547s] INFO:colcon.colcon_core.shell:Creating environment hook '/home/lexij/rose_lab/install/gantry_lidar_interfaces/share/gantry_lidar_interfaces/hook/cmake_prefix_path.sh'
[1.548s] Level 1:colcon.colcon_core.environment:checking '/home/lexij/rose_lab/install/gantry_lidar_interfaces/lib'
[1.548s] Level 1:colcon.colcon_core.shell:create_environment_hook('gantry_lidar_interfaces', 'ld_library_path_lib')
[1.548s] INFO:colcon.colcon_core.shell:Creating environment hook '/home/lexij/rose_lab/install/gantry_lidar_interfaces/share/gantry_lidar_interfaces/hook/ld_library_path_lib.ps1'
[1.548s] INFO:colcon.colcon_core.shell:Creating environment descriptor '/home/lexij/rose_lab/install/gantry_lidar_interfaces/share/gantry_lidar_interfaces/hook/ld_library_path_lib.dsv'
[1.549s] INFO:colcon.colcon_core.shell:Creating environment hook '/home/lexij/rose_lab/install/gantry_lidar_interfaces/share/gantry_lidar_interfaces/hook/ld_library_path_lib.sh'
[1.549s] Level 1:colcon.colcon_core.environment:checking '/home/lexij/rose_lab/install/gantry_lidar_interfaces/bin'
[1.549s] Level 1:colcon.colcon_core.environment:checking '/home/lexij/rose_lab/install/gantry_lidar_interfaces/lib/pkgconfig/gantry_lidar_interfaces.pc'
[1.549s] Level 1:colcon.colcon_core.environment:checking '/home/lexij/rose_lab/install/gantry_lidar_interfaces/lib/python3.12/site-packages'
[1.549s] Level 1:colcon.colcon_core.shell:create_environment_hook('gantry_lidar_interfaces', 'pythonpath')
[1.550s] INFO:colcon.colcon_core.shell:Creating environment hook '/home/lexij/rose_lab/install/gantry_lidar_interfaces/share/gantry_lidar_interfaces/hook/pythonpath.ps1'
[1.550s] INFO:colcon.colcon_core.shell:Creating environment descriptor '/home/lexij/rose_lab/install/gantry_lidar_interfaces/share/gantry_lidar_interfaces/hook/pythonpath.dsv'
[1.551s] INFO:colcon.colcon_core.shell:Creating environment hook '/home/lexij/rose_lab/install/gantry_lidar_interfaces/share/gantry_lidar_interfaces/hook/pythonpath.sh'
[1.551s] Level 1:colcon.colcon_core.environment:checking '/home/lexij/rose_lab/install/gantry_lidar_interfaces/bin'
[1.551s] INFO:colcon.colcon_core.shell:Creating package script '/home/lexij/rose_lab/install/gantry_lidar_interfaces/share/gantry_lidar_interfaces/package.ps1'
[1.552s] INFO:colcon.colcon_core.shell:Creating package descriptor '/home/lexij/rose_lab/install/gantry_lidar_interfaces/share/gantry_lidar_interfaces/package.dsv'
[1.552s] INFO:colcon.colcon_core.shell:Creating package script '/home/lexij/rose_lab/install/gantry_lidar_interfaces/share/gantry_lidar_interfaces/package.sh'
[1.553s] INFO:colcon.colcon_core.shell:Creating package script '/home/lexij/rose_lab/install/gantry_lidar_interfaces/share/gantry_lidar_interfaces/package.bash'
[1.553s] INFO:colcon.colcon_core.shell:Creating package script '/home/lexij/rose_lab/install/gantry_lidar_interfaces/share/gantry_lidar_interfaces/package.zsh'
[1.554s] Level 1:colcon.colcon_core.environment:create_file_with_runtime_dependencies(/home/lexij/rose_lab/install/gantry_lidar_interfaces/share/colcon-core/packages/gantry_lidar_interfaces)
[1.858s] DEBUG:colcon.colcon_core.event_handler.log_command:Invoking command in '/home/lexij/rose_lab/rose_lidar/src/gantry_path': PYTHONPATH=/home/lexij/rose_lab/build/gantry_path/prefix_override:/usr/lib/python3/dist-packages/colcon_core/task/python/colcon_distutils_commands:/home/lexij/rose_lab/install/gantry_path/lib/python3.12/site-packages:${PYTHONPATH} /usr/bin/python3 -W ignore:setup.py install is deprecated -W ignore:easy_install command is deprecated setup.py egg_info --egg-base ../../../build/gantry_path build --build-base /home/lexij/rose_lab/build/gantry_path/build install --record /home/lexij/rose_lab/build/gantry_path/install.log --single-version-externally-managed install_data
[1.862s] DEBUG:colcon.colcon_core.event_handler.log_command:Invoking command in '/home/lexij/rose_lab/dummy': PYTHONPATH=/home/lexij/rose_lab/build/dummy/prefix_override:/usr/lib/python3/dist-packages/colcon_core/task/python/colcon_distutils_commands:/home/lexij/rose_lab/install/dummy/lib/python3.12/site-packages:${PYTHONPATH} /usr/bin/python3 -W ignore:setup.py install is deprecated -W ignore:easy_install command is deprecated setup.py egg_info --egg-base ../build/dummy build --build-base /home/lexij/rose_lab/build/dummy/build install --record /home/lexij/rose_lab/build/dummy/install.log --single-version-externally-managed install_data
[2.481s] Level 1:colcon.colcon_core.environment:checking '/home/lexij/rose_lab/install/gantry_path' for CMake module files
[2.482s] DEBUG:colcon.colcon_core.event_handler.log_command:Invoked command in '/home/lexij/rose_lab/rose_lidar/src/gantry_path' returned '0': PYTHONPATH=/home/lexij/rose_lab/build/gantry_path/prefix_override:/usr/lib/python3/dist-packages/colcon_core/task/python/colcon_distutils_commands:/home/lexij/rose_lab/install/gantry_path/lib/python3.12/site-packages:${PYTHONPATH} /usr/bin/python3 -W ignore:setup.py install is deprecated -W ignore:easy_install command is deprecated setup.py egg_info --egg-base ../../../build/gantry_path build --build-base /home/lexij/rose_lab/build/gantry_path/build install --record /home/lexij/rose_lab/build/gantry_path/install.log --single-version-externally-managed install_data
[2.483s] Level 1:colcon.colcon_core.environment:checking '/home/lexij/rose_lab/install/gantry_path' for CMake config files
[2.483s] Level 1:colcon.colcon_core.environment:checking '/home/lexij/rose_lab/install/gantry_path/lib'
[2.483s] Level 1:colcon.colcon_core.environment:checking '/home/lexij/rose_lab/install/gantry_path/bin'
[2.484s] Level 1:colcon.colcon_core.environment:checking '/home/lexij/rose_lab/install/gantry_path/lib/pkgconfig/gantry_path.pc'
[2.484s] Level 1:colcon.colcon_core.environment:checking '/home/lexij/rose_lab/install/gantry_path/lib/python3.12/site-packages'
[2.484s] Level 1:colcon.colcon_core.shell:create_environment_hook('gantry_path', 'pythonpath')
[2.484s] INFO:colcon.colcon_core.shell:Creating environment hook '/home/lexij/rose_lab/install/gantry_path/share/gantry_path/hook/pythonpath.ps1'
[2.485s] INFO:colcon.colcon_core.shell:Creating environment descriptor '/home/lexij/rose_lab/install/gantry_path/share/gantry_path/hook/pythonpath.dsv'
[2.485s] INFO:colcon.colcon_core.shell:Creating environment hook '/home/lexij/rose_lab/install/gantry_path/share/gantry_path/hook/pythonpath.sh'
[2.486s] Level 1:colcon.colcon_core.environment:checking '/home/lexij/rose_lab/install/gantry_path/bin'
[2.486s] Level 1:colcon.colcon_core.environment:create_environment_scripts_only(gantry_path)
[2.486s] INFO:colcon.colcon_core.shell:Creating package script '/home/lexij/rose_lab/install/gantry_path/share/gantry_path/package.ps1'
[2.487s] INFO:colcon.colcon_core.shell:Creating package descriptor '/home/lexij/rose_lab/install/gantry_path/share/gantry_path/package.dsv'
[2.487s] INFO:colcon.colcon_core.shell:Creating package script '/home/lexij/rose_lab/install/gantry_path/share/gantry_path/package.sh'
[2.488s] INFO:colcon.colcon_core.shell:Creating package script '/home/lexij/rose_lab/install/gantry_path/share/gantry_path/package.bash'
[2.488s] INFO:colcon.colcon_core.shell:Creating package script '/home/lexij/rose_lab/install/gantry_path/share/gantry_path/package.zsh'
[2.488s] Level 1:colcon.colcon_core.environment:create_file_with_runtime_dependencies(/home/lexij/rose_lab/install/gantry_path/share/colcon-core/packages/gantry_path)
[2.491s] Level 1:colcon.colcon_core.environment:checking '/home/lexij/rose_lab/install/dummy' for CMake module files
[2.493s] Level 1:colcon.colcon_core.environment:checking '/home/lexij/rose_lab/install/dummy' for CMake config files
[2.493s] DEBUG:colcon.colcon_core.event_handler.log_command:Invoked command in '/home/lexij/rose_lab/dummy' returned '0': PYTHONPATH=/home/lexij/rose_lab/build/dummy/prefix_override:/usr/lib/python3/dist-packages/colcon_core/task/python/colcon_distutils_commands:/home/lexij/rose_lab/install/dummy/lib/python3.12/site-packages:${PYTHONPATH} /usr/bin/python3 -W ignore:setup.py install is deprecated -W ignore:easy_install command is deprecated setup.py egg_info --egg-base ../build/dummy build --build-base /home/lexij/rose_lab/build/dummy/build install --record /home/lexij/rose_lab/build/dummy/install.log --single-version-externally-managed install_data
[2.494s] Level 1:colcon.colcon_core.environment:checking '/home/lexij/rose_lab/install/dummy/lib'
[2.494s] Level 1:colcon.colcon_core.environment:checking '/home/lexij/rose_lab/install/dummy/bin'
[2.494s] Level 1:colcon.colcon_core.environment:checking '/home/lexij/rose_lab/install/dummy/lib/pkgconfig/dummy.pc'
[2.494s] Level 1:colcon.colcon_core.environment:checking '/home/lexij/rose_lab/install/dummy/lib/python3.12/site-packages'
[2.495s] Level 1:colcon.colcon_core.shell:create_environment_hook('dummy', 'pythonpath')
[2.495s] INFO:colcon.colcon_core.shell:Creating environment hook '/home/lexij/rose_lab/install/dummy/share/dummy/hook/pythonpath.ps1'
[2.496s] INFO:colcon.colcon_core.shell:Creating environment descriptor '/home/lexij/rose_lab/install/dummy/share/dummy/hook/pythonpath.dsv'
[2.496s] INFO:colcon.colcon_core.shell:Creating environment hook '/home/lexij/rose_lab/install/dummy/share/dummy/hook/pythonpath.sh'
[2.497s] Level 1:colcon.colcon_core.environment:checking '/home/lexij/rose_lab/install/dummy/bin'
[2.497s] Level 1:colcon.colcon_core.environment:create_environment_scripts_only(dummy)
[2.497s] INFO:colcon.colcon_core.shell:Creating package script '/home/lexij/rose_lab/install/dummy/share/dummy/package.ps1'
[2.498s] INFO:colcon.colcon_core.shell:Creating package descriptor '/home/lexij/rose_lab/install/dummy/share/dummy/package.dsv'
[2.499s] INFO:colcon.colcon_core.shell:Creating package script '/home/lexij/rose_lab/install/dummy/share/dummy/package.sh'
[2.499s] INFO:colcon.colcon_core.shell:Creating package script '/home/lexij/rose_lab/install/dummy/share/dummy/package.bash'
[2.500s] INFO:colcon.colcon_core.shell:Creating package script '/home/lexij/rose_lab/install/dummy/share/dummy/package.zsh'
[2.500s] Level 1:colcon.colcon_core.environment:create_file_with_runtime_dependencies(/home/lexij/rose_lab/install/dummy/share/colcon-core/packages/dummy)
[2.501s] DEBUG:colcon.colcon_parallel_executor.executor.parallel:closing loop
[2.502s] DEBUG:colcon.colcon_parallel_executor.executor.parallel:loop closed
[2.502s] DEBUG:colcon.colcon_parallel_executor.executor.parallel:run_until_complete finished with '0'
[2.502s] DEBUG:colcon.colcon_core.event_reactor:joining thread
[2.598s] INFO:colcon.colcon_core.plugin_system:Skipping extension 'colcon_notification.desktop_notification.notify_send': Could not find 'notify-send'
[2.598s] INFO:colcon.colcon_core.plugin_system:Skipping extension 'colcon_notification.desktop_notification.terminal_notifier': Not used on non-Darwin systems
[2.599s] INFO:colcon.colcon_core.plugin_system:Skipping extension 'colcon_notification.desktop_notification.win32': Not used on non-Windows systems
[2.599s] INFO:colcon.colcon_notification.desktop_notification:Sending desktop notification using 'notify2'
[2.600s] DEBUG:colcon.colcon_notification.desktop_notification.notify2:Failed to initialize notify2: org.freedesktop.DBus.Error.ServiceUnknown: The name org.freedesktop.Notifications was not provided by any .service files
[2.600s] DEBUG:colcon.colcon_core.event_reactor:joined thread
[2.601s] INFO:colcon.colcon_core.shell:Creating prefix script '/home/lexij/rose_lab/install/local_setup.ps1'
[2.602s] INFO:colcon.colcon_core.shell:Creating prefix util module '/home/lexij/rose_lab/install/_local_setup_util_ps1.py'
[2.603s] INFO:colcon.colcon_core.shell:Creating prefix chain script '/home/lexij/rose_lab/install/setup.ps1'
[2.604s] INFO:colcon.colcon_core.shell:Creating prefix script '/home/lexij/rose_lab/install/local_setup.sh'
[2.604s] INFO:colcon.colcon_core.shell:Creating prefix util module '/home/lexij/rose_lab/install/_local_setup_util_sh.py'
[2.605s] INFO:colcon.colcon_core.shell:Creating prefix chain script '/home/lexij/rose_lab/install/setup.sh'
[2.606s] INFO:colcon.colcon_core.shell:Creating prefix script '/home/lexij/rose_lab/install/local_setup.bash'
[2.607s] INFO:colcon.colcon_core.shell:Creating prefix chain script '/home/lexij/rose_lab/install/setup.bash'
[2.608s] INFO:colcon.colcon_core.shell:Creating prefix script '/home/lexij/rose_lab/install/local_setup.zsh'
[2.608s] INFO:colcon.colcon_core.shell:Creating prefix chain script '/home/lexij/rose_lab/install/setup.zsh'
