[1.638s] Invoking command in '/home/lexij/rose_lab/src/dummy': PYTHONPATH=/home/lexij/rose_lab/build/dummy/prefix_override:/usr/lib/python3/dist-packages/colcon_core/task/python/colcon_distutils_commands:/home/lexij/rose_lab/install/dummy/lib/python3.12/site-packages:${PYTHONPATH} /usr/bin/python3 -W ignore:setup.py install is deprecated -W ignore:easy_install command is deprecated setup.py egg_info --egg-base ../../build/dummy build --build-base /home/lexij/rose_lab/build/dummy/build install --record /home/lexij/rose_lab/build/dummy/install.log --single-version-externally-managed install_data
[1.993s] running egg_info
[2.019s] writing ../../build/dummy/dummy.egg-info/PKG-INFO
[2.020s] writing dependency_links to ../../build/dummy/dummy.egg-info/dependency_links.txt
[2.021s] writing entry points to ../../build/dummy/dummy.egg-info/entry_points.txt
[2.021s] writing requirements to ../../build/dummy/dummy.egg-info/requires.txt
[2.021s] writing top-level names to ../../build/dummy/dummy.egg-info/top_level.txt
[2.070s] reading manifest file '../../build/dummy/dummy.egg-info/SOURCES.txt'
[2.070s] adding license file 'LICENSE'
[2.071s] writing manifest file '../../build/dummy/dummy.egg-info/SOURCES.txt'
[2.071s] running build
[2.072s] running build_py
[2.073s] running install
[2.081s] running install_lib
[2.104s] running install_data
[2.104s] running install_egg_info
[2.130s] removing '/home/lexij/rose_lab/install/dummy/lib/python3.12/site-packages/dummy-0.0.0-py3.12.egg-info' (and everything under it)
[2.132s] Copying ../../build/dummy/dummy.egg-info to /home/lexij/rose_lab/install/dummy/lib/python3.12/site-packages/dummy-0.0.0-py3.12.egg-info
[2.134s] running install_scripts
[2.298s] Installing dummy_gantry script to /home/lexij/rose_lab/install/dummy/lib/dummy
[2.299s] Installing dummy_lidar script to /home/lexij/rose_lab/install/dummy/lib/dummy
[2.299s] writing list of installed files to '/home/lexij/rose_lab/build/dummy/install.log'
[2.338s] Invoked command in '/home/lexij/rose_lab/src/dummy' returned '0': PYTHONPATH=/home/lexij/rose_lab/build/dummy/prefix_override:/usr/lib/python3/dist-packages/colcon_core/task/python/colcon_distutils_commands:/home/lexij/rose_lab/install/dummy/lib/python3.12/site-packages:${PYTHONPATH} /usr/bin/python3 -W ignore:setup.py install is deprecated -W ignore:easy_install command is deprecated setup.py egg_info --egg-base ../../build/dummy build --build-base /home/lexij/rose_lab/build/dummy/build install --record /home/lexij/rose_lab/build/dummy/install.log --single-version-externally-managed install_data
