[0.312s] Invoking command in '/home/lexij/rose_lab/build/gantry_lidar_interfaces': CMAKE_PREFIX_PATH=${CMAKE_PREFIX_PATH}:/home/lexij/rose_lab/install/gantry_path:/home/lexij/rose_lab/install/dummy:/opt/ros/jazzy /usr/bin/cmake --build /home/lexij/rose_lab/build/gantry_lidar_interfaces -- -j22 -l22
[0.621s] [  1%] Built target gantry_lidar_interfaces__rosidl_generator_type_description
[0.622s] [  1%] Built target ament_cmake_python_copy_gantry_lidar_interfaces
[0.622s] [  3%] Built target gantry_lidar_interfaces__cpp
[0.622s] [ 25%] Built target gantry_lidar_interfaces__rosidl_generator_c
[0.622s] [ 34%] Built target gantry_lidar_interfaces__rosidl_typesupport_introspection_c
[0.622s] [ 43%] Built target gantry_lidar_interfaces__rosidl_typesupport_introspection_cpp
[0.623s] [ 53%] Built target gantry_lidar_interfaces__rosidl_typesupport_c
[0.623s] [ 62%] Built target gantry_lidar_interfaces__rosidl_typesupport_fastrtps_c
[0.623s] [ 71%] Built target gantry_lidar_interfaces__rosidl_typesupport_cpp
[0.623s] [ 81%] Built target gantry_lidar_interfaces__rosidl_typesupport_fastrtps_cpp
[0.623s] [ 81%] Built target gantry_lidar_interfaces
[0.623s] [ 82%] Built target gantry_lidar_interfaces__py
[0.623s] [ 90%] Built target gantry_lidar_interfaces__rosidl_generator_py
[0.623s] [ 93%] Built target gantry_lidar_interfaces_s__rosidl_typesupport_c
[0.624s] [ 96%] Built target gantry_lidar_interfaces_s__rosidl_typesupport_fastrtps_c
[0.624s] [100%] Built target gantry_lidar_interfaces_s__rosidl_typesupport_introspection_c
[0.711s] running egg_info
[0.734s] writing gantry_lidar_interfaces.egg-info/PKG-INFO
[0.734s] writing dependency_links to gantry_lidar_interfaces.egg-info/dependency_links.txt
[0.734s] writing top-level names to gantry_lidar_interfaces.egg-info/top_level.txt
[0.796s] reading manifest file 'gantry_lidar_interfaces.egg-info/SOURCES.txt'
[0.797s] writing manifest file 'gantry_lidar_interfaces.egg-info/SOURCES.txt'
[0.833s] [100%] Built target ament_cmake_python_build_gantry_lidar_interfaces_egg
[0.847s] Invoked command in '/home/lexij/rose_lab/build/gantry_lidar_interfaces' returned '0': CMAKE_PREFIX_PATH=${CMAKE_PREFIX_PATH}:/home/lexij/rose_lab/install/gantry_path:/home/lexij/rose_lab/install/dummy:/opt/ros/jazzy /usr/bin/cmake --build /home/lexij/rose_lab/build/gantry_lidar_interfaces -- -j22 -l22
[0.860s] Invoking command in '/home/lexij/rose_lab/build/gantry_lidar_interfaces': CMAKE_PREFIX_PATH=${CMAKE_PREFIX_PATH}:/home/lexij/rose_lab/install/gantry_path:/home/lexij/rose_lab/install/dummy:/opt/ros/jazzy /usr/bin/cmake --install /home/lexij/rose_lab/build/gantry_lidar_interfaces
[0.870s] -- Install configuration: ""
[0.870s] -- Up-to-date: /home/lexij/rose_lab/install/gantry_lidar_interfaces/share/ament_index/resource_index/rosidl_interfaces/gantry_lidar_interfaces
[0.870s] -- Up-to-date: /home/lexij/rose_lab/install/gantry_lidar_interfaces/share/gantry_lidar_interfaces/srv/Capture.json
[0.870s] -- Up-to-date: /home/lexij/rose_lab/install/gantry_lidar_interfaces/share/gantry_lidar_interfaces/srv/DeleteName.json
[0.870s] -- Up-to-date: /home/lexij/rose_lab/install/gantry_lidar_interfaces/share/gantry_lidar_interfaces/srv/DownloadName.json
[0.870s] -- Up-to-date: /home/lexij/rose_lab/install/gantry_lidar_interfaces/share/gantry_lidar_interfaces/srv/BagStart.json
[0.870s] -- Up-to-date: /home/lexij/rose_lab/install/gantry_lidar_interfaces/include/gantry_lidar_interfaces/gantry_lidar_interfaces
[0.871s] -- Up-to-date: /home/lexij/rose_lab/install/gantry_lidar_interfaces/include/gantry_lidar_interfaces/gantry_lidar_interfaces/msg
[0.871s] -- Up-to-date: /home/lexij/rose_lab/install/gantry_lidar_interfaces/include/gantry_lidar_interfaces/gantry_lidar_interfaces/msg/rosidl_generator_c__visibility_control.h
[0.871s] -- Up-to-date: /home/lexij/rose_lab/install/gantry_lidar_interfaces/include/gantry_lidar_interfaces/gantry_lidar_interfaces/srv
[0.871s] -- Up-to-date: /home/lexij/rose_lab/install/gantry_lidar_interfaces/include/gantry_lidar_interfaces/gantry_lidar_interfaces/srv/delete_name.h
[0.872s] -- Up-to-date: /home/lexij/rose_lab/install/gantry_lidar_interfaces/include/gantry_lidar_interfaces/gantry_lidar_interfaces/srv/bag_start.h
[0.872s] -- Up-to-date: /home/lexij/rose_lab/install/gantry_lidar_interfaces/include/gantry_lidar_interfaces/gantry_lidar_interfaces/srv/download_name.h
[0.873s] -- Up-to-date: /home/lexij/rose_lab/install/gantry_lidar_interfaces/include/gantry_lidar_interfaces/gantry_lidar_interfaces/srv/capture.h
[0.873s] -- Up-to-date: /home/lexij/rose_lab/install/gantry_lidar_interfaces/include/gantry_lidar_interfaces/gantry_lidar_interfaces/srv/detail
[0.873s] -- Up-to-date: /home/lexij/rose_lab/install/gantry_lidar_interfaces/include/gantry_lidar_interfaces/gantry_lidar_interfaces/srv/detail/download_name__description.c
[0.873s] -- Up-to-date: /home/lexij/rose_lab/install/gantry_lidar_interfaces/include/gantry_lidar_interfaces/gantry_lidar_interfaces/srv/detail/download_name__functions.h
[0.873s] -- Up-to-date: /home/lexij/rose_lab/install/gantry_lidar_interfaces/include/gantry_lidar_interfaces/gantry_lidar_interfaces/srv/detail/capture__description.c
[0.873s] -- Up-to-date: /home/lexij/rose_lab/install/gantry_lidar_interfaces/include/gantry_lidar_interfaces/gantry_lidar_interfaces/srv/detail/bag_start__type_support.h
[0.873s] -- Up-to-date: /home/lexij/rose_lab/install/gantry_lidar_interfaces/include/gantry_lidar_interfaces/gantry_lidar_interfaces/srv/detail/bag_start__type_support.c
[0.873s] -- Up-to-date: /home/lexij/rose_lab/install/gantry_lidar_interfaces/include/gantry_lidar_interfaces/gantry_lidar_interfaces/srv/detail/download_name__type_support.h
[0.874s] -- Up-to-date: /home/lexij/rose_lab/install/gantry_lidar_interfaces/include/gantry_lidar_interfaces/gantry_lidar_interfaces/srv/detail/delete_name__functions.c
[0.874s] -- Up-to-date: /home/lexij/rose_lab/install/gantry_lidar_interfaces/include/gantry_lidar_interfaces/gantry_lidar_interfaces/srv/detail/download_name__type_support.c
[0.874s] -- Up-to-date: /home/lexij/rose_lab/install/gantry_lidar_interfaces/include/gantry_lidar_interfaces/gantry_lidar_interfaces/srv/detail/delete_name__type_support.h
[0.875s] -- Up-to-date: /home/lexij/rose_lab/install/gantry_lidar_interfaces/include/gantry_lidar_interfaces/gantry_lidar_interfaces/srv/detail/delete_name__description.c
[0.875s] -- Up-to-date: /home/lexij/rose_lab/install/gantry_lidar_interfaces/include/gantry_lidar_interfaces/gantry_lidar_interfaces/srv/detail/bag_start__functions.h
[0.875s] -- Up-to-date: /home/lexij/rose_lab/install/gantry_lidar_interfaces/include/gantry_lidar_interfaces/gantry_lidar_interfaces/srv/detail/download_name__struct.h
[0.875s] -- Up-to-date: /home/lexij/rose_lab/install/gantry_lidar_interfaces/include/gantry_lidar_interfaces/gantry_lidar_interfaces/srv/detail/bag_start__struct.h
[0.875s] -- Up-to-date: /home/lexij/rose_lab/install/gantry_lidar_interfaces/include/gantry_lidar_interfaces/gantry_lidar_interfaces/srv/detail/delete_name__type_support.c
[0.875s] -- Up-to-date: /home/lexij/rose_lab/install/gantry_lidar_interfaces/include/gantry_lidar_interfaces/gantry_lidar_interfaces/srv/detail/capture__functions.h
[0.875s] -- Up-to-date: /home/lexij/rose_lab/install/gantry_lidar_interfaces/include/gantry_lidar_interfaces/gantry_lidar_interfaces/srv/detail/capture__struct.h
[0.876s] -- Up-to-date: /home/lexij/rose_lab/install/gantry_lidar_interfaces/include/gantry_lidar_interfaces/gantry_lidar_interfaces/srv/detail/capture__type_support.h
[0.876s] -- Up-to-date: /home/lexij/rose_lab/install/gantry_lidar_interfaces/include/gantry_lidar_interfaces/gantry_lidar_interfaces/srv/detail/download_name__functions.c
[0.876s] -- Up-to-date: /home/lexij/rose_lab/install/gantry_lidar_interfaces/include/gantry_lidar_interfaces/gantry_lidar_interfaces/srv/detail/delete_name__functions.h
[0.876s] -- Up-to-date: /home/lexij/rose_lab/install/gantry_lidar_interfaces/include/gantry_lidar_interfaces/gantry_lidar_interfaces/srv/detail/capture__functions.c
[0.876s] -- Up-to-date: /home/lexij/rose_lab/install/gantry_lidar_interfaces/include/gantry_lidar_interfaces/gantry_lidar_interfaces/srv/detail/capture__type_support.c
[0.876s] -- Up-to-date: /home/lexij/rose_lab/install/gantry_lidar_interfaces/include/gantry_lidar_interfaces/gantry_lidar_interfaces/srv/detail/delete_name__struct.h
[0.876s] -- Up-to-date: /home/lexij/rose_lab/install/gantry_lidar_interfaces/include/gantry_lidar_interfaces/gantry_lidar_interfaces/srv/detail/bag_start__description.c
[0.876s] -- Up-to-date: /home/lexij/rose_lab/install/gantry_lidar_interfaces/include/gantry_lidar_interfaces/gantry_lidar_interfaces/srv/detail/bag_start__functions.c
[0.877s] -- Up-to-date: /home/lexij/rose_lab/install/gantry_lidar_interfaces/share/gantry_lidar_interfaces/environment/library_path.sh
[0.877s] -- Up-to-date: /home/lexij/rose_lab/install/gantry_lidar_interfaces/share/gantry_lidar_interfaces/environment/library_path.dsv
[0.877s] -- Up-to-date: /home/lexij/rose_lab/install/gantry_lidar_interfaces/lib/libgantry_lidar_interfaces__rosidl_generator_c.so
[0.877s] -- Up-to-date: /home/lexij/rose_lab/install/gantry_lidar_interfaces/include/gantry_lidar_interfaces/gantry_lidar_interfaces
[0.877s] -- Up-to-date: /home/lexij/rose_lab/install/gantry_lidar_interfaces/include/gantry_lidar_interfaces/gantry_lidar_interfaces/msg
[0.877s] -- Up-to-date: /home/lexij/rose_lab/install/gantry_lidar_interfaces/include/gantry_lidar_interfaces/gantry_lidar_interfaces/msg/rosidl_typesupport_fastrtps_c__visibility_control.h
[0.877s] -- Up-to-date: /home/lexij/rose_lab/install/gantry_lidar_interfaces/include/gantry_lidar_interfaces/gantry_lidar_interfaces/srv
[0.877s] -- Up-to-date: /home/lexij/rose_lab/install/gantry_lidar_interfaces/include/gantry_lidar_interfaces/gantry_lidar_interfaces/srv/detail
[0.877s] -- Up-to-date: /home/lexij/rose_lab/install/gantry_lidar_interfaces/include/gantry_lidar_interfaces/gantry_lidar_interfaces/srv/detail/download_name__rosidl_typesupport_fastrtps_c.h
[0.877s] -- Up-to-date: /home/lexij/rose_lab/install/gantry_lidar_interfaces/include/gantry_lidar_interfaces/gantry_lidar_interfaces/srv/detail/capture__rosidl_typesupport_fastrtps_c.h
[0.878s] -- Up-to-date: /home/lexij/rose_lab/install/gantry_lidar_interfaces/include/gantry_lidar_interfaces/gantry_lidar_interfaces/srv/detail/bag_start__rosidl_typesupport_fastrtps_c.h
[0.878s] -- Up-to-date: /home/lexij/rose_lab/install/gantry_lidar_interfaces/include/gantry_lidar_interfaces/gantry_lidar_interfaces/srv/detail/delete_name__rosidl_typesupport_fastrtps_c.h
[0.878s] -- Up-to-date: /home/lexij/rose_lab/install/gantry_lidar_interfaces/lib/libgantry_lidar_interfaces__rosidl_typesupport_fastrtps_c.so
[0.878s] -- Up-to-date: /home/lexij/rose_lab/install/gantry_lidar_interfaces/include/gantry_lidar_interfaces/gantry_lidar_interfaces
[0.878s] -- Up-to-date: /home/lexij/rose_lab/install/gantry_lidar_interfaces/include/gantry_lidar_interfaces/gantry_lidar_interfaces/msg
[0.878s] -- Up-to-date: /home/lexij/rose_lab/install/gantry_lidar_interfaces/include/gantry_lidar_interfaces/gantry_lidar_interfaces/msg/rosidl_typesupport_introspection_c__visibility_control.h
[0.878s] -- Up-to-date: /home/lexij/rose_lab/install/gantry_lidar_interfaces/include/gantry_lidar_interfaces/gantry_lidar_interfaces/srv
[0.878s] -- Up-to-date: /home/lexij/rose_lab/install/gantry_lidar_interfaces/include/gantry_lidar_interfaces/gantry_lidar_interfaces/srv/detail
[0.879s] -- Up-to-date: /home/lexij/rose_lab/install/gantry_lidar_interfaces/include/gantry_lidar_interfaces/gantry_lidar_interfaces/srv/detail/capture__rosidl_typesupport_introspection_c.h
[0.879s] -- Up-to-date: /home/lexij/rose_lab/install/gantry_lidar_interfaces/include/gantry_lidar_interfaces/gantry_lidar_interfaces/srv/detail/download_name__rosidl_typesupport_introspection_c.h
[0.879s] -- Up-to-date: /home/lexij/rose_lab/install/gantry_lidar_interfaces/include/gantry_lidar_interfaces/gantry_lidar_interfaces/srv/detail/delete_name__rosidl_typesupport_introspection_c.h
[0.879s] -- Up-to-date: /home/lexij/rose_lab/install/gantry_lidar_interfaces/include/gantry_lidar_interfaces/gantry_lidar_interfaces/srv/detail/bag_start__type_support.c
[0.879s] -- Up-to-date: /home/lexij/rose_lab/install/gantry_lidar_interfaces/include/gantry_lidar_interfaces/gantry_lidar_interfaces/srv/detail/download_name__type_support.c
[0.879s] -- Up-to-date: /home/lexij/rose_lab/install/gantry_lidar_interfaces/include/gantry_lidar_interfaces/gantry_lidar_interfaces/srv/detail/delete_name__type_support.c
[0.879s] -- Up-to-date: /home/lexij/rose_lab/install/gantry_lidar_interfaces/include/gantry_lidar_interfaces/gantry_lidar_interfaces/srv/detail/bag_start__rosidl_typesupport_introspection_c.h
[0.879s] -- Up-to-date: /home/lexij/rose_lab/install/gantry_lidar_interfaces/include/gantry_lidar_interfaces/gantry_lidar_interfaces/srv/detail/capture__type_support.c
[0.879s] -- Up-to-date: /home/lexij/rose_lab/install/gantry_lidar_interfaces/lib/libgantry_lidar_interfaces__rosidl_typesupport_introspection_c.so
[0.880s] -- Up-to-date: /home/lexij/rose_lab/install/gantry_lidar_interfaces/lib/libgantry_lidar_interfaces__rosidl_typesupport_c.so
[0.880s] -- Up-to-date: /home/lexij/rose_lab/install/gantry_lidar_interfaces/include/gantry_lidar_interfaces/gantry_lidar_interfaces
[0.881s] -- Up-to-date: /home/lexij/rose_lab/install/gantry_lidar_interfaces/include/gantry_lidar_interfaces/gantry_lidar_interfaces/msg
[0.881s] -- Up-to-date: /home/lexij/rose_lab/install/gantry_lidar_interfaces/include/gantry_lidar_interfaces/gantry_lidar_interfaces/msg/rosidl_generator_cpp__visibility_control.hpp
[0.881s] -- Up-to-date: /home/lexij/rose_lab/install/gantry_lidar_interfaces/include/gantry_lidar_interfaces/gantry_lidar_interfaces/srv
[0.881s] -- Up-to-date: /home/lexij/rose_lab/install/gantry_lidar_interfaces/include/gantry_lidar_interfaces/gantry_lidar_interfaces/srv/bag_start.hpp
[0.881s] -- Up-to-date: /home/lexij/rose_lab/install/gantry_lidar_interfaces/include/gantry_lidar_interfaces/gantry_lidar_interfaces/srv/detail
[0.881s] -- Up-to-date: /home/lexij/rose_lab/install/gantry_lidar_interfaces/include/gantry_lidar_interfaces/gantry_lidar_interfaces/srv/detail/bag_start__builder.hpp
[0.881s] -- Up-to-date: /home/lexij/rose_lab/install/gantry_lidar_interfaces/include/gantry_lidar_interfaces/gantry_lidar_interfaces/srv/detail/capture__traits.hpp
[0.881s] -- Up-to-date: /home/lexij/rose_lab/install/gantry_lidar_interfaces/include/gantry_lidar_interfaces/gantry_lidar_interfaces/srv/detail/delete_name__type_support.hpp
[0.882s] -- Up-to-date: /home/lexij/rose_lab/install/gantry_lidar_interfaces/include/gantry_lidar_interfaces/gantry_lidar_interfaces/srv/detail/bag_start__struct.hpp
[0.882s] -- Up-to-date: /home/lexij/rose_lab/install/gantry_lidar_interfaces/include/gantry_lidar_interfaces/gantry_lidar_interfaces/srv/detail/download_name__builder.hpp
[0.882s] -- Up-to-date: /home/lexij/rose_lab/install/gantry_lidar_interfaces/include/gantry_lidar_interfaces/gantry_lidar_interfaces/srv/detail/download_name__struct.hpp
[0.882s] -- Up-to-date: /home/lexij/rose_lab/install/gantry_lidar_interfaces/include/gantry_lidar_interfaces/gantry_lidar_interfaces/srv/detail/bag_start__type_support.hpp
[0.882s] -- Up-to-date: /home/lexij/rose_lab/install/gantry_lidar_interfaces/include/gantry_lidar_interfaces/gantry_lidar_interfaces/srv/detail/bag_start__traits.hpp
[0.882s] -- Up-to-date: /home/lexij/rose_lab/install/gantry_lidar_interfaces/include/gantry_lidar_interfaces/gantry_lidar_interfaces/srv/detail/capture__type_support.hpp
[0.882s] -- Up-to-date: /home/lexij/rose_lab/install/gantry_lidar_interfaces/include/gantry_lidar_interfaces/gantry_lidar_interfaces/srv/detail/download_name__traits.hpp
[0.882s] -- Up-to-date: /home/lexij/rose_lab/install/gantry_lidar_interfaces/include/gantry_lidar_interfaces/gantry_lidar_interfaces/srv/detail/delete_name__builder.hpp
[0.882s] -- Up-to-date: /home/lexij/rose_lab/install/gantry_lidar_interfaces/include/gantry_lidar_interfaces/gantry_lidar_interfaces/srv/detail/capture__builder.hpp
[0.883s] -- Up-to-date: /home/lexij/rose_lab/install/gantry_lidar_interfaces/include/gantry_lidar_interfaces/gantry_lidar_interfaces/srv/detail/download_name__type_support.hpp
[0.883s] -- Up-to-date: /home/lexij/rose_lab/install/gantry_lidar_interfaces/include/gantry_lidar_interfaces/gantry_lidar_interfaces/srv/detail/delete_name__struct.hpp
[0.883s] -- Up-to-date: /home/lexij/rose_lab/install/gantry_lidar_interfaces/include/gantry_lidar_interfaces/gantry_lidar_interfaces/srv/detail/delete_name__traits.hpp
[0.883s] -- Up-to-date: /home/lexij/rose_lab/install/gantry_lidar_interfaces/include/gantry_lidar_interfaces/gantry_lidar_interfaces/srv/detail/capture__struct.hpp
[0.883s] -- Up-to-date: /home/lexij/rose_lab/install/gantry_lidar_interfaces/include/gantry_lidar_interfaces/gantry_lidar_interfaces/srv/download_name.hpp
[0.883s] -- Up-to-date: /home/lexij/rose_lab/install/gantry_lidar_interfaces/include/gantry_lidar_interfaces/gantry_lidar_interfaces/srv/delete_name.hpp
[0.883s] -- Up-to-date: /home/lexij/rose_lab/install/gantry_lidar_interfaces/include/gantry_lidar_interfaces/gantry_lidar_interfaces/srv/capture.hpp
[0.883s] -- Up-to-date: /home/lexij/rose_lab/install/gantry_lidar_interfaces/include/gantry_lidar_interfaces/gantry_lidar_interfaces
[0.883s] -- Up-to-date: /home/lexij/rose_lab/install/gantry_lidar_interfaces/include/gantry_lidar_interfaces/gantry_lidar_interfaces/msg
[0.883s] -- Up-to-date: /home/lexij/rose_lab/install/gantry_lidar_interfaces/include/gantry_lidar_interfaces/gantry_lidar_interfaces/msg/rosidl_typesupport_fastrtps_cpp__visibility_control.h
[0.884s] -- Up-to-date: /home/lexij/rose_lab/install/gantry_lidar_interfaces/include/gantry_lidar_interfaces/gantry_lidar_interfaces/srv
[0.884s] -- Up-to-date: /home/lexij/rose_lab/install/gantry_lidar_interfaces/include/gantry_lidar_interfaces/gantry_lidar_interfaces/srv/detail
[0.884s] -- Up-to-date: /home/lexij/rose_lab/install/gantry_lidar_interfaces/include/gantry_lidar_interfaces/gantry_lidar_interfaces/srv/detail/bag_start__rosidl_typesupport_fastrtps_cpp.hpp
[0.884s] -- Up-to-date: /home/lexij/rose_lab/install/gantry_lidar_interfaces/include/gantry_lidar_interfaces/gantry_lidar_interfaces/srv/detail/download_name__rosidl_typesupport_fastrtps_cpp.hpp
[0.884s] -- Up-to-date: /home/lexij/rose_lab/install/gantry_lidar_interfaces/include/gantry_lidar_interfaces/gantry_lidar_interfaces/srv/detail/dds_fastrtps
[0.884s] -- Up-to-date: /home/lexij/rose_lab/install/gantry_lidar_interfaces/include/gantry_lidar_interfaces/gantry_lidar_interfaces/srv/detail/delete_name__rosidl_typesupport_fastrtps_cpp.hpp
[0.885s] -- Up-to-date: /home/lexij/rose_lab/install/gantry_lidar_interfaces/include/gantry_lidar_interfaces/gantry_lidar_interfaces/srv/detail/capture__rosidl_typesupport_fastrtps_cpp.hpp
[0.885s] -- Up-to-date: /home/lexij/rose_lab/install/gantry_lidar_interfaces/lib/libgantry_lidar_interfaces__rosidl_typesupport_fastrtps_cpp.so
[0.885s] -- Up-to-date: /home/lexij/rose_lab/install/gantry_lidar_interfaces/include/gantry_lidar_interfaces/gantry_lidar_interfaces
[0.885s] -- Up-to-date: /home/lexij/rose_lab/install/gantry_lidar_interfaces/include/gantry_lidar_interfaces/gantry_lidar_interfaces/srv
[0.885s] -- Up-to-date: /home/lexij/rose_lab/install/gantry_lidar_interfaces/include/gantry_lidar_interfaces/gantry_lidar_interfaces/srv/detail
[0.885s] -- Up-to-date: /home/lexij/rose_lab/install/gantry_lidar_interfaces/include/gantry_lidar_interfaces/gantry_lidar_interfaces/srv/detail/delete_name__type_support.cpp
[0.885s] -- Up-to-date: /home/lexij/rose_lab/install/gantry_lidar_interfaces/include/gantry_lidar_interfaces/gantry_lidar_interfaces/srv/detail/capture__rosidl_typesupport_introspection_cpp.hpp
[0.885s] -- Up-to-date: /home/lexij/rose_lab/install/gantry_lidar_interfaces/include/gantry_lidar_interfaces/gantry_lidar_interfaces/srv/detail/delete_name__rosidl_typesupport_introspection_cpp.hpp
[0.885s] -- Up-to-date: /home/lexij/rose_lab/install/gantry_lidar_interfaces/include/gantry_lidar_interfaces/gantry_lidar_interfaces/srv/detail/capture__type_support.cpp
[0.885s] -- Up-to-date: /home/lexij/rose_lab/install/gantry_lidar_interfaces/include/gantry_lidar_interfaces/gantry_lidar_interfaces/srv/detail/bag_start__rosidl_typesupport_introspection_cpp.hpp
[0.885s] -- Up-to-date: /home/lexij/rose_lab/install/gantry_lidar_interfaces/include/gantry_lidar_interfaces/gantry_lidar_interfaces/srv/detail/bag_start__type_support.cpp
[0.885s] -- Up-to-date: /home/lexij/rose_lab/install/gantry_lidar_interfaces/include/gantry_lidar_interfaces/gantry_lidar_interfaces/srv/detail/download_name__type_support.cpp
[0.885s] -- Up-to-date: /home/lexij/rose_lab/install/gantry_lidar_interfaces/include/gantry_lidar_interfaces/gantry_lidar_interfaces/srv/detail/download_name__rosidl_typesupport_introspection_cpp.hpp
[0.885s] -- Up-to-date: /home/lexij/rose_lab/install/gantry_lidar_interfaces/lib/libgantry_lidar_interfaces__rosidl_typesupport_introspection_cpp.so
[0.885s] -- Up-to-date: /home/lexij/rose_lab/install/gantry_lidar_interfaces/lib/libgantry_lidar_interfaces__rosidl_typesupport_cpp.so
[0.885s] -- Up-to-date: /home/lexij/rose_lab/install/gantry_lidar_interfaces/share/gantry_lidar_interfaces/environment/pythonpath.sh
[0.885s] -- Up-to-date: /home/lexij/rose_lab/install/gantry_lidar_interfaces/share/gantry_lidar_interfaces/environment/pythonpath.dsv
[0.885s] -- Up-to-date: /home/lexij/rose_lab/install/gantry_lidar_interfaces/lib/python3.12/site-packages/gantry_lidar_interfaces-0.0.0-py3.12.egg-info
[0.886s] -- Installing: /home/lexij/rose_lab/install/gantry_lidar_interfaces/lib/python3.12/site-packages/gantry_lidar_interfaces-0.0.0-py3.12.egg-info/top_level.txt
[0.886s] -- Installing: /home/lexij/rose_lab/install/gantry_lidar_interfaces/lib/python3.12/site-packages/gantry_lidar_interfaces-0.0.0-py3.12.egg-info/PKG-INFO
[0.886s] -- Installing: /home/lexij/rose_lab/install/gantry_lidar_interfaces/lib/python3.12/site-packages/gantry_lidar_interfaces-0.0.0-py3.12.egg-info/dependency_links.txt
[0.886s] -- Installing: /home/lexij/rose_lab/install/gantry_lidar_interfaces/lib/python3.12/site-packages/gantry_lidar_interfaces-0.0.0-py3.12.egg-info/SOURCES.txt
[0.886s] -- Up-to-date: /home/lexij/rose_lab/install/gantry_lidar_interfaces/lib/python3.12/site-packages/gantry_lidar_interfaces
[0.886s] -- Up-to-date: /home/lexij/rose_lab/install/gantry_lidar_interfaces/lib/python3.12/site-packages/gantry_lidar_interfaces/gantry_lidar_interfaces_s__rosidl_typesupport_fastrtps_c.so
[0.886s] -- Up-to-date: /home/lexij/rose_lab/install/gantry_lidar_interfaces/lib/python3.12/site-packages/gantry_lidar_interfaces/_gantry_lidar_interfaces_s.ep.rosidl_typesupport_fastrtps_c.c
[0.886s] -- Up-to-date: /home/lexij/rose_lab/install/gantry_lidar_interfaces/lib/python3.12/site-packages/gantry_lidar_interfaces/_gantry_lidar_interfaces_s.ep.rosidl_typesupport_introspection_c.c
[0.886s] -- Up-to-date: /home/lexij/rose_lab/install/gantry_lidar_interfaces/lib/python3.12/site-packages/gantry_lidar_interfaces/__init__.py
[0.886s] -- Up-to-date: /home/lexij/rose_lab/install/gantry_lidar_interfaces/lib/python3.12/site-packages/gantry_lidar_interfaces/_gantry_lidar_interfaces_s.ep.rosidl_typesupport_c.c
[0.886s] -- Up-to-date: /home/lexij/rose_lab/install/gantry_lidar_interfaces/lib/python3.12/site-packages/gantry_lidar_interfaces/gantry_lidar_interfaces_s__rosidl_typesupport_introspection_c.so
[0.886s] -- Up-to-date: /home/lexij/rose_lab/install/gantry_lidar_interfaces/lib/python3.12/site-packages/gantry_lidar_interfaces/gantry_lidar_interfaces_s__rosidl_typesupport_c.so
[0.886s] -- Up-to-date: /home/lexij/rose_lab/install/gantry_lidar_interfaces/lib/python3.12/site-packages/gantry_lidar_interfaces/srv
[0.886s] -- Up-to-date: /home/lexij/rose_lab/install/gantry_lidar_interfaces/lib/python3.12/site-packages/gantry_lidar_interfaces/srv/_delete_name_s.c
[0.886s] -- Up-to-date: /home/lexij/rose_lab/install/gantry_lidar_interfaces/lib/python3.12/site-packages/gantry_lidar_interfaces/srv/_bag_start_s.c
[0.886s] -- Up-to-date: /home/lexij/rose_lab/install/gantry_lidar_interfaces/lib/python3.12/site-packages/gantry_lidar_interfaces/srv/_delete_name.py
[0.886s] -- Up-to-date: /home/lexij/rose_lab/install/gantry_lidar_interfaces/lib/python3.12/site-packages/gantry_lidar_interfaces/srv/__init__.py
[0.886s] -- Up-to-date: /home/lexij/rose_lab/install/gantry_lidar_interfaces/lib/python3.12/site-packages/gantry_lidar_interfaces/srv/_capture.py
[0.886s] -- Up-to-date: /home/lexij/rose_lab/install/gantry_lidar_interfaces/lib/python3.12/site-packages/gantry_lidar_interfaces/srv/_bag_start.py
[0.886s] -- Up-to-date: /home/lexij/rose_lab/install/gantry_lidar_interfaces/lib/python3.12/site-packages/gantry_lidar_interfaces/srv/_download_name.py
[0.886s] -- Up-to-date: /home/lexij/rose_lab/install/gantry_lidar_interfaces/lib/python3.12/site-packages/gantry_lidar_interfaces/srv/_capture_s.c
[0.887s] -- Up-to-date: /home/lexij/rose_lab/install/gantry_lidar_interfaces/lib/python3.12/site-packages/gantry_lidar_interfaces/srv/_download_name_s.c
[0.919s] Listing '/home/lexij/rose_lab/install/gantry_lidar_interfaces/lib/python3.12/site-packages/gantry_lidar_interfaces'...
[0.919s] Listing '/home/lexij/rose_lab/install/gantry_lidar_interfaces/lib/python3.12/site-packages/gantry_lidar_interfaces/srv'...
[0.925s] -- Up-to-date: /home/lexij/rose_lab/install/gantry_lidar_interfaces/lib/python3.12/site-packages/gantry_lidar_interfaces/gantry_lidar_interfaces_s__rosidl_typesupport_fastrtps_c.so
[0.925s] -- Up-to-date: /home/lexij/rose_lab/install/gantry_lidar_interfaces/lib/python3.12/site-packages/gantry_lidar_interfaces/gantry_lidar_interfaces_s__rosidl_typesupport_introspection_c.so
[0.926s] -- Up-to-date: /home/lexij/rose_lab/install/gantry_lidar_interfaces/lib/python3.12/site-packages/gantry_lidar_interfaces/gantry_lidar_interfaces_s__rosidl_typesupport_c.so
[0.926s] -- Up-to-date: /home/lexij/rose_lab/install/gantry_lidar_interfaces/lib/libgantry_lidar_interfaces__rosidl_generator_py.so
[0.926s] -- Up-to-date: /home/lexij/rose_lab/install/gantry_lidar_interfaces/share/gantry_lidar_interfaces/srv/Capture.idl
[0.926s] -- Up-to-date: /home/lexij/rose_lab/install/gantry_lidar_interfaces/share/gantry_lidar_interfaces/srv/DeleteName.idl
[0.926s] -- Up-to-date: /home/lexij/rose_lab/install/gantry_lidar_interfaces/share/gantry_lidar_interfaces/srv/DownloadName.idl
[0.926s] -- Up-to-date: /home/lexij/rose_lab/install/gantry_lidar_interfaces/share/gantry_lidar_interfaces/srv/BagStart.idl
[0.926s] -- Up-to-date: /home/lexij/rose_lab/install/gantry_lidar_interfaces/share/gantry_lidar_interfaces/srv/Capture.srv
[0.927s] -- Up-to-date: /home/lexij/rose_lab/install/gantry_lidar_interfaces/share/gantry_lidar_interfaces/srv/DeleteName.srv
[0.927s] -- Up-to-date: /home/lexij/rose_lab/install/gantry_lidar_interfaces/share/gantry_lidar_interfaces/srv/DownloadName.srv
[0.927s] -- Up-to-date: /home/lexij/rose_lab/install/gantry_lidar_interfaces/share/gantry_lidar_interfaces/srv/BagStart.srv
[0.927s] -- Up-to-date: /home/lexij/rose_lab/install/gantry_lidar_interfaces/share/ament_index/resource_index/package_run_dependencies/gantry_lidar_interfaces
[0.927s] -- Up-to-date: /home/lexij/rose_lab/install/gantry_lidar_interfaces/share/ament_index/resource_index/parent_prefix_path/gantry_lidar_interfaces
[0.928s] -- Up-to-date: /home/lexij/rose_lab/install/gantry_lidar_interfaces/share/gantry_lidar_interfaces/environment/ament_prefix_path.sh
[0.928s] -- Up-to-date: /home/lexij/rose_lab/install/gantry_lidar_interfaces/share/gantry_lidar_interfaces/environment/ament_prefix_path.dsv
[0.928s] -- Up-to-date: /home/lexij/rose_lab/install/gantry_lidar_interfaces/share/gantry_lidar_interfaces/environment/path.sh
[0.929s] -- Up-to-date: /home/lexij/rose_lab/install/gantry_lidar_interfaces/share/gantry_lidar_interfaces/environment/path.dsv
[0.929s] -- Up-to-date: /home/lexij/rose_lab/install/gantry_lidar_interfaces/share/gantry_lidar_interfaces/local_setup.bash
[0.929s] -- Up-to-date: /home/lexij/rose_lab/install/gantry_lidar_interfaces/share/gantry_lidar_interfaces/local_setup.sh
[0.929s] -- Up-to-date: /home/lexij/rose_lab/install/gantry_lidar_interfaces/share/gantry_lidar_interfaces/local_setup.zsh
[0.929s] -- Up-to-date: /home/lexij/rose_lab/install/gantry_lidar_interfaces/share/gantry_lidar_interfaces/local_setup.dsv
[0.929s] -- Installing: /home/lexij/rose_lab/install/gantry_lidar_interfaces/share/gantry_lidar_interfaces/package.dsv
[0.929s] -- Up-to-date: /home/lexij/rose_lab/install/gantry_lidar_interfaces/share/ament_index/resource_index/packages/gantry_lidar_interfaces
[0.929s] -- Up-to-date: /home/lexij/rose_lab/install/gantry_lidar_interfaces/share/gantry_lidar_interfaces/cmake/export_gantry_lidar_interfaces__rosidl_generator_cExport.cmake
[0.929s] -- Up-to-date: /home/lexij/rose_lab/install/gantry_lidar_interfaces/share/gantry_lidar_interfaces/cmake/export_gantry_lidar_interfaces__rosidl_generator_cExport-noconfig.cmake
[0.929s] -- Up-to-date: /home/lexij/rose_lab/install/gantry_lidar_interfaces/share/gantry_lidar_interfaces/cmake/export_gantry_lidar_interfaces__rosidl_typesupport_fastrtps_cExport.cmake
[0.930s] -- Up-to-date: /home/lexij/rose_lab/install/gantry_lidar_interfaces/share/gantry_lidar_interfaces/cmake/export_gantry_lidar_interfaces__rosidl_typesupport_fastrtps_cExport-noconfig.cmake
[0.930s] -- Up-to-date: /home/lexij/rose_lab/install/gantry_lidar_interfaces/share/gantry_lidar_interfaces/cmake/gantry_lidar_interfaces__rosidl_typesupport_introspection_cExport.cmake
[0.930s] -- Up-to-date: /home/lexij/rose_lab/install/gantry_lidar_interfaces/share/gantry_lidar_interfaces/cmake/gantry_lidar_interfaces__rosidl_typesupport_introspection_cExport-noconfig.cmake
[0.930s] -- Up-to-date: /home/lexij/rose_lab/install/gantry_lidar_interfaces/share/gantry_lidar_interfaces/cmake/gantry_lidar_interfaces__rosidl_typesupport_cExport.cmake
[0.930s] -- Up-to-date: /home/lexij/rose_lab/install/gantry_lidar_interfaces/share/gantry_lidar_interfaces/cmake/gantry_lidar_interfaces__rosidl_typesupport_cExport-noconfig.cmake
[0.930s] -- Up-to-date: /home/lexij/rose_lab/install/gantry_lidar_interfaces/share/gantry_lidar_interfaces/cmake/export_gantry_lidar_interfaces__rosidl_generator_cppExport.cmake
[0.930s] -- Up-to-date: /home/lexij/rose_lab/install/gantry_lidar_interfaces/share/gantry_lidar_interfaces/cmake/export_gantry_lidar_interfaces__rosidl_typesupport_fastrtps_cppExport.cmake
[0.930s] -- Up-to-date: /home/lexij/rose_lab/install/gantry_lidar_interfaces/share/gantry_lidar_interfaces/cmake/export_gantry_lidar_interfaces__rosidl_typesupport_fastrtps_cppExport-noconfig.cmake
[0.930s] -- Up-to-date: /home/lexij/rose_lab/install/gantry_lidar_interfaces/share/gantry_lidar_interfaces/cmake/gantry_lidar_interfaces__rosidl_typesupport_introspection_cppExport.cmake
[0.930s] -- Up-to-date: /home/lexij/rose_lab/install/gantry_lidar_interfaces/share/gantry_lidar_interfaces/cmake/gantry_lidar_interfaces__rosidl_typesupport_introspection_cppExport-noconfig.cmake
[0.930s] -- Up-to-date: /home/lexij/rose_lab/install/gantry_lidar_interfaces/share/gantry_lidar_interfaces/cmake/gantry_lidar_interfaces__rosidl_typesupport_cppExport.cmake
[0.930s] -- Up-to-date: /home/lexij/rose_lab/install/gantry_lidar_interfaces/share/gantry_lidar_interfaces/cmake/gantry_lidar_interfaces__rosidl_typesupport_cppExport-noconfig.cmake
[0.930s] -- Up-to-date: /home/lexij/rose_lab/install/gantry_lidar_interfaces/share/gantry_lidar_interfaces/cmake/export_gantry_lidar_interfaces__rosidl_generator_pyExport.cmake
[0.930s] -- Up-to-date: /home/lexij/rose_lab/install/gantry_lidar_interfaces/share/gantry_lidar_interfaces/cmake/export_gantry_lidar_interfaces__rosidl_generator_pyExport-noconfig.cmake
[0.930s] -- Up-to-date: /home/lexij/rose_lab/install/gantry_lidar_interfaces/share/gantry_lidar_interfaces/cmake/rosidl_cmake-extras.cmake
[0.930s] -- Up-to-date: /home/lexij/rose_lab/install/gantry_lidar_interfaces/share/gantry_lidar_interfaces/cmake/ament_cmake_export_dependencies-extras.cmake
[0.930s] -- Up-to-date: /home/lexij/rose_lab/install/gantry_lidar_interfaces/share/gantry_lidar_interfaces/cmake/ament_cmake_export_include_directories-extras.cmake
[0.930s] -- Up-to-date: /home/lexij/rose_lab/install/gantry_lidar_interfaces/share/gantry_lidar_interfaces/cmake/ament_cmake_export_libraries-extras.cmake
[0.930s] -- Up-to-date: /home/lexij/rose_lab/install/gantry_lidar_interfaces/share/gantry_lidar_interfaces/cmake/ament_cmake_export_targets-extras.cmake
[0.931s] -- Up-to-date: /home/lexij/rose_lab/install/gantry_lidar_interfaces/share/gantry_lidar_interfaces/cmake/rosidl_cmake_export_typesupport_targets-extras.cmake
[0.931s] -- Up-to-date: /home/lexij/rose_lab/install/gantry_lidar_interfaces/share/gantry_lidar_interfaces/cmake/rosidl_cmake_export_typesupport_libraries-extras.cmake
[0.931s] -- Up-to-date: /home/lexij/rose_lab/install/gantry_lidar_interfaces/share/gantry_lidar_interfaces/cmake/gantry_lidar_interfacesConfig.cmake
[0.931s] -- Up-to-date: /home/lexij/rose_lab/install/gantry_lidar_interfaces/share/gantry_lidar_interfaces/cmake/gantry_lidar_interfacesConfig-version.cmake
[0.931s] -- Up-to-date: /home/lexij/rose_lab/install/gantry_lidar_interfaces/share/gantry_lidar_interfaces/package.xml
[0.933s] Invoked command in '/home/lexij/rose_lab/build/gantry_lidar_interfaces' returned '0': CMAKE_PREFIX_PATH=${CMAKE_PREFIX_PATH}:/home/lexij/rose_lab/install/gantry_path:/home/lexij/rose_lab/install/dummy:/opt/ros/jazzy /usr/bin/cmake --install /home/lexij/rose_lab/build/gantry_lidar_interfaces
