[1.694s] Invoking command in '/home/lexij/rose_lab/src/dummy': PYTHONPATH=/home/lexij/rose_lab/build/dummy/prefix_override:/usr/lib/python3/dist-packages/colcon_core/task/python/colcon_distutils_commands:/home/lexij/rose_lab/install/dummy/lib/python3.12/site-packages:${PYTHONPATH} /usr/bin/python3 -W ignore:setup.py install is deprecated -W ignore:easy_install command is deprecated setup.py egg_info --egg-base ../../build/dummy build --build-base /home/lexij/rose_lab/build/dummy/build install --record /home/lexij/rose_lab/build/dummy/install.log --single-version-externally-managed install_data
[2.040s] running egg_info
[2.062s] writing ../../build/dummy/dummy.egg-info/PKG-INFO
[2.063s] writing dependency_links to ../../build/dummy/dummy.egg-info/dependency_links.txt
[2.064s] writing entry points to ../../build/dummy/dummy.egg-info/entry_points.txt
[2.064s] writing requirements to ../../build/dummy/dummy.egg-info/requires.txt
[2.065s] writing top-level names to ../../build/dummy/dummy.egg-info/top_level.txt
[2.113s] reading manifest file '../../build/dummy/dummy.egg-info/SOURCES.txt'
[2.113s] adding license file 'LICENSE'
[2.114s] writing manifest file '../../build/dummy/dummy.egg-info/SOURCES.txt'
[2.114s] running build
[2.114s] running build_py
[2.115s] copying dummy/dummy_service.py -> /home/lexij/rose_lab/build/dummy/build/lib/dummy
[2.116s] running install
[2.128s] running install_lib
[2.155s] copying /home/lexij/rose_lab/build/dummy/build/lib/dummy/dummy_service.py -> /home/lexij/rose_lab/install/dummy/lib/python3.12/site-packages/dummy
[2.156s] byte-compiling /home/lexij/rose_lab/install/dummy/lib/python3.12/site-packages/dummy/dummy_service.py to dummy_service.cpython-312.pyc
[2.158s] running install_data
[2.159s] running install_egg_info
[2.187s] removing '/home/lexij/rose_lab/install/dummy/lib/python3.12/site-packages/dummy-0.0.0-py3.12.egg-info' (and everything under it)
[2.188s] Copying ../../build/dummy/dummy.egg-info to /home/lexij/rose_lab/install/dummy/lib/python3.12/site-packages/dummy-0.0.0-py3.12.egg-info
[2.190s] running install_scripts
[2.372s] Installing dummy_gantry script to /home/lexij/rose_lab/install/dummy/lib/dummy
[2.372s] Installing dummy_lidar script to /home/lexij/rose_lab/install/dummy/lib/dummy
[2.373s] Installing gantry_capture_service script to /home/lexij/rose_lab/install/dummy/lib/dummy
[2.373s] writing list of installed files to '/home/lexij/rose_lab/build/dummy/install.log'
[2.411s] Invoked command in '/home/lexij/rose_lab/src/dummy' returned '0': PYTHONPATH=/home/lexij/rose_lab/build/dummy/prefix_override:/usr/lib/python3/dist-packages/colcon_core/task/python/colcon_distutils_commands:/home/lexij/rose_lab/install/dummy/lib/python3.12/site-packages:${PYTHONPATH} /usr/bin/python3 -W ignore:setup.py install is deprecated -W ignore:easy_install command is deprecated setup.py egg_info --egg-base ../../build/dummy build --build-base /home/lexij/rose_lab/build/dummy/build install --record /home/lexij/rose_lab/build/dummy/install.log --single-version-externally-managed install_data
