/home/lexij/rose_lab/install/gantry_path/lib/python3.12/site-packages/gantry_path/gantry_command.py
/home/lexij/rose_lab/install/gantry_path/lib/python3.12/site-packages/gantry_path/__init__.py
/home/lexij/rose_lab/install/gantry_path/lib/python3.12/site-packages/gantry_path/hypothetical_lidar.py
/home/lexij/rose_lab/install/gantry_path/lib/python3.12/site-packages/gantry_path/gantry_trajectory.py
/home/lexij/rose_lab/install/gantry_path/lib/python3.12/site-packages/gantry_path/GantryCaptureService.py
/home/lexij/rose_lab/install/gantry_path/lib/python3.12/site-packages/gantry_path/lidar_scan.py
/home/lexij/rose_lab/install/gantry_path/lib/python3.12/site-packages/gantry_path/__pycache__/gantry_command.cpython-312.pyc
/home/lexij/rose_lab/install/gantry_path/lib/python3.12/site-packages/gantry_path/__pycache__/__init__.cpython-312.pyc
/home/lexij/rose_lab/install/gantry_path/lib/python3.12/site-packages/gantry_path/__pycache__/hypothetical_lidar.cpython-312.pyc
/home/lexij/rose_lab/install/gantry_path/lib/python3.12/site-packages/gantry_path/__pycache__/gantry_trajectory.cpython-312.pyc
/home/lexij/rose_lab/install/gantry_path/lib/python3.12/site-packages/gantry_path/__pycache__/GantryCaptureService.cpython-312.pyc
/home/lexij/rose_lab/install/gantry_path/lib/python3.12/site-packages/gantry_path/__pycache__/lidar_scan.cpython-312.pyc
/home/lexij/rose_lab/install/gantry_path/share/ament_index/resource_index/packages/gantry_path
/home/lexij/rose_lab/install/gantry_path/share/gantry_path/package.xml
/home/lexij/rose_lab/install/gantry_path/lib/python3.12/site-packages/gantry_path-0.0.0-py3.12.egg-info/entry_points.txt
/home/lexij/rose_lab/install/gantry_path/lib/python3.12/site-packages/gantry_path-0.0.0-py3.12.egg-info/requires.txt
/home/lexij/rose_lab/install/gantry_path/lib/python3.12/site-packages/gantry_path-0.0.0-py3.12.egg-info/zip-safe
/home/lexij/rose_lab/install/gantry_path/lib/python3.12/site-packages/gantry_path-0.0.0-py3.12.egg-info/top_level.txt
/home/lexij/rose_lab/install/gantry_path/lib/python3.12/site-packages/gantry_path-0.0.0-py3.12.egg-info/PKG-INFO
/home/lexij/rose_lab/install/gantry_path/lib/python3.12/site-packages/gantry_path-0.0.0-py3.12.egg-info/dependency_links.txt
/home/lexij/rose_lab/install/gantry_path/lib/python3.12/site-packages/gantry_path-0.0.0-py3.12.egg-info/SOURCES.txt
/home/lexij/rose_lab/install/gantry_path/lib/gantry_path/gantry_capture_service
/home/lexij/rose_lab/install/gantry_path/lib/gantry_path/gantry_command
