[0.355s] Invoking command in '/home/lexij/rose_lab/build/gantry_lidar_interfaces': CMAKE_PREFIX_PATH=${CMAKE_PREFIX_PATH}:/opt/ros/jazzy /usr/bin/cmake /home/lexij/rose_lab/rose_lidar/src/gantry_lidar_interfaces -DCMAKE_INSTALL_PREFIX=/home/lexij/rose_lab/install/gantry_lidar_interfaces
[0.948s] -- The C compiler identification is GNU 13.3.0
[2.357s] -- The CXX compiler identification is GNU 13.3.0
[3.412s] -- Detecting C compiler ABI info
[3.894s] -- Detecting C compiler ABI info - done
[3.906s] -- Check for working C compiler: /usr/bin/cc - skipped
[3.916s] -- Detecting C compile features
[3.919s] -- Detecting C compile features - done
[4.155s] -- Detecting CXX compiler ABI info
[4.702s] -- Detecting CXX compiler ABI info - done
[4.712s] -- Check for working CXX compiler: /usr/bin/c++ - skipped
[4.712s] -- Detecting CXX compile features
[4.714s] -- Detecting CXX compile features - done
[4.767s] -- Found ament_cmake: 2.5.4 (/opt/ros/jazzy/share/ament_cmake/cmake)
[4.973s] -- Found Python3: /usr/bin/python3 (found version "3.12.3") found components: Interpreter 
[5.174s] -- Found rosidl_default_generators: 1.6.0 (/opt/ros/jazzy/share/rosidl_default_generators/cmake)
[5.187s] -- Using all available rosidl_typesupport_c: rosidl_typesupport_fastrtps_c;rosidl_typesupport_introspection_c
[5.683s] -- Using all available rosidl_typesupport_cpp: rosidl_typesupport_fastrtps_cpp;rosidl_typesupport_introspection_cpp
[5.764s] -- Found rosidl_adapter: 4.6.6 (/opt/ros/jazzy/share/rosidl_adapter/cmake)
[5.773s] -- Found ament_lint_auto: 0.17.3 (/opt/ros/jazzy/share/ament_lint_auto/cmake)
[6.713s] -- Found ament_cmake_ros: 0.12.0 (/opt/ros/jazzy/share/ament_cmake_ros/cmake)
[7.309s] -- Using all available rosidl_typesupport_c: rosidl_typesupport_fastrtps_c;rosidl_typesupport_introspection_c
[8.099s] -- Using all available rosidl_typesupport_cpp: rosidl_typesupport_fastrtps_cpp;rosidl_typesupport_introspection_cpp
[8.117s] -- Found python_cmake_module: 0.11.1 (/opt/ros/jazzy/share/python_cmake_module/cmake)
[8.285s] -- Found PythonExtra: /usr/bin/python3  
[8.962s] -- Found Python3: /usr/bin/python3 (found version "3.12.3") found components: Interpreter Development NumPy Development.Module Development.Embed 
[9.071s] -- Added test 'cppcheck' to perform static code analysis on C / C++ code
[9.072s] -- Configured cppcheck include dirs: 
[9.072s] -- Configured cppcheck exclude dirs and/or files: 
[9.081s] -- Added test 'flake8' to check Python code syntax and style conventions
[9.081s] -- Configured 'flake8' exclude dirs and/or files: 
[9.090s] -- Added test 'lint_cmake' to check CMake code style
[9.096s] -- Added test 'pep257' to check Python code against some of the docstring style conventions in PEP 257
[9.133s] -- Added test 'uncrustify' to check C / C++ code style
[9.133s] -- Configured uncrustify additional arguments: 
[9.140s] -- Added test 'xmllint' to check XML markup files
[9.165s] -- Configuring done (8.7s)
[9.241s] -- Generating done (0.1s)
[9.258s] -- Build files have been written to: /home/lexij/rose_lab/build/gantry_lidar_interfaces
[9.273s] Invoked command in '/home/lexij/rose_lab/build/gantry_lidar_interfaces' returned '0': CMAKE_PREFIX_PATH=${CMAKE_PREFIX_PATH}:/opt/ros/jazzy /usr/bin/cmake /home/lexij/rose_lab/rose_lidar/src/gantry_lidar_interfaces -DCMAKE_INSTALL_PREFIX=/home/lexij/rose_lab/install/gantry_lidar_interfaces
[9.274s] Invoking command in '/home/lexij/rose_lab/build/gantry_lidar_interfaces': CMAKE_PREFIX_PATH=${CMAKE_PREFIX_PATH}:/opt/ros/jazzy /usr/bin/cmake --build /home/lexij/rose_lab/build/gantry_lidar_interfaces -- -j22 -l22
[9.336s] [  1%] [34m[1mGenerating type hashes for ROS interfaces[0m
[9.346s] [  1%] Built target ament_cmake_python_copy_gantry_lidar_interfaces
[9.603s] running egg_info
[9.605s] creating gantry_lidar_interfaces.egg-info
[9.633s] writing gantry_lidar_interfaces.egg-info/PKG-INFO
[9.634s] writing dependency_links to gantry_lidar_interfaces.egg-info/dependency_links.txt
[9.634s] writing top-level names to gantry_lidar_interfaces.egg-info/top_level.txt
[9.634s] writing manifest file 'gantry_lidar_interfaces.egg-info/SOURCES.txt'
[9.651s] [  1%] Built target gantry_lidar_interfaces__rosidl_generator_type_description
[9.663s] [  3%] [34m[1mGenerating C code for ROS interfaces[0m
[9.679s] [  4%] [34m[1mGenerating C++ code for ROS interfaces[0m
[9.703s] reading manifest file 'gantry_lidar_interfaces.egg-info/SOURCES.txt'
[9.704s] writing manifest file 'gantry_lidar_interfaces.egg-info/SOURCES.txt'
[9.748s] [  4%] Built target ament_cmake_python_build_gantry_lidar_interfaces_egg
[10.228s] [  4%] Built target gantry_lidar_interfaces__cpp
[10.332s] [  6%] [32mBuilding C object CMakeFiles/gantry_lidar_interfaces__rosidl_generator_c.dir/rosidl_generator_c/gantry_lidar_interfaces/srv/detail/capture__functions.c.o[0m
[10.342s] [  7%] [32mBuilding C object CMakeFiles/gantry_lidar_interfaces__rosidl_generator_c.dir/rosidl_generator_c/gantry_lidar_interfaces/srv/detail/delete_name__description.c.o[0m
[10.342s] [  9%] [32mBuilding C object CMakeFiles/gantry_lidar_interfaces__rosidl_generator_c.dir/rosidl_generator_c/gantry_lidar_interfaces/srv/detail/download_name__functions.c.o[0m
[10.342s] [ 10%] [32mBuilding C object CMakeFiles/gantry_lidar_interfaces__rosidl_generator_c.dir/rosidl_generator_c/gantry_lidar_interfaces/srv/detail/capture__description.c.o[0m
[10.342s] [ 12%] [32mBuilding C object CMakeFiles/gantry_lidar_interfaces__rosidl_generator_c.dir/rosidl_generator_c/gantry_lidar_interfaces/srv/detail/download_name__description.c.o[0m
[10.343s] [ 14%] [32mBuilding C object CMakeFiles/gantry_lidar_interfaces__rosidl_generator_c.dir/rosidl_generator_c/gantry_lidar_interfaces/srv/detail/delete_name__type_support.c.o[0m
[10.354s] [ 17%] [32mBuilding C object CMakeFiles/gantry_lidar_interfaces__rosidl_generator_c.dir/rosidl_generator_c/gantry_lidar_interfaces/srv/detail/capture__type_support.c.o[0m
[10.354s] [ 17%] [32mBuilding C object CMakeFiles/gantry_lidar_interfaces__rosidl_generator_c.dir/rosidl_generator_c/gantry_lidar_interfaces/srv/detail/bag_start__functions.c.o[0m
[10.356s] [ 18%] [32mBuilding C object CMakeFiles/gantry_lidar_interfaces__rosidl_generator_c.dir/rosidl_generator_c/gantry_lidar_interfaces/srv/detail/delete_name__functions.c.o[0m
[10.357s] [ 20%] [32mBuilding C object CMakeFiles/gantry_lidar_interfaces__rosidl_generator_c.dir/rosidl_generator_c/gantry_lidar_interfaces/srv/detail/download_name__type_support.c.o[0m
[10.358s] [ 21%] [32mBuilding C object CMakeFiles/gantry_lidar_interfaces__rosidl_generator_c.dir/rosidl_generator_c/gantry_lidar_interfaces/srv/detail/bag_start__description.c.o[0m
[10.358s] [ 23%] [32mBuilding C object CMakeFiles/gantry_lidar_interfaces__rosidl_generator_c.dir/rosidl_generator_c/gantry_lidar_interfaces/srv/detail/bag_start__type_support.c.o[0m
[10.501s] [ 25%] [32m[1mLinking C shared library libgantry_lidar_interfaces__rosidl_generator_c.so[0m
[10.788s] [ 25%] Built target gantry_lidar_interfaces__rosidl_generator_c
[10.801s] [ 26%] [34m[1mGenerating C type support for eProsima Fast-RTPS[0m
[10.802s] [ 28%] [34m[1mGenerating C++ type support for eProsima Fast-RTPS[0m
[10.802s] [ 29%] [34m[1mGenerating C introspection for ROS interfaces[0m
[10.803s] [ 31%] [34m[1mGenerating C type support dispatch for ROS interfaces[0m
[10.807s] [ 32%] [34m[1mGenerating C++ introspection for ROS interfaces[0m
[10.810s] [ 34%] [34m[1mGenerating C++ type support dispatch for ROS interfaces[0m
[11.202s] [ 35%] [32mBuilding CXX object CMakeFiles/gantry_lidar_interfaces__rosidl_typesupport_c.dir/rosidl_typesupport_c/gantry_lidar_interfaces/srv/bag_start__type_support.cpp.o[0m
[11.202s] [ 37%] [32mBuilding CXX object CMakeFiles/gantry_lidar_interfaces__rosidl_typesupport_c.dir/rosidl_typesupport_c/gantry_lidar_interfaces/srv/capture__type_support.cpp.o[0m
[11.203s] [ 40%] [32mBuilding CXX object CMakeFiles/gantry_lidar_interfaces__rosidl_typesupport_c.dir/rosidl_typesupport_c/gantry_lidar_interfaces/srv/download_name__type_support.cpp.o[0m
[11.203s] [ 40%] [32mBuilding CXX object CMakeFiles/gantry_lidar_interfaces__rosidl_typesupport_c.dir/rosidl_typesupport_c/gantry_lidar_interfaces/srv/delete_name__type_support.cpp.o[0m
[11.223s] [ 42%] [32mBuilding CXX object CMakeFiles/gantry_lidar_interfaces__rosidl_typesupport_cpp.dir/rosidl_typesupport_cpp/gantry_lidar_interfaces/srv/delete_name__type_support.cpp.o[0m
[11.223s] [ 43%] [32mBuilding CXX object CMakeFiles/gantry_lidar_interfaces__rosidl_typesupport_cpp.dir/rosidl_typesupport_cpp/gantry_lidar_interfaces/srv/capture__type_support.cpp.o[0m
[11.224s] [ 45%] [32mBuilding CXX object CMakeFiles/gantry_lidar_interfaces__rosidl_typesupport_cpp.dir/rosidl_typesupport_cpp/gantry_lidar_interfaces/srv/download_name__type_support.cpp.o[0m
[11.230s] [ 46%] [32mBuilding CXX object CMakeFiles/gantry_lidar_interfaces__rosidl_typesupport_cpp.dir/rosidl_typesupport_cpp/gantry_lidar_interfaces/srv/bag_start__type_support.cpp.o[0m
[11.272s] [ 50%] [32mBuilding CXX object CMakeFiles/gantry_lidar_interfaces__rosidl_typesupport_introspection_cpp.dir/rosidl_typesupport_introspection_cpp/gantry_lidar_interfaces/srv/detail/capture__type_support.cpp.o[0m
[11.272s] [ 50%] [32mBuilding CXX object CMakeFiles/gantry_lidar_interfaces__rosidl_typesupport_introspection_cpp.dir/rosidl_typesupport_introspection_cpp/gantry_lidar_interfaces/srv/detail/download_name__type_support.cpp.o[0m
[11.272s] [ 51%] [32mBuilding CXX object CMakeFiles/gantry_lidar_interfaces__rosidl_typesupport_introspection_cpp.dir/rosidl_typesupport_introspection_cpp/gantry_lidar_interfaces/srv/detail/bag_start__type_support.cpp.o[0m
[11.276s] [ 53%] [32mBuilding CXX object CMakeFiles/gantry_lidar_interfaces__rosidl_typesupport_introspection_cpp.dir/rosidl_typesupport_introspection_cpp/gantry_lidar_interfaces/srv/detail/delete_name__type_support.cpp.o[0m
[11.305s] [ 54%] [32m[1mLinking CXX shared library libgantry_lidar_interfaces__rosidl_typesupport_c.so[0m
[11.374s] [ 56%] [32mBuilding C object CMakeFiles/gantry_lidar_interfaces__rosidl_typesupport_introspection_c.dir/rosidl_typesupport_introspection_c/gantry_lidar_interfaces/srv/detail/delete_name__type_support.c.o[0m
[11.375s] [ 57%] [32mBuilding C object CMakeFiles/gantry_lidar_interfaces__rosidl_typesupport_introspection_c.dir/rosidl_typesupport_introspection_c/gantry_lidar_interfaces/srv/detail/bag_start__type_support.c.o[0m
[11.375s] [ 59%] [32mBuilding C object CMakeFiles/gantry_lidar_interfaces__rosidl_typesupport_introspection_c.dir/rosidl_typesupport_introspection_c/gantry_lidar_interfaces/srv/detail/download_name__type_support.c.o[0m
[11.376s] [ 60%] [32mBuilding C object CMakeFiles/gantry_lidar_interfaces__rosidl_typesupport_introspection_c.dir/rosidl_typesupport_introspection_c/gantry_lidar_interfaces/srv/detail/capture__type_support.c.o[0m
[11.475s] [ 62%] [32m[1mLinking C shared library libgantry_lidar_interfaces__rosidl_typesupport_introspection_c.so[0m
[11.500s] [ 64%] [32mBuilding CXX object CMakeFiles/gantry_lidar_interfaces__rosidl_typesupport_fastrtps_cpp.dir/rosidl_typesupport_fastrtps_cpp/gantry_lidar_interfaces/srv/detail/dds_fastrtps/capture__type_support.cpp.o[0m
[11.501s] [ 65%] [32mBuilding CXX object CMakeFiles/gantry_lidar_interfaces__rosidl_typesupport_fastrtps_cpp.dir/rosidl_typesupport_fastrtps_cpp/gantry_lidar_interfaces/srv/detail/dds_fastrtps/bag_start__type_support.cpp.o[0m
[11.504s] [ 67%] [32mBuilding CXX object CMakeFiles/gantry_lidar_interfaces__rosidl_typesupport_fastrtps_cpp.dir/rosidl_typesupport_fastrtps_cpp/gantry_lidar_interfaces/srv/detail/dds_fastrtps/delete_name__type_support.cpp.o[0m
[11.505s] [ 68%] [32mBuilding CXX object CMakeFiles/gantry_lidar_interfaces__rosidl_typesupport_fastrtps_cpp.dir/rosidl_typesupport_fastrtps_cpp/gantry_lidar_interfaces/srv/detail/dds_fastrtps/download_name__type_support.cpp.o[0m
[11.567s] [ 70%] [32mBuilding CXX object CMakeFiles/gantry_lidar_interfaces__rosidl_typesupport_fastrtps_c.dir/rosidl_typesupport_fastrtps_c/gantry_lidar_interfaces/srv/detail/delete_name__type_support_c.cpp.o[0m
[11.567s] [ 71%] [32mBuilding CXX object CMakeFiles/gantry_lidar_interfaces__rosidl_typesupport_fastrtps_c.dir/rosidl_typesupport_fastrtps_c/gantry_lidar_interfaces/srv/detail/capture__type_support_c.cpp.o[0m
[11.569s] [ 73%] [32mBuilding CXX object CMakeFiles/gantry_lidar_interfaces__rosidl_typesupport_fastrtps_c.dir/rosidl_typesupport_fastrtps_c/gantry_lidar_interfaces/srv/detail/download_name__type_support_c.cpp.o[0m
[11.569s] [ 73%] Built target gantry_lidar_interfaces__rosidl_typesupport_c
[11.581s] [ 75%] [32mBuilding CXX object CMakeFiles/gantry_lidar_interfaces__rosidl_typesupport_fastrtps_c.dir/rosidl_typesupport_fastrtps_c/gantry_lidar_interfaces/srv/detail/bag_start__type_support_c.cpp.o[0m
[11.763s] [ 75%] Built target gantry_lidar_interfaces__rosidl_typesupport_introspection_c
[12.074s] [ 76%] [32m[1mLinking CXX shared library libgantry_lidar_interfaces__rosidl_typesupport_cpp.so[0m
[12.169s] [ 78%] [32m[1mLinking CXX shared library libgantry_lidar_interfaces__rosidl_typesupport_introspection_cpp.so[0m
[12.293s] [ 78%] Built target gantry_lidar_interfaces__rosidl_typesupport_cpp
[12.397s] [ 78%] Built target gantry_lidar_interfaces__rosidl_typesupport_introspection_cpp
[12.421s] [ 79%] [32m[1mLinking CXX shared library libgantry_lidar_interfaces__rosidl_typesupport_fastrtps_c.so[0m
[12.576s] [ 81%] [32m[1mLinking CXX shared library libgantry_lidar_interfaces__rosidl_typesupport_fastrtps_cpp.so[0m
[12.708s] [ 81%] Built target gantry_lidar_interfaces__rosidl_typesupport_fastrtps_c
[12.814s] [ 81%] Built target gantry_lidar_interfaces__rosidl_typesupport_fastrtps_cpp
[12.851s] [ 81%] Built target gantry_lidar_interfaces
[12.880s] [ 82%] [34m[1mGenerating Python code for ROS interfaces[0m
[13.764s] [ 82%] Built target gantry_lidar_interfaces__py
[13.796s] [ 84%] [32mBuilding C object CMakeFiles/gantry_lidar_interfaces__rosidl_generator_py.dir/rosidl_generator_py/gantry_lidar_interfaces/srv/_capture_s.c.o[0m
[13.796s] [ 85%] [32mBuilding C object CMakeFiles/gantry_lidar_interfaces__rosidl_generator_py.dir/rosidl_generator_py/gantry_lidar_interfaces/srv/_download_name_s.c.o[0m
[13.799s] [ 87%] [32mBuilding C object CMakeFiles/gantry_lidar_interfaces__rosidl_generator_py.dir/rosidl_generator_py/gantry_lidar_interfaces/srv/_bag_start_s.c.o[0m
[13.800s] [ 89%] [32mBuilding C object CMakeFiles/gantry_lidar_interfaces__rosidl_generator_py.dir/rosidl_generator_py/gantry_lidar_interfaces/srv/_delete_name_s.c.o[0m
[14.037s] [ 90%] [32m[1mLinking C shared library libgantry_lidar_interfaces__rosidl_generator_py.so[0m
[14.375s] [ 90%] Built target gantry_lidar_interfaces__rosidl_generator_py
[14.404s] [ 92%] [32mBuilding C object CMakeFiles/gantry_lidar_interfaces_s__rosidl_typesupport_introspection_c.dir/rosidl_generator_py/gantry_lidar_interfaces/_gantry_lidar_interfaces_s.ep.rosidl_typesupport_introspection_c.c.o[0m
[14.409s] [ 95%] [32mBuilding C object CMakeFiles/gantry_lidar_interfaces_s__rosidl_typesupport_c.dir/rosidl_generator_py/gantry_lidar_interfaces/_gantry_lidar_interfaces_s.ep.rosidl_typesupport_c.c.o[0m
[14.409s] [ 95%] [32mBuilding C object CMakeFiles/gantry_lidar_interfaces_s__rosidl_typesupport_fastrtps_c.dir/rosidl_generator_py/gantry_lidar_interfaces/_gantry_lidar_interfaces_s.ep.rosidl_typesupport_fastrtps_c.c.o[0m
[14.576s] [ 96%] [32m[1mLinking C shared module rosidl_generator_py/gantry_lidar_interfaces/gantry_lidar_interfaces_s__rosidl_typesupport_fastrtps_c.so[0m
[14.586s] [ 98%] [32m[1mLinking C shared module rosidl_generator_py/gantry_lidar_interfaces/gantry_lidar_interfaces_s__rosidl_typesupport_c.so[0m
[14.587s] [100%] [32m[1mLinking C shared module rosidl_generator_py/gantry_lidar_interfaces/gantry_lidar_interfaces_s__rosidl_typesupport_introspection_c.so[0m
[14.749s] [100%] Built target gantry_lidar_interfaces_s__rosidl_typesupport_fastrtps_c
[14.757s] [100%] Built target gantry_lidar_interfaces_s__rosidl_typesupport_c
[14.764s] [100%] Built target gantry_lidar_interfaces_s__rosidl_typesupport_introspection_c
[14.779s] Invoked command in '/home/lexij/rose_lab/build/gantry_lidar_interfaces' returned '0': CMAKE_PREFIX_PATH=${CMAKE_PREFIX_PATH}:/opt/ros/jazzy /usr/bin/cmake --build /home/lexij/rose_lab/build/gantry_lidar_interfaces -- -j22 -l22
[14.791s] Invoking command in '/home/lexij/rose_lab/build/gantry_lidar_interfaces': CMAKE_PREFIX_PATH=${CMAKE_PREFIX_PATH}:/opt/ros/jazzy /usr/bin/cmake --install /home/lexij/rose_lab/build/gantry_lidar_interfaces
[14.800s] -- Install configuration: ""
[14.801s] -- Installing: /home/lexij/rose_lab/install/gantry_lidar_interfaces/share/ament_index/resource_index/rosidl_interfaces/gantry_lidar_interfaces
[14.802s] -- Installing: /home/lexij/rose_lab/install/gantry_lidar_interfaces/share/gantry_lidar_interfaces/srv/Capture.json
[14.802s] -- Installing: /home/lexij/rose_lab/install/gantry_lidar_interfaces/share/gantry_lidar_interfaces/srv/DeleteName.json
[14.803s] -- Installing: /home/lexij/rose_lab/install/gantry_lidar_interfaces/share/gantry_lidar_interfaces/srv/DownloadName.json
[14.803s] -- Installing: /home/lexij/rose_lab/install/gantry_lidar_interfaces/share/gantry_lidar_interfaces/srv/BagStart.json
[14.803s] -- Installing: /home/lexij/rose_lab/install/gantry_lidar_interfaces/include/gantry_lidar_interfaces/gantry_lidar_interfaces
[14.804s] -- Installing: /home/lexij/rose_lab/install/gantry_lidar_interfaces/include/gantry_lidar_interfaces/gantry_lidar_interfaces/msg
[14.804s] -- Installing: /home/lexij/rose_lab/install/gantry_lidar_interfaces/include/gantry_lidar_interfaces/gantry_lidar_interfaces/msg/rosidl_generator_c__visibility_control.h
[14.804s] -- Installing: /home/lexij/rose_lab/install/gantry_lidar_interfaces/include/gantry_lidar_interfaces/gantry_lidar_interfaces/srv
[14.804s] -- Installing: /home/lexij/rose_lab/install/gantry_lidar_interfaces/include/gantry_lidar_interfaces/gantry_lidar_interfaces/srv/delete_name.h
[14.805s] -- Installing: /home/lexij/rose_lab/install/gantry_lidar_interfaces/include/gantry_lidar_interfaces/gantry_lidar_interfaces/srv/bag_start.h
[14.805s] -- Installing: /home/lexij/rose_lab/install/gantry_lidar_interfaces/include/gantry_lidar_interfaces/gantry_lidar_interfaces/srv/download_name.h
[14.805s] -- Installing: /home/lexij/rose_lab/install/gantry_lidar_interfaces/include/gantry_lidar_interfaces/gantry_lidar_interfaces/srv/capture.h
[14.805s] -- Installing: /home/lexij/rose_lab/install/gantry_lidar_interfaces/include/gantry_lidar_interfaces/gantry_lidar_interfaces/srv/detail
[14.806s] -- Installing: /home/lexij/rose_lab/install/gantry_lidar_interfaces/include/gantry_lidar_interfaces/gantry_lidar_interfaces/srv/detail/download_name__description.c
[14.807s] -- Installing: /home/lexij/rose_lab/install/gantry_lidar_interfaces/include/gantry_lidar_interfaces/gantry_lidar_interfaces/srv/detail/download_name__functions.h
[14.807s] -- Installing: /home/lexij/rose_lab/install/gantry_lidar_interfaces/include/gantry_lidar_interfaces/gantry_lidar_interfaces/srv/detail/capture__description.c
[14.807s] -- Installing: /home/lexij/rose_lab/install/gantry_lidar_interfaces/include/gantry_lidar_interfaces/gantry_lidar_interfaces/srv/detail/bag_start__type_support.h
[14.807s] -- Installing: /home/lexij/rose_lab/install/gantry_lidar_interfaces/include/gantry_lidar_interfaces/gantry_lidar_interfaces/srv/detail/bag_start__type_support.c
[14.807s] -- Installing: /home/lexij/rose_lab/install/gantry_lidar_interfaces/include/gantry_lidar_interfaces/gantry_lidar_interfaces/srv/detail/download_name__type_support.h
[14.808s] -- Installing: /home/lexij/rose_lab/install/gantry_lidar_interfaces/include/gantry_lidar_interfaces/gantry_lidar_interfaces/srv/detail/delete_name__functions.c
[14.808s] -- Installing: /home/lexij/rose_lab/install/gantry_lidar_interfaces/include/gantry_lidar_interfaces/gantry_lidar_interfaces/srv/detail/download_name__type_support.c
[14.808s] -- Installing: /home/lexij/rose_lab/install/gantry_lidar_interfaces/include/gantry_lidar_interfaces/gantry_lidar_interfaces/srv/detail/delete_name__type_support.h
[14.808s] -- Installing: /home/lexij/rose_lab/install/gantry_lidar_interfaces/include/gantry_lidar_interfaces/gantry_lidar_interfaces/srv/detail/delete_name__description.c
[14.808s] -- Installing: /home/lexij/rose_lab/install/gantry_lidar_interfaces/include/gantry_lidar_interfaces/gantry_lidar_interfaces/srv/detail/bag_start__functions.h
[14.808s] -- Installing: /home/lexij/rose_lab/install/gantry_lidar_interfaces/include/gantry_lidar_interfaces/gantry_lidar_interfaces/srv/detail/download_name__struct.h
[14.808s] -- Installing: /home/lexij/rose_lab/install/gantry_lidar_interfaces/include/gantry_lidar_interfaces/gantry_lidar_interfaces/srv/detail/bag_start__struct.h
[14.808s] -- Installing: /home/lexij/rose_lab/install/gantry_lidar_interfaces/include/gantry_lidar_interfaces/gantry_lidar_interfaces/srv/detail/delete_name__type_support.c
[14.808s] -- Installing: /home/lexij/rose_lab/install/gantry_lidar_interfaces/include/gantry_lidar_interfaces/gantry_lidar_interfaces/srv/detail/capture__functions.h
[14.808s] -- Installing: /home/lexij/rose_lab/install/gantry_lidar_interfaces/include/gantry_lidar_interfaces/gantry_lidar_interfaces/srv/detail/capture__struct.h
[14.809s] -- Installing: /home/lexij/rose_lab/install/gantry_lidar_interfaces/include/gantry_lidar_interfaces/gantry_lidar_interfaces/srv/detail/capture__type_support.h
[14.809s] -- Installing: /home/lexij/rose_lab/install/gantry_lidar_interfaces/include/gantry_lidar_interfaces/gantry_lidar_interfaces/srv/detail/download_name__functions.c
[14.809s] -- Installing: /home/lexij/rose_lab/install/gantry_lidar_interfaces/include/gantry_lidar_interfaces/gantry_lidar_interfaces/srv/detail/delete_name__functions.h
[14.810s] -- Installing: /home/lexij/rose_lab/install/gantry_lidar_interfaces/include/gantry_lidar_interfaces/gantry_lidar_interfaces/srv/detail/capture__functions.c
[14.810s] -- Installing: /home/lexij/rose_lab/install/gantry_lidar_interfaces/include/gantry_lidar_interfaces/gantry_lidar_interfaces/srv/detail/capture__type_support.c
[14.810s] -- Installing: /home/lexij/rose_lab/install/gantry_lidar_interfaces/include/gantry_lidar_interfaces/gantry_lidar_interfaces/srv/detail/delete_name__struct.h
[14.810s] -- Installing: /home/lexij/rose_lab/install/gantry_lidar_interfaces/include/gantry_lidar_interfaces/gantry_lidar_interfaces/srv/detail/bag_start__description.c
[14.810s] -- Installing: /home/lexij/rose_lab/install/gantry_lidar_interfaces/include/gantry_lidar_interfaces/gantry_lidar_interfaces/srv/detail/bag_start__functions.c
[14.810s] -- Installing: /home/lexij/rose_lab/install/gantry_lidar_interfaces/share/gantry_lidar_interfaces/environment/library_path.sh
[14.810s] -- Installing: /home/lexij/rose_lab/install/gantry_lidar_interfaces/share/gantry_lidar_interfaces/environment/library_path.dsv
[14.811s] -- Installing: /home/lexij/rose_lab/install/gantry_lidar_interfaces/lib/libgantry_lidar_interfaces__rosidl_generator_c.so
[14.811s] -- Set non-toolchain portion of runtime path of "/home/lexij/rose_lab/install/gantry_lidar_interfaces/lib/libgantry_lidar_interfaces__rosidl_generator_c.so" to ""
[14.811s] -- Up-to-date: /home/lexij/rose_lab/install/gantry_lidar_interfaces/include/gantry_lidar_interfaces/gantry_lidar_interfaces
[14.811s] -- Up-to-date: /home/lexij/rose_lab/install/gantry_lidar_interfaces/include/gantry_lidar_interfaces/gantry_lidar_interfaces/msg
[14.811s] -- Installing: /home/lexij/rose_lab/install/gantry_lidar_interfaces/include/gantry_lidar_interfaces/gantry_lidar_interfaces/msg/rosidl_typesupport_fastrtps_c__visibility_control.h
[14.811s] -- Up-to-date: /home/lexij/rose_lab/install/gantry_lidar_interfaces/include/gantry_lidar_interfaces/gantry_lidar_interfaces/srv
[14.811s] -- Up-to-date: /home/lexij/rose_lab/install/gantry_lidar_interfaces/include/gantry_lidar_interfaces/gantry_lidar_interfaces/srv/detail
[14.811s] -- Installing: /home/lexij/rose_lab/install/gantry_lidar_interfaces/include/gantry_lidar_interfaces/gantry_lidar_interfaces/srv/detail/download_name__rosidl_typesupport_fastrtps_c.h
[14.811s] -- Installing: /home/lexij/rose_lab/install/gantry_lidar_interfaces/include/gantry_lidar_interfaces/gantry_lidar_interfaces/srv/detail/capture__rosidl_typesupport_fastrtps_c.h
[14.811s] -- Installing: /home/lexij/rose_lab/install/gantry_lidar_interfaces/include/gantry_lidar_interfaces/gantry_lidar_interfaces/srv/detail/bag_start__rosidl_typesupport_fastrtps_c.h
[14.812s] -- Installing: /home/lexij/rose_lab/install/gantry_lidar_interfaces/include/gantry_lidar_interfaces/gantry_lidar_interfaces/srv/detail/delete_name__rosidl_typesupport_fastrtps_c.h
[14.813s] -- Installing: /home/lexij/rose_lab/install/gantry_lidar_interfaces/lib/libgantry_lidar_interfaces__rosidl_typesupport_fastrtps_c.so
[14.813s] -- Set non-toolchain portion of runtime path of "/home/lexij/rose_lab/install/gantry_lidar_interfaces/lib/libgantry_lidar_interfaces__rosidl_typesupport_fastrtps_c.so" to ""
[14.813s] -- Up-to-date: /home/lexij/rose_lab/install/gantry_lidar_interfaces/include/gantry_lidar_interfaces/gantry_lidar_interfaces
[14.813s] -- Up-to-date: /home/lexij/rose_lab/install/gantry_lidar_interfaces/include/gantry_lidar_interfaces/gantry_lidar_interfaces/msg
[14.813s] -- Installing: /home/lexij/rose_lab/install/gantry_lidar_interfaces/include/gantry_lidar_interfaces/gantry_lidar_interfaces/msg/rosidl_typesupport_introspection_c__visibility_control.h
[14.813s] -- Up-to-date: /home/lexij/rose_lab/install/gantry_lidar_interfaces/include/gantry_lidar_interfaces/gantry_lidar_interfaces/srv
[14.813s] -- Up-to-date: /home/lexij/rose_lab/install/gantry_lidar_interfaces/include/gantry_lidar_interfaces/gantry_lidar_interfaces/srv/detail
[14.813s] -- Installing: /home/lexij/rose_lab/install/gantry_lidar_interfaces/include/gantry_lidar_interfaces/gantry_lidar_interfaces/srv/detail/capture__rosidl_typesupport_introspection_c.h
[14.813s] -- Installing: /home/lexij/rose_lab/install/gantry_lidar_interfaces/include/gantry_lidar_interfaces/gantry_lidar_interfaces/srv/detail/download_name__rosidl_typesupport_introspection_c.h
[14.813s] -- Installing: /home/lexij/rose_lab/install/gantry_lidar_interfaces/include/gantry_lidar_interfaces/gantry_lidar_interfaces/srv/detail/delete_name__rosidl_typesupport_introspection_c.h
[14.813s] -- Installing: /home/lexij/rose_lab/install/gantry_lidar_interfaces/include/gantry_lidar_interfaces/gantry_lidar_interfaces/srv/detail/bag_start__type_support.c
[14.813s] -- Installing: /home/lexij/rose_lab/install/gantry_lidar_interfaces/include/gantry_lidar_interfaces/gantry_lidar_interfaces/srv/detail/download_name__type_support.c
[14.813s] -- Installing: /home/lexij/rose_lab/install/gantry_lidar_interfaces/include/gantry_lidar_interfaces/gantry_lidar_interfaces/srv/detail/delete_name__type_support.c
[14.814s] -- Installing: /home/lexij/rose_lab/install/gantry_lidar_interfaces/include/gantry_lidar_interfaces/gantry_lidar_interfaces/srv/detail/bag_start__rosidl_typesupport_introspection_c.h
[14.814s] -- Installing: /home/lexij/rose_lab/install/gantry_lidar_interfaces/include/gantry_lidar_interfaces/gantry_lidar_interfaces/srv/detail/capture__type_support.c
[14.814s] -- Installing: /home/lexij/rose_lab/install/gantry_lidar_interfaces/lib/libgantry_lidar_interfaces__rosidl_typesupport_introspection_c.so
[14.815s] -- Set non-toolchain portion of runtime path of "/home/lexij/rose_lab/install/gantry_lidar_interfaces/lib/libgantry_lidar_interfaces__rosidl_typesupport_introspection_c.so" to ""
[14.815s] -- Installing: /home/lexij/rose_lab/install/gantry_lidar_interfaces/lib/libgantry_lidar_interfaces__rosidl_typesupport_c.so
[14.815s] -- Set non-toolchain portion of runtime path of "/home/lexij/rose_lab/install/gantry_lidar_interfaces/lib/libgantry_lidar_interfaces__rosidl_typesupport_c.so" to ""
[14.815s] -- Up-to-date: /home/lexij/rose_lab/install/gantry_lidar_interfaces/include/gantry_lidar_interfaces/gantry_lidar_interfaces
[14.815s] -- Up-to-date: /home/lexij/rose_lab/install/gantry_lidar_interfaces/include/gantry_lidar_interfaces/gantry_lidar_interfaces/msg
[14.816s] -- Installing: /home/lexij/rose_lab/install/gantry_lidar_interfaces/include/gantry_lidar_interfaces/gantry_lidar_interfaces/msg/rosidl_generator_cpp__visibility_control.hpp
[14.816s] -- Up-to-date: /home/lexij/rose_lab/install/gantry_lidar_interfaces/include/gantry_lidar_interfaces/gantry_lidar_interfaces/srv
[14.816s] -- Installing: /home/lexij/rose_lab/install/gantry_lidar_interfaces/include/gantry_lidar_interfaces/gantry_lidar_interfaces/srv/bag_start.hpp
[14.816s] -- Up-to-date: /home/lexij/rose_lab/install/gantry_lidar_interfaces/include/gantry_lidar_interfaces/gantry_lidar_interfaces/srv/detail
[14.816s] -- Installing: /home/lexij/rose_lab/install/gantry_lidar_interfaces/include/gantry_lidar_interfaces/gantry_lidar_interfaces/srv/detail/bag_start__builder.hpp
[14.816s] -- Installing: /home/lexij/rose_lab/install/gantry_lidar_interfaces/include/gantry_lidar_interfaces/gantry_lidar_interfaces/srv/detail/capture__traits.hpp
[14.816s] -- Installing: /home/lexij/rose_lab/install/gantry_lidar_interfaces/include/gantry_lidar_interfaces/gantry_lidar_interfaces/srv/detail/delete_name__type_support.hpp
[14.816s] -- Installing: /home/lexij/rose_lab/install/gantry_lidar_interfaces/include/gantry_lidar_interfaces/gantry_lidar_interfaces/srv/detail/bag_start__struct.hpp
[14.816s] -- Installing: /home/lexij/rose_lab/install/gantry_lidar_interfaces/include/gantry_lidar_interfaces/gantry_lidar_interfaces/srv/detail/download_name__builder.hpp
[14.816s] -- Installing: /home/lexij/rose_lab/install/gantry_lidar_interfaces/include/gantry_lidar_interfaces/gantry_lidar_interfaces/srv/detail/download_name__struct.hpp
[14.816s] -- Installing: /home/lexij/rose_lab/install/gantry_lidar_interfaces/include/gantry_lidar_interfaces/gantry_lidar_interfaces/srv/detail/bag_start__type_support.hpp
[14.816s] -- Installing: /home/lexij/rose_lab/install/gantry_lidar_interfaces/include/gantry_lidar_interfaces/gantry_lidar_interfaces/srv/detail/bag_start__traits.hpp
[14.816s] -- Installing: /home/lexij/rose_lab/install/gantry_lidar_interfaces/include/gantry_lidar_interfaces/gantry_lidar_interfaces/srv/detail/capture__type_support.hpp
[14.816s] -- Installing: /home/lexij/rose_lab/install/gantry_lidar_interfaces/include/gantry_lidar_interfaces/gantry_lidar_interfaces/srv/detail/download_name__traits.hpp
[14.817s] -- Installing: /home/lexij/rose_lab/install/gantry_lidar_interfaces/include/gantry_lidar_interfaces/gantry_lidar_interfaces/srv/detail/delete_name__builder.hpp
[14.817s] -- Installing: /home/lexij/rose_lab/install/gantry_lidar_interfaces/include/gantry_lidar_interfaces/gantry_lidar_interfaces/srv/detail/capture__builder.hpp
[14.817s] -- Installing: /home/lexij/rose_lab/install/gantry_lidar_interfaces/include/gantry_lidar_interfaces/gantry_lidar_interfaces/srv/detail/download_name__type_support.hpp
[14.817s] -- Installing: /home/lexij/rose_lab/install/gantry_lidar_interfaces/include/gantry_lidar_interfaces/gantry_lidar_interfaces/srv/detail/delete_name__struct.hpp
[14.817s] -- Installing: /home/lexij/rose_lab/install/gantry_lidar_interfaces/include/gantry_lidar_interfaces/gantry_lidar_interfaces/srv/detail/delete_name__traits.hpp
[14.817s] -- Installing: /home/lexij/rose_lab/install/gantry_lidar_interfaces/include/gantry_lidar_interfaces/gantry_lidar_interfaces/srv/detail/capture__struct.hpp
[14.818s] -- Installing: /home/lexij/rose_lab/install/gantry_lidar_interfaces/include/gantry_lidar_interfaces/gantry_lidar_interfaces/srv/download_name.hpp
[14.818s] -- Installing: /home/lexij/rose_lab/install/gantry_lidar_interfaces/include/gantry_lidar_interfaces/gantry_lidar_interfaces/srv/delete_name.hpp
[14.818s] -- Installing: /home/lexij/rose_lab/install/gantry_lidar_interfaces/include/gantry_lidar_interfaces/gantry_lidar_interfaces/srv/capture.hpp
[14.818s] -- Up-to-date: /home/lexij/rose_lab/install/gantry_lidar_interfaces/include/gantry_lidar_interfaces/gantry_lidar_interfaces
[14.818s] -- Up-to-date: /home/lexij/rose_lab/install/gantry_lidar_interfaces/include/gantry_lidar_interfaces/gantry_lidar_interfaces/msg
[14.818s] -- Installing: /home/lexij/rose_lab/install/gantry_lidar_interfaces/include/gantry_lidar_interfaces/gantry_lidar_interfaces/msg/rosidl_typesupport_fastrtps_cpp__visibility_control.h
[14.818s] -- Up-to-date: /home/lexij/rose_lab/install/gantry_lidar_interfaces/include/gantry_lidar_interfaces/gantry_lidar_interfaces/srv
[14.818s] -- Up-to-date: /home/lexij/rose_lab/install/gantry_lidar_interfaces/include/gantry_lidar_interfaces/gantry_lidar_interfaces/srv/detail
[14.819s] -- Installing: /home/lexij/rose_lab/install/gantry_lidar_interfaces/include/gantry_lidar_interfaces/gantry_lidar_interfaces/srv/detail/bag_start__rosidl_typesupport_fastrtps_cpp.hpp
[14.819s] -- Installing: /home/lexij/rose_lab/install/gantry_lidar_interfaces/include/gantry_lidar_interfaces/gantry_lidar_interfaces/srv/detail/download_name__rosidl_typesupport_fastrtps_cpp.hpp
[14.819s] -- Installing: /home/lexij/rose_lab/install/gantry_lidar_interfaces/include/gantry_lidar_interfaces/gantry_lidar_interfaces/srv/detail/dds_fastrtps
[14.820s] -- Installing: /home/lexij/rose_lab/install/gantry_lidar_interfaces/include/gantry_lidar_interfaces/gantry_lidar_interfaces/srv/detail/delete_name__rosidl_typesupport_fastrtps_cpp.hpp
[14.820s] -- Installing: /home/lexij/rose_lab/install/gantry_lidar_interfaces/include/gantry_lidar_interfaces/gantry_lidar_interfaces/srv/detail/capture__rosidl_typesupport_fastrtps_cpp.hpp
[14.820s] -- Installing: /home/lexij/rose_lab/install/gantry_lidar_interfaces/lib/libgantry_lidar_interfaces__rosidl_typesupport_fastrtps_cpp.so
[14.821s] -- Set non-toolchain portion of runtime path of "/home/lexij/rose_lab/install/gantry_lidar_interfaces/lib/libgantry_lidar_interfaces__rosidl_typesupport_fastrtps_cpp.so" to ""
[14.821s] -- Up-to-date: /home/lexij/rose_lab/install/gantry_lidar_interfaces/include/gantry_lidar_interfaces/gantry_lidar_interfaces
[14.821s] -- Up-to-date: /home/lexij/rose_lab/install/gantry_lidar_interfaces/include/gantry_lidar_interfaces/gantry_lidar_interfaces/srv
[14.821s] -- Up-to-date: /home/lexij/rose_lab/install/gantry_lidar_interfaces/include/gantry_lidar_interfaces/gantry_lidar_interfaces/srv/detail
[14.822s] -- Installing: /home/lexij/rose_lab/install/gantry_lidar_interfaces/include/gantry_lidar_interfaces/gantry_lidar_interfaces/srv/detail/delete_name__type_support.cpp
[14.822s] -- Installing: /home/lexij/rose_lab/install/gantry_lidar_interfaces/include/gantry_lidar_interfaces/gantry_lidar_interfaces/srv/detail/capture__rosidl_typesupport_introspection_cpp.hpp
[14.822s] -- Installing: /home/lexij/rose_lab/install/gantry_lidar_interfaces/include/gantry_lidar_interfaces/gantry_lidar_interfaces/srv/detail/delete_name__rosidl_typesupport_introspection_cpp.hpp
[14.822s] -- Installing: /home/lexij/rose_lab/install/gantry_lidar_interfaces/include/gantry_lidar_interfaces/gantry_lidar_interfaces/srv/detail/capture__type_support.cpp
[14.822s] -- Installing: /home/lexij/rose_lab/install/gantry_lidar_interfaces/include/gantry_lidar_interfaces/gantry_lidar_interfaces/srv/detail/bag_start__rosidl_typesupport_introspection_cpp.hpp
[14.823s] -- Installing: /home/lexij/rose_lab/install/gantry_lidar_interfaces/include/gantry_lidar_interfaces/gantry_lidar_interfaces/srv/detail/bag_start__type_support.cpp
[14.823s] -- Installing: /home/lexij/rose_lab/install/gantry_lidar_interfaces/include/gantry_lidar_interfaces/gantry_lidar_interfaces/srv/detail/download_name__type_support.cpp
[14.823s] -- Installing: /home/lexij/rose_lab/install/gantry_lidar_interfaces/include/gantry_lidar_interfaces/gantry_lidar_interfaces/srv/detail/download_name__rosidl_typesupport_introspection_cpp.hpp
[14.824s] -- Installing: /home/lexij/rose_lab/install/gantry_lidar_interfaces/lib/libgantry_lidar_interfaces__rosidl_typesupport_introspection_cpp.so
[14.825s] -- Set non-toolchain portion of runtime path of "/home/lexij/rose_lab/install/gantry_lidar_interfaces/lib/libgantry_lidar_interfaces__rosidl_typesupport_introspection_cpp.so" to ""
[14.825s] -- Installing: /home/lexij/rose_lab/install/gantry_lidar_interfaces/lib/libgantry_lidar_interfaces__rosidl_typesupport_cpp.so
[14.826s] -- Set non-toolchain portion of runtime path of "/home/lexij/rose_lab/install/gantry_lidar_interfaces/lib/libgantry_lidar_interfaces__rosidl_typesupport_cpp.so" to ""
[14.826s] -- Installing: /home/lexij/rose_lab/install/gantry_lidar_interfaces/share/gantry_lidar_interfaces/environment/pythonpath.sh
[14.826s] -- Installing: /home/lexij/rose_lab/install/gantry_lidar_interfaces/share/gantry_lidar_interfaces/environment/pythonpath.dsv
[14.827s] -- Installing: /home/lexij/rose_lab/install/gantry_lidar_interfaces/lib/python3.12/site-packages/gantry_lidar_interfaces-0.0.0-py3.12.egg-info
[14.831s] -- Installing: /home/lexij/rose_lab/install/gantry_lidar_interfaces/lib/python3.12/site-packages/gantry_lidar_interfaces-0.0.0-py3.12.egg-info/top_level.txt
[14.831s] -- Installing: /home/lexij/rose_lab/install/gantry_lidar_interfaces/lib/python3.12/site-packages/gantry_lidar_interfaces-0.0.0-py3.12.egg-info/PKG-INFO
[14.831s] -- Installing: /home/lexij/rose_lab/install/gantry_lidar_interfaces/lib/python3.12/site-packages/gantry_lidar_interfaces-0.0.0-py3.12.egg-info/dependency_links.txt
[14.831s] -- Installing: /home/lexij/rose_lab/install/gantry_lidar_interfaces/lib/python3.12/site-packages/gantry_lidar_interfaces-0.0.0-py3.12.egg-info/SOURCES.txt
[14.831s] -- Installing: /home/lexij/rose_lab/install/gantry_lidar_interfaces/lib/python3.12/site-packages/gantry_lidar_interfaces
[14.831s] -- Installing: /home/lexij/rose_lab/install/gantry_lidar_interfaces/lib/python3.12/site-packages/gantry_lidar_interfaces/gantry_lidar_interfaces_s__rosidl_typesupport_fastrtps_c.so
[14.831s] -- Installing: /home/lexij/rose_lab/install/gantry_lidar_interfaces/lib/python3.12/site-packages/gantry_lidar_interfaces/_gantry_lidar_interfaces_s.ep.rosidl_typesupport_fastrtps_c.c
[14.832s] -- Installing: /home/lexij/rose_lab/install/gantry_lidar_interfaces/lib/python3.12/site-packages/gantry_lidar_interfaces/_gantry_lidar_interfaces_s.ep.rosidl_typesupport_introspection_c.c
[14.832s] -- Installing: /home/lexij/rose_lab/install/gantry_lidar_interfaces/lib/python3.12/site-packages/gantry_lidar_interfaces/__init__.py
[14.832s] -- Installing: /home/lexij/rose_lab/install/gantry_lidar_interfaces/lib/python3.12/site-packages/gantry_lidar_interfaces/_gantry_lidar_interfaces_s.ep.rosidl_typesupport_c.c
[14.832s] -- Installing: /home/lexij/rose_lab/install/gantry_lidar_interfaces/lib/python3.12/site-packages/gantry_lidar_interfaces/gantry_lidar_interfaces_s__rosidl_typesupport_introspection_c.so
[14.832s] -- Installing: /home/lexij/rose_lab/install/gantry_lidar_interfaces/lib/python3.12/site-packages/gantry_lidar_interfaces/gantry_lidar_interfaces_s__rosidl_typesupport_c.so
[14.833s] -- Installing: /home/lexij/rose_lab/install/gantry_lidar_interfaces/lib/python3.12/site-packages/gantry_lidar_interfaces/srv
[14.833s] -- Installing: /home/lexij/rose_lab/install/gantry_lidar_interfaces/lib/python3.12/site-packages/gantry_lidar_interfaces/srv/_delete_name_s.c
[14.833s] -- Installing: /home/lexij/rose_lab/install/gantry_lidar_interfaces/lib/python3.12/site-packages/gantry_lidar_interfaces/srv/_bag_start_s.c
[14.834s] -- Installing: /home/lexij/rose_lab/install/gantry_lidar_interfaces/lib/python3.12/site-packages/gantry_lidar_interfaces/srv/_delete_name.py
[14.834s] -- Installing: /home/lexij/rose_lab/install/gantry_lidar_interfaces/lib/python3.12/site-packages/gantry_lidar_interfaces/srv/__init__.py
[14.834s] -- Installing: /home/lexij/rose_lab/install/gantry_lidar_interfaces/lib/python3.12/site-packages/gantry_lidar_interfaces/srv/_capture.py
[14.834s] -- Installing: /home/lexij/rose_lab/install/gantry_lidar_interfaces/lib/python3.12/site-packages/gantry_lidar_interfaces/srv/_bag_start.py
[14.834s] -- Installing: /home/lexij/rose_lab/install/gantry_lidar_interfaces/lib/python3.12/site-packages/gantry_lidar_interfaces/srv/_download_name.py
[14.834s] -- Installing: /home/lexij/rose_lab/install/gantry_lidar_interfaces/lib/python3.12/site-packages/gantry_lidar_interfaces/srv/_capture_s.c
[14.834s] -- Installing: /home/lexij/rose_lab/install/gantry_lidar_interfaces/lib/python3.12/site-packages/gantry_lidar_interfaces/srv/_download_name_s.c
[14.908s] Listing '/home/lexij/rose_lab/install/gantry_lidar_interfaces/lib/python3.12/site-packages/gantry_lidar_interfaces'...
[14.908s] Compiling '/home/lexij/rose_lab/install/gantry_lidar_interfaces/lib/python3.12/site-packages/gantry_lidar_interfaces/__init__.py'...
[14.909s] Listing '/home/lexij/rose_lab/install/gantry_lidar_interfaces/lib/python3.12/site-packages/gantry_lidar_interfaces/srv'...
[14.909s] Compiling '/home/lexij/rose_lab/install/gantry_lidar_interfaces/lib/python3.12/site-packages/gantry_lidar_interfaces/srv/__init__.py'...
[14.909s] Compiling '/home/lexij/rose_lab/install/gantry_lidar_interfaces/lib/python3.12/site-packages/gantry_lidar_interfaces/srv/_bag_start.py'...
[14.909s] Compiling '/home/lexij/rose_lab/install/gantry_lidar_interfaces/lib/python3.12/site-packages/gantry_lidar_interfaces/srv/_capture.py'...
[14.909s] Compiling '/home/lexij/rose_lab/install/gantry_lidar_interfaces/lib/python3.12/site-packages/gantry_lidar_interfaces/srv/_delete_name.py'...
[14.909s] Compiling '/home/lexij/rose_lab/install/gantry_lidar_interfaces/lib/python3.12/site-packages/gantry_lidar_interfaces/srv/_download_name.py'...
[14.917s] -- Installing: /home/lexij/rose_lab/install/gantry_lidar_interfaces/lib/python3.12/site-packages/gantry_lidar_interfaces/gantry_lidar_interfaces_s__rosidl_typesupport_fastrtps_c.so
[14.918s] -- Set non-toolchain portion of runtime path of "/home/lexij/rose_lab/install/gantry_lidar_interfaces/lib/python3.12/site-packages/gantry_lidar_interfaces/gantry_lidar_interfaces_s__rosidl_typesupport_fastrtps_c.so" to ""
[14.918s] -- Installing: /home/lexij/rose_lab/install/gantry_lidar_interfaces/lib/python3.12/site-packages/gantry_lidar_interfaces/gantry_lidar_interfaces_s__rosidl_typesupport_introspection_c.so
[14.918s] -- Set non-toolchain portion of runtime path of "/home/lexij/rose_lab/install/gantry_lidar_interfaces/lib/python3.12/site-packages/gantry_lidar_interfaces/gantry_lidar_interfaces_s__rosidl_typesupport_introspection_c.so" to ""
[14.918s] -- Installing: /home/lexij/rose_lab/install/gantry_lidar_interfaces/lib/python3.12/site-packages/gantry_lidar_interfaces/gantry_lidar_interfaces_s__rosidl_typesupport_c.so
[14.919s] -- Set non-toolchain portion of runtime path of "/home/lexij/rose_lab/install/gantry_lidar_interfaces/lib/python3.12/site-packages/gantry_lidar_interfaces/gantry_lidar_interfaces_s__rosidl_typesupport_c.so" to ""
[14.919s] -- Installing: /home/lexij/rose_lab/install/gantry_lidar_interfaces/lib/libgantry_lidar_interfaces__rosidl_generator_py.so
[14.919s] -- Set non-toolchain portion of runtime path of "/home/lexij/rose_lab/install/gantry_lidar_interfaces/lib/libgantry_lidar_interfaces__rosidl_generator_py.so" to ""
[14.919s] -- Installing: /home/lexij/rose_lab/install/gantry_lidar_interfaces/share/gantry_lidar_interfaces/srv/Capture.idl
[14.920s] -- Installing: /home/lexij/rose_lab/install/gantry_lidar_interfaces/share/gantry_lidar_interfaces/srv/DeleteName.idl
[14.920s] -- Installing: /home/lexij/rose_lab/install/gantry_lidar_interfaces/share/gantry_lidar_interfaces/srv/DownloadName.idl
[14.920s] -- Installing: /home/lexij/rose_lab/install/gantry_lidar_interfaces/share/gantry_lidar_interfaces/srv/BagStart.idl
[14.921s] -- Installing: /home/lexij/rose_lab/install/gantry_lidar_interfaces/share/gantry_lidar_interfaces/srv/Capture.srv
[14.921s] -- Installing: /home/lexij/rose_lab/install/gantry_lidar_interfaces/share/gantry_lidar_interfaces/srv/DeleteName.srv
[14.921s] -- Installing: /home/lexij/rose_lab/install/gantry_lidar_interfaces/share/gantry_lidar_interfaces/srv/DownloadName.srv
[14.921s] -- Installing: /home/lexij/rose_lab/install/gantry_lidar_interfaces/share/gantry_lidar_interfaces/srv/BagStart.srv
[14.921s] -- Installing: /home/lexij/rose_lab/install/gantry_lidar_interfaces/share/ament_index/resource_index/package_run_dependencies/gantry_lidar_interfaces
[14.922s] -- Installing: /home/lexij/rose_lab/install/gantry_lidar_interfaces/share/ament_index/resource_index/parent_prefix_path/gantry_lidar_interfaces
[14.922s] -- Installing: /home/lexij/rose_lab/install/gantry_lidar_interfaces/share/gantry_lidar_interfaces/environment/ament_prefix_path.sh
[14.922s] -- Installing: /home/lexij/rose_lab/install/gantry_lidar_interfaces/share/gantry_lidar_interfaces/environment/ament_prefix_path.dsv
[14.922s] -- Installing: /home/lexij/rose_lab/install/gantry_lidar_interfaces/share/gantry_lidar_interfaces/environment/path.sh
[14.923s] -- Installing: /home/lexij/rose_lab/install/gantry_lidar_interfaces/share/gantry_lidar_interfaces/environment/path.dsv
[14.923s] -- Installing: /home/lexij/rose_lab/install/gantry_lidar_interfaces/share/gantry_lidar_interfaces/local_setup.bash
[14.924s] -- Installing: /home/lexij/rose_lab/install/gantry_lidar_interfaces/share/gantry_lidar_interfaces/local_setup.sh
[14.924s] -- Installing: /home/lexij/rose_lab/install/gantry_lidar_interfaces/share/gantry_lidar_interfaces/local_setup.zsh
[14.924s] -- Installing: /home/lexij/rose_lab/install/gantry_lidar_interfaces/share/gantry_lidar_interfaces/local_setup.dsv
[14.924s] -- Installing: /home/lexij/rose_lab/install/gantry_lidar_interfaces/share/gantry_lidar_interfaces/package.dsv
[14.925s] -- Installing: /home/lexij/rose_lab/install/gantry_lidar_interfaces/share/ament_index/resource_index/packages/gantry_lidar_interfaces
[14.925s] -- Installing: /home/lexij/rose_lab/install/gantry_lidar_interfaces/share/gantry_lidar_interfaces/cmake/export_gantry_lidar_interfaces__rosidl_generator_cExport.cmake
[14.925s] -- Installing: /home/lexij/rose_lab/install/gantry_lidar_interfaces/share/gantry_lidar_interfaces/cmake/export_gantry_lidar_interfaces__rosidl_generator_cExport-noconfig.cmake
[14.926s] -- Installing: /home/lexij/rose_lab/install/gantry_lidar_interfaces/share/gantry_lidar_interfaces/cmake/export_gantry_lidar_interfaces__rosidl_typesupport_fastrtps_cExport.cmake
[14.927s] -- Installing: /home/lexij/rose_lab/install/gantry_lidar_interfaces/share/gantry_lidar_interfaces/cmake/export_gantry_lidar_interfaces__rosidl_typesupport_fastrtps_cExport-noconfig.cmake
[14.927s] -- Installing: /home/lexij/rose_lab/install/gantry_lidar_interfaces/share/gantry_lidar_interfaces/cmake/gantry_lidar_interfaces__rosidl_typesupport_introspection_cExport.cmake
[14.927s] -- Installing: /home/lexij/rose_lab/install/gantry_lidar_interfaces/share/gantry_lidar_interfaces/cmake/gantry_lidar_interfaces__rosidl_typesupport_introspection_cExport-noconfig.cmake
[14.927s] -- Installing: /home/lexij/rose_lab/install/gantry_lidar_interfaces/share/gantry_lidar_interfaces/cmake/gantry_lidar_interfaces__rosidl_typesupport_cExport.cmake
[14.927s] -- Installing: /home/lexij/rose_lab/install/gantry_lidar_interfaces/share/gantry_lidar_interfaces/cmake/gantry_lidar_interfaces__rosidl_typesupport_cExport-noconfig.cmake
[14.928s] -- Installing: /home/lexij/rose_lab/install/gantry_lidar_interfaces/share/gantry_lidar_interfaces/cmake/export_gantry_lidar_interfaces__rosidl_generator_cppExport.cmake
[14.928s] -- Installing: /home/lexij/rose_lab/install/gantry_lidar_interfaces/share/gantry_lidar_interfaces/cmake/export_gantry_lidar_interfaces__rosidl_typesupport_fastrtps_cppExport.cmake
[14.928s] -- Installing: /home/lexij/rose_lab/install/gantry_lidar_interfaces/share/gantry_lidar_interfaces/cmake/export_gantry_lidar_interfaces__rosidl_typesupport_fastrtps_cppExport-noconfig.cmake
[14.928s] -- Installing: /home/lexij/rose_lab/install/gantry_lidar_interfaces/share/gantry_lidar_interfaces/cmake/gantry_lidar_interfaces__rosidl_typesupport_introspection_cppExport.cmake
[14.929s] -- Installing: /home/lexij/rose_lab/install/gantry_lidar_interfaces/share/gantry_lidar_interfaces/cmake/gantry_lidar_interfaces__rosidl_typesupport_introspection_cppExport-noconfig.cmake
[14.929s] -- Installing: /home/lexij/rose_lab/install/gantry_lidar_interfaces/share/gantry_lidar_interfaces/cmake/gantry_lidar_interfaces__rosidl_typesupport_cppExport.cmake
[14.929s] -- Installing: /home/lexij/rose_lab/install/gantry_lidar_interfaces/share/gantry_lidar_interfaces/cmake/gantry_lidar_interfaces__rosidl_typesupport_cppExport-noconfig.cmake
[14.929s] -- Installing: /home/lexij/rose_lab/install/gantry_lidar_interfaces/share/gantry_lidar_interfaces/cmake/export_gantry_lidar_interfaces__rosidl_generator_pyExport.cmake
[14.929s] -- Installing: /home/lexij/rose_lab/install/gantry_lidar_interfaces/share/gantry_lidar_interfaces/cmake/export_gantry_lidar_interfaces__rosidl_generator_pyExport-noconfig.cmake
[14.930s] -- Installing: /home/lexij/rose_lab/install/gantry_lidar_interfaces/share/gantry_lidar_interfaces/cmake/rosidl_cmake-extras.cmake
[14.930s] -- Installing: /home/lexij/rose_lab/install/gantry_lidar_interfaces/share/gantry_lidar_interfaces/cmake/ament_cmake_export_dependencies-extras.cmake
[14.930s] -- Installing: /home/lexij/rose_lab/install/gantry_lidar_interfaces/share/gantry_lidar_interfaces/cmake/ament_cmake_export_include_directories-extras.cmake
[14.930s] -- Installing: /home/lexij/rose_lab/install/gantry_lidar_interfaces/share/gantry_lidar_interfaces/cmake/ament_cmake_export_libraries-extras.cmake
[14.930s] -- Installing: /home/lexij/rose_lab/install/gantry_lidar_interfaces/share/gantry_lidar_interfaces/cmake/ament_cmake_export_targets-extras.cmake
[14.930s] -- Installing: /home/lexij/rose_lab/install/gantry_lidar_interfaces/share/gantry_lidar_interfaces/cmake/rosidl_cmake_export_typesupport_targets-extras.cmake
[14.931s] -- Installing: /home/lexij/rose_lab/install/gantry_lidar_interfaces/share/gantry_lidar_interfaces/cmake/rosidl_cmake_export_typesupport_libraries-extras.cmake
[14.931s] -- Installing: /home/lexij/rose_lab/install/gantry_lidar_interfaces/share/gantry_lidar_interfaces/cmake/gantry_lidar_interfacesConfig.cmake
[14.931s] -- Installing: /home/lexij/rose_lab/install/gantry_lidar_interfaces/share/gantry_lidar_interfaces/cmake/gantry_lidar_interfacesConfig-version.cmake
[14.931s] -- Installing: /home/lexij/rose_lab/install/gantry_lidar_interfaces/share/gantry_lidar_interfaces/package.xml
[14.935s] Invoked command in '/home/lexij/rose_lab/build/gantry_lidar_interfaces' returned '0': CMAKE_PREFIX_PATH=${CMAKE_PREFIX_PATH}:/opt/ros/jazzy /usr/bin/cmake --install /home/lexij/rose_lab/build/gantry_lidar_interfaces
