[0.377s] Invoking command in '/home/lexij/rose_lab/build/gantry_lidar_interfaces': CMAKE_PREFIX_PATH=${CMAKE_PREFIX_PATH}:/home/lexij/rose_lab/install/gantry_path:/home/lexij/rose_lab/install/dummy:/opt/ros/jazzy /usr/bin/cmake --build /home/lexij/rose_lab/build/gantry_lidar_interfaces -- -j22 -l22
[0.554s] [  1%] Built target gantry_lidar_interfaces__rosidl_generator_type_description
[0.566s] [  1%] Built target ament_cmake_python_copy_gantry_lidar_interfaces
[0.590s] [  2%] Built target gantry_lidar_interfaces__cpp
[0.605s] [ 25%] Built target gantry_lidar_interfaces__rosidl_generator_c
[0.652s] [ 35%] Built target gantry_lidar_interfaces__rosidl_typesupport_c
[0.653s] [ 44%] Built target gantry_lidar_interfaces__rosidl_typesupport_introspection_c
[0.657s] [ 58%] Built target gantry_lidar_interfaces__rosidl_typesupport_introspection_cpp
[0.657s] [ 63%] Built target gantry_lidar_interfaces__rosidl_typesupport_cpp
[0.658s] [ 72%] Built target gantry_lidar_interfaces__rosidl_typesupport_fastrtps_c
[0.659s] [ 82%] Built target gantry_lidar_interfaces__rosidl_typesupport_fastrtps_cpp
[0.688s] [ 82%] Built target gantry_lidar_interfaces
[0.717s] [ 83%] Built target gantry_lidar_interfaces__py
[0.755s] [ 91%] Built target gantry_lidar_interfaces__rosidl_generator_py
[0.795s] [ 94%] Built target gantry_lidar_interfaces_s__rosidl_typesupport_fastrtps_c
[0.797s] [ 97%] Built target gantry_lidar_interfaces_s__rosidl_typesupport_introspection_c
[0.801s] [100%] Built target gantry_lidar_interfaces_s__rosidl_typesupport_c
[0.892s] running egg_info
[0.917s] writing gantry_lidar_interfaces.egg-info/PKG-INFO
[0.917s] writing dependency_links to gantry_lidar_interfaces.egg-info/dependency_links.txt
[0.917s] writing top-level names to gantry_lidar_interfaces.egg-info/top_level.txt
[0.984s] reading manifest file 'gantry_lidar_interfaces.egg-info/SOURCES.txt'
[0.984s] writing manifest file 'gantry_lidar_interfaces.egg-info/SOURCES.txt'
[1.029s] [100%] Built target ament_cmake_python_build_gantry_lidar_interfaces_egg
[1.047s] Invoked command in '/home/lexij/rose_lab/build/gantry_lidar_interfaces' returned '0': CMAKE_PREFIX_PATH=${CMAKE_PREFIX_PATH}:/home/lexij/rose_lab/install/gantry_path:/home/lexij/rose_lab/install/dummy:/opt/ros/jazzy /usr/bin/cmake --build /home/lexij/rose_lab/build/gantry_lidar_interfaces -- -j22 -l22
[1.067s] Invoking command in '/home/lexij/rose_lab/build/gantry_lidar_interfaces': CMAKE_PREFIX_PATH=${CMAKE_PREFIX_PATH}:/home/lexij/rose_lab/install/gantry_path:/home/lexij/rose_lab/install/dummy:/opt/ros/jazzy /usr/bin/cmake --install /home/lexij/rose_lab/build/gantry_lidar_interfaces
[1.078s] -- Install configuration: ""
[1.079s] -- Up-to-date: /home/lexij/rose_lab/install/gantry_lidar_interfaces/share/ament_index/resource_index/rosidl_interfaces/gantry_lidar_interfaces
[1.079s] -- Up-to-date: /home/lexij/rose_lab/install/gantry_lidar_interfaces/share/gantry_lidar_interfaces/srv/Capture.json
[1.079s] -- Up-to-date: /home/lexij/rose_lab/install/gantry_lidar_interfaces/share/gantry_lidar_interfaces/srv/DeleteName.json
[1.080s] -- Up-to-date: /home/lexij/rose_lab/install/gantry_lidar_interfaces/share/gantry_lidar_interfaces/srv/DeleteTimeRange.json
[1.080s] -- Up-to-date: /home/lexij/rose_lab/install/gantry_lidar_interfaces/share/gantry_lidar_interfaces/srv/DownloadName.json
[1.080s] -- Up-to-date: /home/lexij/rose_lab/install/gantry_lidar_interfaces/share/gantry_lidar_interfaces/srv/DownloadTimeRange.json
[1.080s] -- Up-to-date: /home/lexij/rose_lab/install/gantry_lidar_interfaces/include/gantry_lidar_interfaces/gantry_lidar_interfaces
[1.081s] -- Up-to-date: /home/lexij/rose_lab/install/gantry_lidar_interfaces/include/gantry_lidar_interfaces/gantry_lidar_interfaces/msg
[1.081s] -- Up-to-date: /home/lexij/rose_lab/install/gantry_lidar_interfaces/include/gantry_lidar_interfaces/gantry_lidar_interfaces/msg/rosidl_generator_c__visibility_control.h
[1.081s] -- Up-to-date: /home/lexij/rose_lab/install/gantry_lidar_interfaces/include/gantry_lidar_interfaces/gantry_lidar_interfaces/srv
[1.081s] -- Up-to-date: /home/lexij/rose_lab/install/gantry_lidar_interfaces/include/gantry_lidar_interfaces/gantry_lidar_interfaces/srv/delete_name.h
[1.081s] -- Up-to-date: /home/lexij/rose_lab/install/gantry_lidar_interfaces/include/gantry_lidar_interfaces/gantry_lidar_interfaces/srv/download_name.h
[1.081s] -- Up-to-date: /home/lexij/rose_lab/install/gantry_lidar_interfaces/include/gantry_lidar_interfaces/gantry_lidar_interfaces/srv/capture.h
[1.082s] -- Up-to-date: /home/lexij/rose_lab/install/gantry_lidar_interfaces/include/gantry_lidar_interfaces/gantry_lidar_interfaces/srv/detail
[1.082s] -- Up-to-date: /home/lexij/rose_lab/install/gantry_lidar_interfaces/include/gantry_lidar_interfaces/gantry_lidar_interfaces/srv/detail/download_name__description.c
[1.082s] -- Up-to-date: /home/lexij/rose_lab/install/gantry_lidar_interfaces/include/gantry_lidar_interfaces/gantry_lidar_interfaces/srv/detail/download_name__functions.h
[1.082s] -- Up-to-date: /home/lexij/rose_lab/install/gantry_lidar_interfaces/include/gantry_lidar_interfaces/gantry_lidar_interfaces/srv/detail/capture__description.c
[1.082s] -- Up-to-date: /home/lexij/rose_lab/install/gantry_lidar_interfaces/include/gantry_lidar_interfaces/gantry_lidar_interfaces/srv/detail/delete_time_range__functions.c
[1.082s] -- Up-to-date: /home/lexij/rose_lab/install/gantry_lidar_interfaces/include/gantry_lidar_interfaces/gantry_lidar_interfaces/srv/detail/download_time_range__functions.c
[1.082s] -- Up-to-date: /home/lexij/rose_lab/install/gantry_lidar_interfaces/include/gantry_lidar_interfaces/gantry_lidar_interfaces/srv/detail/delete_time_range__type_support.h
[1.082s] -- Up-to-date: /home/lexij/rose_lab/install/gantry_lidar_interfaces/include/gantry_lidar_interfaces/gantry_lidar_interfaces/srv/detail/download_name__type_support.h
[1.082s] -- Up-to-date: /home/lexij/rose_lab/install/gantry_lidar_interfaces/include/gantry_lidar_interfaces/gantry_lidar_interfaces/srv/detail/delete_name__functions.c
[1.082s] -- Up-to-date: /home/lexij/rose_lab/install/gantry_lidar_interfaces/include/gantry_lidar_interfaces/gantry_lidar_interfaces/srv/detail/download_time_range__type_support.c
[1.082s] -- Up-to-date: /home/lexij/rose_lab/install/gantry_lidar_interfaces/include/gantry_lidar_interfaces/gantry_lidar_interfaces/srv/detail/delete_time_range__description.c
[1.083s] -- Up-to-date: /home/lexij/rose_lab/install/gantry_lidar_interfaces/include/gantry_lidar_interfaces/gantry_lidar_interfaces/srv/detail/download_time_range__functions.h
[1.083s] -- Up-to-date: /home/lexij/rose_lab/install/gantry_lidar_interfaces/include/gantry_lidar_interfaces/gantry_lidar_interfaces/srv/detail/delete_time_range__type_support.c
[1.083s] -- Up-to-date: /home/lexij/rose_lab/install/gantry_lidar_interfaces/include/gantry_lidar_interfaces/gantry_lidar_interfaces/srv/detail/download_name__type_support.c
[1.083s] -- Up-to-date: /home/lexij/rose_lab/install/gantry_lidar_interfaces/include/gantry_lidar_interfaces/gantry_lidar_interfaces/srv/detail/download_time_range__type_support.h
[1.083s] -- Up-to-date: /home/lexij/rose_lab/install/gantry_lidar_interfaces/include/gantry_lidar_interfaces/gantry_lidar_interfaces/srv/detail/delete_name__type_support.h
[1.083s] -- Up-to-date: /home/lexij/rose_lab/install/gantry_lidar_interfaces/include/gantry_lidar_interfaces/gantry_lidar_interfaces/srv/detail/delete_name__description.c
[1.083s] -- Up-to-date: /home/lexij/rose_lab/install/gantry_lidar_interfaces/include/gantry_lidar_interfaces/gantry_lidar_interfaces/srv/detail/download_name__struct.h
[1.083s] -- Up-to-date: /home/lexij/rose_lab/install/gantry_lidar_interfaces/include/gantry_lidar_interfaces/gantry_lidar_interfaces/srv/detail/delete_name__type_support.c
[1.083s] -- Up-to-date: /home/lexij/rose_lab/install/gantry_lidar_interfaces/include/gantry_lidar_interfaces/gantry_lidar_interfaces/srv/detail/capture__functions.h
[1.083s] -- Up-to-date: /home/lexij/rose_lab/install/gantry_lidar_interfaces/include/gantry_lidar_interfaces/gantry_lidar_interfaces/srv/detail/capture__struct.h
[1.083s] -- Up-to-date: /home/lexij/rose_lab/install/gantry_lidar_interfaces/include/gantry_lidar_interfaces/gantry_lidar_interfaces/srv/detail/download_time_range__description.c
[1.083s] -- Up-to-date: /home/lexij/rose_lab/install/gantry_lidar_interfaces/include/gantry_lidar_interfaces/gantry_lidar_interfaces/srv/detail/capture__type_support.h
[1.083s] -- Up-to-date: /home/lexij/rose_lab/install/gantry_lidar_interfaces/include/gantry_lidar_interfaces/gantry_lidar_interfaces/srv/detail/download_name__functions.c
[1.083s] -- Up-to-date: /home/lexij/rose_lab/install/gantry_lidar_interfaces/include/gantry_lidar_interfaces/gantry_lidar_interfaces/srv/detail/delete_name__functions.h
[1.084s] -- Up-to-date: /home/lexij/rose_lab/install/gantry_lidar_interfaces/include/gantry_lidar_interfaces/gantry_lidar_interfaces/srv/detail/capture__functions.c
[1.084s] -- Up-to-date: /home/lexij/rose_lab/install/gantry_lidar_interfaces/include/gantry_lidar_interfaces/gantry_lidar_interfaces/srv/detail/capture__type_support.c
[1.084s] -- Up-to-date: /home/lexij/rose_lab/install/gantry_lidar_interfaces/include/gantry_lidar_interfaces/gantry_lidar_interfaces/srv/detail/delete_time_range__functions.h
[1.084s] -- Up-to-date: /home/lexij/rose_lab/install/gantry_lidar_interfaces/include/gantry_lidar_interfaces/gantry_lidar_interfaces/srv/detail/delete_time_range__struct.h
[1.084s] -- Up-to-date: /home/lexij/rose_lab/install/gantry_lidar_interfaces/include/gantry_lidar_interfaces/gantry_lidar_interfaces/srv/detail/delete_name__struct.h
[1.084s] -- Up-to-date: /home/lexij/rose_lab/install/gantry_lidar_interfaces/include/gantry_lidar_interfaces/gantry_lidar_interfaces/srv/detail/download_time_range__struct.h
[1.084s] -- Up-to-date: /home/lexij/rose_lab/install/gantry_lidar_interfaces/include/gantry_lidar_interfaces/gantry_lidar_interfaces/srv/delete_time_range.h
[1.084s] -- Up-to-date: /home/lexij/rose_lab/install/gantry_lidar_interfaces/include/gantry_lidar_interfaces/gantry_lidar_interfaces/srv/download_time_range.h
[1.084s] -- Up-to-date: /home/lexij/rose_lab/install/gantry_lidar_interfaces/share/gantry_lidar_interfaces/environment/library_path.sh
[1.084s] -- Up-to-date: /home/lexij/rose_lab/install/gantry_lidar_interfaces/share/gantry_lidar_interfaces/environment/library_path.dsv
[1.085s] -- Up-to-date: /home/lexij/rose_lab/install/gantry_lidar_interfaces/lib/libgantry_lidar_interfaces__rosidl_generator_c.so
[1.085s] -- Up-to-date: /home/lexij/rose_lab/install/gantry_lidar_interfaces/include/gantry_lidar_interfaces/gantry_lidar_interfaces
[1.085s] -- Up-to-date: /home/lexij/rose_lab/install/gantry_lidar_interfaces/include/gantry_lidar_interfaces/gantry_lidar_interfaces/msg
[1.085s] -- Up-to-date: /home/lexij/rose_lab/install/gantry_lidar_interfaces/include/gantry_lidar_interfaces/gantry_lidar_interfaces/msg/rosidl_typesupport_fastrtps_c__visibility_control.h
[1.085s] -- Up-to-date: /home/lexij/rose_lab/install/gantry_lidar_interfaces/include/gantry_lidar_interfaces/gantry_lidar_interfaces/srv
[1.085s] -- Up-to-date: /home/lexij/rose_lab/install/gantry_lidar_interfaces/include/gantry_lidar_interfaces/gantry_lidar_interfaces/srv/detail
[1.085s] -- Up-to-date: /home/lexij/rose_lab/install/gantry_lidar_interfaces/include/gantry_lidar_interfaces/gantry_lidar_interfaces/srv/detail/download_name__rosidl_typesupport_fastrtps_c.h
[1.085s] -- Up-to-date: /home/lexij/rose_lab/install/gantry_lidar_interfaces/include/gantry_lidar_interfaces/gantry_lidar_interfaces/srv/detail/capture__rosidl_typesupport_fastrtps_c.h
[1.085s] -- Up-to-date: /home/lexij/rose_lab/install/gantry_lidar_interfaces/include/gantry_lidar_interfaces/gantry_lidar_interfaces/srv/detail/delete_time_range__rosidl_typesupport_fastrtps_c.h
[1.086s] -- Up-to-date: /home/lexij/rose_lab/install/gantry_lidar_interfaces/include/gantry_lidar_interfaces/gantry_lidar_interfaces/srv/detail/delete_name__rosidl_typesupport_fastrtps_c.h
[1.086s] -- Up-to-date: /home/lexij/rose_lab/install/gantry_lidar_interfaces/include/gantry_lidar_interfaces/gantry_lidar_interfaces/srv/detail/download_time_range__rosidl_typesupport_fastrtps_c.h
[1.086s] -- Up-to-date: /home/lexij/rose_lab/install/gantry_lidar_interfaces/lib/libgantry_lidar_interfaces__rosidl_typesupport_fastrtps_c.so
[1.086s] -- Up-to-date: /home/lexij/rose_lab/install/gantry_lidar_interfaces/include/gantry_lidar_interfaces/gantry_lidar_interfaces
[1.086s] -- Up-to-date: /home/lexij/rose_lab/install/gantry_lidar_interfaces/include/gantry_lidar_interfaces/gantry_lidar_interfaces/msg
[1.086s] -- Up-to-date: /home/lexij/rose_lab/install/gantry_lidar_interfaces/include/gantry_lidar_interfaces/gantry_lidar_interfaces/msg/rosidl_typesupport_introspection_c__visibility_control.h
[1.086s] -- Up-to-date: /home/lexij/rose_lab/install/gantry_lidar_interfaces/include/gantry_lidar_interfaces/gantry_lidar_interfaces/srv
[1.086s] -- Up-to-date: /home/lexij/rose_lab/install/gantry_lidar_interfaces/include/gantry_lidar_interfaces/gantry_lidar_interfaces/srv/detail
[1.086s] -- Up-to-date: /home/lexij/rose_lab/install/gantry_lidar_interfaces/include/gantry_lidar_interfaces/gantry_lidar_interfaces/srv/detail/capture__rosidl_typesupport_introspection_c.h
[1.086s] -- Up-to-date: /home/lexij/rose_lab/install/gantry_lidar_interfaces/include/gantry_lidar_interfaces/gantry_lidar_interfaces/srv/detail/download_name__rosidl_typesupport_introspection_c.h
[1.086s] -- Up-to-date: /home/lexij/rose_lab/install/gantry_lidar_interfaces/include/gantry_lidar_interfaces/gantry_lidar_interfaces/srv/detail/download_time_range__rosidl_typesupport_introspection_c.h
[1.086s] -- Up-to-date: /home/lexij/rose_lab/install/gantry_lidar_interfaces/include/gantry_lidar_interfaces/gantry_lidar_interfaces/srv/detail/delete_name__rosidl_typesupport_introspection_c.h
[1.086s] -- Up-to-date: /home/lexij/rose_lab/install/gantry_lidar_interfaces/include/gantry_lidar_interfaces/gantry_lidar_interfaces/srv/detail/download_time_range__type_support.c
[1.087s] -- Up-to-date: /home/lexij/rose_lab/install/gantry_lidar_interfaces/include/gantry_lidar_interfaces/gantry_lidar_interfaces/srv/detail/delete_time_range__type_support.c
[1.087s] -- Up-to-date: /home/lexij/rose_lab/install/gantry_lidar_interfaces/include/gantry_lidar_interfaces/gantry_lidar_interfaces/srv/detail/download_name__type_support.c
[1.087s] -- Up-to-date: /home/lexij/rose_lab/install/gantry_lidar_interfaces/include/gantry_lidar_interfaces/gantry_lidar_interfaces/srv/detail/delete_name__type_support.c
[1.087s] -- Up-to-date: /home/lexij/rose_lab/install/gantry_lidar_interfaces/include/gantry_lidar_interfaces/gantry_lidar_interfaces/srv/detail/capture__type_support.c
[1.087s] -- Up-to-date: /home/lexij/rose_lab/install/gantry_lidar_interfaces/include/gantry_lidar_interfaces/gantry_lidar_interfaces/srv/detail/delete_time_range__rosidl_typesupport_introspection_c.h
[1.087s] -- Up-to-date: /home/lexij/rose_lab/install/gantry_lidar_interfaces/lib/libgantry_lidar_interfaces__rosidl_typesupport_introspection_c.so
[1.087s] -- Up-to-date: /home/lexij/rose_lab/install/gantry_lidar_interfaces/lib/libgantry_lidar_interfaces__rosidl_typesupport_c.so
[1.088s] -- Up-to-date: /home/lexij/rose_lab/install/gantry_lidar_interfaces/include/gantry_lidar_interfaces/gantry_lidar_interfaces
[1.088s] -- Up-to-date: /home/lexij/rose_lab/install/gantry_lidar_interfaces/include/gantry_lidar_interfaces/gantry_lidar_interfaces/msg
[1.088s] -- Up-to-date: /home/lexij/rose_lab/install/gantry_lidar_interfaces/include/gantry_lidar_interfaces/gantry_lidar_interfaces/msg/rosidl_generator_cpp__visibility_control.hpp
[1.088s] -- Up-to-date: /home/lexij/rose_lab/install/gantry_lidar_interfaces/include/gantry_lidar_interfaces/gantry_lidar_interfaces/srv
[1.088s] -- Up-to-date: /home/lexij/rose_lab/install/gantry_lidar_interfaces/include/gantry_lidar_interfaces/gantry_lidar_interfaces/srv/download_time_range.hpp
[1.088s] -- Up-to-date: /home/lexij/rose_lab/install/gantry_lidar_interfaces/include/gantry_lidar_interfaces/gantry_lidar_interfaces/srv/detail
[1.088s] -- Up-to-date: /home/lexij/rose_lab/install/gantry_lidar_interfaces/include/gantry_lidar_interfaces/gantry_lidar_interfaces/srv/detail/delete_time_range__traits.hpp
[1.088s] -- Up-to-date: /home/lexij/rose_lab/install/gantry_lidar_interfaces/include/gantry_lidar_interfaces/gantry_lidar_interfaces/srv/detail/download_time_range__builder.hpp
[1.089s] -- Up-to-date: /home/lexij/rose_lab/install/gantry_lidar_interfaces/include/gantry_lidar_interfaces/gantry_lidar_interfaces/srv/detail/download_time_range__traits.hpp
[1.089s] -- Up-to-date: /home/lexij/rose_lab/install/gantry_lidar_interfaces/include/gantry_lidar_interfaces/gantry_lidar_interfaces/srv/detail/capture__traits.hpp
[1.089s] -- Up-to-date: /home/lexij/rose_lab/install/gantry_lidar_interfaces/include/gantry_lidar_interfaces/gantry_lidar_interfaces/srv/detail/delete_time_range__type_support.hpp
[1.089s] -- Up-to-date: /home/lexij/rose_lab/install/gantry_lidar_interfaces/include/gantry_lidar_interfaces/gantry_lidar_interfaces/srv/detail/download_time_range__struct.hpp
[1.089s] -- Up-to-date: /home/lexij/rose_lab/install/gantry_lidar_interfaces/include/gantry_lidar_interfaces/gantry_lidar_interfaces/srv/detail/delete_name__type_support.hpp
[1.089s] -- Up-to-date: /home/lexij/rose_lab/install/gantry_lidar_interfaces/include/gantry_lidar_interfaces/gantry_lidar_interfaces/srv/detail/delete_time_range__builder.hpp
[1.089s] -- Up-to-date: /home/lexij/rose_lab/install/gantry_lidar_interfaces/include/gantry_lidar_interfaces/gantry_lidar_interfaces/srv/detail/download_name__builder.hpp
[1.089s] -- Up-to-date: /home/lexij/rose_lab/install/gantry_lidar_interfaces/include/gantry_lidar_interfaces/gantry_lidar_interfaces/srv/detail/download_name__struct.hpp
[1.090s] -- Up-to-date: /home/lexij/rose_lab/install/gantry_lidar_interfaces/include/gantry_lidar_interfaces/gantry_lidar_interfaces/srv/detail/download_time_range__type_support.hpp
[1.090s] -- Up-to-date: /home/lexij/rose_lab/install/gantry_lidar_interfaces/include/gantry_lidar_interfaces/gantry_lidar_interfaces/srv/detail/capture__type_support.hpp
[1.090s] -- Up-to-date: /home/lexij/rose_lab/install/gantry_lidar_interfaces/include/gantry_lidar_interfaces/gantry_lidar_interfaces/srv/detail/download_name__traits.hpp
[1.090s] -- Up-to-date: /home/lexij/rose_lab/install/gantry_lidar_interfaces/include/gantry_lidar_interfaces/gantry_lidar_interfaces/srv/detail/delete_name__builder.hpp
[1.090s] -- Up-to-date: /home/lexij/rose_lab/install/gantry_lidar_interfaces/include/gantry_lidar_interfaces/gantry_lidar_interfaces/srv/detail/capture__builder.hpp
[1.090s] -- Up-to-date: /home/lexij/rose_lab/install/gantry_lidar_interfaces/include/gantry_lidar_interfaces/gantry_lidar_interfaces/srv/detail/delete_time_range__struct.hpp
[1.090s] -- Up-to-date: /home/lexij/rose_lab/install/gantry_lidar_interfaces/include/gantry_lidar_interfaces/gantry_lidar_interfaces/srv/detail/download_name__type_support.hpp
[1.090s] -- Up-to-date: /home/lexij/rose_lab/install/gantry_lidar_interfaces/include/gantry_lidar_interfaces/gantry_lidar_interfaces/srv/detail/delete_name__struct.hpp
[1.090s] -- Up-to-date: /home/lexij/rose_lab/install/gantry_lidar_interfaces/include/gantry_lidar_interfaces/gantry_lidar_interfaces/srv/detail/delete_name__traits.hpp
[1.090s] -- Up-to-date: /home/lexij/rose_lab/install/gantry_lidar_interfaces/include/gantry_lidar_interfaces/gantry_lidar_interfaces/srv/detail/capture__struct.hpp
[1.090s] -- Up-to-date: /home/lexij/rose_lab/install/gantry_lidar_interfaces/include/gantry_lidar_interfaces/gantry_lidar_interfaces/srv/download_name.hpp
[1.090s] -- Up-to-date: /home/lexij/rose_lab/install/gantry_lidar_interfaces/include/gantry_lidar_interfaces/gantry_lidar_interfaces/srv/delete_name.hpp
[1.090s] -- Up-to-date: /home/lexij/rose_lab/install/gantry_lidar_interfaces/include/gantry_lidar_interfaces/gantry_lidar_interfaces/srv/delete_time_range.hpp
[1.090s] -- Up-to-date: /home/lexij/rose_lab/install/gantry_lidar_interfaces/include/gantry_lidar_interfaces/gantry_lidar_interfaces/srv/capture.hpp
[1.090s] -- Up-to-date: /home/lexij/rose_lab/install/gantry_lidar_interfaces/include/gantry_lidar_interfaces/gantry_lidar_interfaces
[1.090s] -- Up-to-date: /home/lexij/rose_lab/install/gantry_lidar_interfaces/include/gantry_lidar_interfaces/gantry_lidar_interfaces/msg
[1.091s] -- Up-to-date: /home/lexij/rose_lab/install/gantry_lidar_interfaces/include/gantry_lidar_interfaces/gantry_lidar_interfaces/msg/rosidl_typesupport_fastrtps_cpp__visibility_control.h
[1.091s] -- Up-to-date: /home/lexij/rose_lab/install/gantry_lidar_interfaces/include/gantry_lidar_interfaces/gantry_lidar_interfaces/srv
[1.091s] -- Up-to-date: /home/lexij/rose_lab/install/gantry_lidar_interfaces/include/gantry_lidar_interfaces/gantry_lidar_interfaces/srv/detail
[1.091s] -- Up-to-date: /home/lexij/rose_lab/install/gantry_lidar_interfaces/include/gantry_lidar_interfaces/gantry_lidar_interfaces/srv/detail/delete_time_range__rosidl_typesupport_fastrtps_cpp.hpp
[1.091s] -- Up-to-date: /home/lexij/rose_lab/install/gantry_lidar_interfaces/include/gantry_lidar_interfaces/gantry_lidar_interfaces/srv/detail/download_time_range__rosidl_typesupport_fastrtps_cpp.hpp
[1.091s] -- Up-to-date: /home/lexij/rose_lab/install/gantry_lidar_interfaces/include/gantry_lidar_interfaces/gantry_lidar_interfaces/srv/detail/download_name__rosidl_typesupport_fastrtps_cpp.hpp
[1.091s] -- Up-to-date: /home/lexij/rose_lab/install/gantry_lidar_interfaces/include/gantry_lidar_interfaces/gantry_lidar_interfaces/srv/detail/dds_fastrtps
[1.091s] -- Up-to-date: /home/lexij/rose_lab/install/gantry_lidar_interfaces/include/gantry_lidar_interfaces/gantry_lidar_interfaces/srv/detail/delete_name__rosidl_typesupport_fastrtps_cpp.hpp
[1.091s] -- Up-to-date: /home/lexij/rose_lab/install/gantry_lidar_interfaces/include/gantry_lidar_interfaces/gantry_lidar_interfaces/srv/detail/capture__rosidl_typesupport_fastrtps_cpp.hpp
[1.091s] -- Up-to-date: /home/lexij/rose_lab/install/gantry_lidar_interfaces/lib/libgantry_lidar_interfaces__rosidl_typesupport_fastrtps_cpp.so
[1.091s] -- Up-to-date: /home/lexij/rose_lab/install/gantry_lidar_interfaces/include/gantry_lidar_interfaces/gantry_lidar_interfaces
[1.091s] -- Up-to-date: /home/lexij/rose_lab/install/gantry_lidar_interfaces/include/gantry_lidar_interfaces/gantry_lidar_interfaces/srv
[1.091s] -- Up-to-date: /home/lexij/rose_lab/install/gantry_lidar_interfaces/include/gantry_lidar_interfaces/gantry_lidar_interfaces/srv/detail
[1.091s] -- Up-to-date: /home/lexij/rose_lab/install/gantry_lidar_interfaces/include/gantry_lidar_interfaces/gantry_lidar_interfaces/srv/detail/delete_time_range__rosidl_typesupport_introspection_cpp.hpp
[1.091s] -- Up-to-date: /home/lexij/rose_lab/install/gantry_lidar_interfaces/include/gantry_lidar_interfaces/gantry_lidar_interfaces/srv/detail/download_time_range__rosidl_typesupport_introspection_cpp.hpp
[1.091s] -- Up-to-date: /home/lexij/rose_lab/install/gantry_lidar_interfaces/include/gantry_lidar_interfaces/gantry_lidar_interfaces/srv/detail/delete_name__type_support.cpp
[1.092s] -- Up-to-date: /home/lexij/rose_lab/install/gantry_lidar_interfaces/include/gantry_lidar_interfaces/gantry_lidar_interfaces/srv/detail/capture__rosidl_typesupport_introspection_cpp.hpp
[1.092s] -- Up-to-date: /home/lexij/rose_lab/install/gantry_lidar_interfaces/include/gantry_lidar_interfaces/gantry_lidar_interfaces/srv/detail/delete_name__rosidl_typesupport_introspection_cpp.hpp
[1.092s] -- Up-to-date: /home/lexij/rose_lab/install/gantry_lidar_interfaces/include/gantry_lidar_interfaces/gantry_lidar_interfaces/srv/detail/capture__type_support.cpp
[1.092s] -- Up-to-date: /home/lexij/rose_lab/install/gantry_lidar_interfaces/include/gantry_lidar_interfaces/gantry_lidar_interfaces/srv/detail/delete_time_range__type_support.cpp
[1.092s] -- Up-to-date: /home/lexij/rose_lab/install/gantry_lidar_interfaces/include/gantry_lidar_interfaces/gantry_lidar_interfaces/srv/detail/download_name__type_support.cpp
[1.092s] -- Up-to-date: /home/lexij/rose_lab/install/gantry_lidar_interfaces/include/gantry_lidar_interfaces/gantry_lidar_interfaces/srv/detail/download_time_range__type_support.cpp
[1.092s] -- Up-to-date: /home/lexij/rose_lab/install/gantry_lidar_interfaces/include/gantry_lidar_interfaces/gantry_lidar_interfaces/srv/detail/download_name__rosidl_typesupport_introspection_cpp.hpp
[1.093s] -- Up-to-date: /home/lexij/rose_lab/install/gantry_lidar_interfaces/lib/libgantry_lidar_interfaces__rosidl_typesupport_introspection_cpp.so
[1.093s] -- Up-to-date: /home/lexij/rose_lab/install/gantry_lidar_interfaces/lib/libgantry_lidar_interfaces__rosidl_typesupport_cpp.so
[1.096s] -- Up-to-date: /home/lexij/rose_lab/install/gantry_lidar_interfaces/share/gantry_lidar_interfaces/environment/pythonpath.sh
[1.096s] -- Up-to-date: /home/lexij/rose_lab/install/gantry_lidar_interfaces/share/gantry_lidar_interfaces/environment/pythonpath.dsv
[1.096s] -- Up-to-date: /home/lexij/rose_lab/install/gantry_lidar_interfaces/lib/python3.12/site-packages/gantry_lidar_interfaces-0.0.0-py3.12.egg-info
[1.096s] -- Installing: /home/lexij/rose_lab/install/gantry_lidar_interfaces/lib/python3.12/site-packages/gantry_lidar_interfaces-0.0.0-py3.12.egg-info/top_level.txt
[1.096s] -- Installing: /home/lexij/rose_lab/install/gantry_lidar_interfaces/lib/python3.12/site-packages/gantry_lidar_interfaces-0.0.0-py3.12.egg-info/PKG-INFO
[1.096s] -- Installing: /home/lexij/rose_lab/install/gantry_lidar_interfaces/lib/python3.12/site-packages/gantry_lidar_interfaces-0.0.0-py3.12.egg-info/dependency_links.txt
[1.096s] -- Installing: /home/lexij/rose_lab/install/gantry_lidar_interfaces/lib/python3.12/site-packages/gantry_lidar_interfaces-0.0.0-py3.12.egg-info/SOURCES.txt
[1.096s] -- Up-to-date: /home/lexij/rose_lab/install/gantry_lidar_interfaces/lib/python3.12/site-packages/gantry_lidar_interfaces
[1.096s] -- Up-to-date: /home/lexij/rose_lab/install/gantry_lidar_interfaces/lib/python3.12/site-packages/gantry_lidar_interfaces/gantry_lidar_interfaces_s__rosidl_typesupport_fastrtps_c.so
[1.096s] -- Up-to-date: /home/lexij/rose_lab/install/gantry_lidar_interfaces/lib/python3.12/site-packages/gantry_lidar_interfaces/_gantry_lidar_interfaces_s.ep.rosidl_typesupport_fastrtps_c.c
[1.096s] -- Up-to-date: /home/lexij/rose_lab/install/gantry_lidar_interfaces/lib/python3.12/site-packages/gantry_lidar_interfaces/_gantry_lidar_interfaces_s.ep.rosidl_typesupport_introspection_c.c
[1.096s] -- Up-to-date: /home/lexij/rose_lab/install/gantry_lidar_interfaces/lib/python3.12/site-packages/gantry_lidar_interfaces/__init__.py
[1.096s] -- Up-to-date: /home/lexij/rose_lab/install/gantry_lidar_interfaces/lib/python3.12/site-packages/gantry_lidar_interfaces/_gantry_lidar_interfaces_s.ep.rosidl_typesupport_c.c
[1.097s] -- Up-to-date: /home/lexij/rose_lab/install/gantry_lidar_interfaces/lib/python3.12/site-packages/gantry_lidar_interfaces/gantry_lidar_interfaces_s__rosidl_typesupport_introspection_c.so
[1.097s] -- Up-to-date: /home/lexij/rose_lab/install/gantry_lidar_interfaces/lib/python3.12/site-packages/gantry_lidar_interfaces/gantry_lidar_interfaces_s__rosidl_typesupport_c.so
[1.097s] -- Up-to-date: /home/lexij/rose_lab/install/gantry_lidar_interfaces/lib/python3.12/site-packages/gantry_lidar_interfaces/srv
[1.097s] -- Up-to-date: /home/lexij/rose_lab/install/gantry_lidar_interfaces/lib/python3.12/site-packages/gantry_lidar_interfaces/srv/_delete_name_s.c
[1.097s] -- Up-to-date: /home/lexij/rose_lab/install/gantry_lidar_interfaces/lib/python3.12/site-packages/gantry_lidar_interfaces/srv/_delete_name.py
[1.097s] -- Up-to-date: /home/lexij/rose_lab/install/gantry_lidar_interfaces/lib/python3.12/site-packages/gantry_lidar_interfaces/srv/__init__.py
[1.097s] -- Up-to-date: /home/lexij/rose_lab/install/gantry_lidar_interfaces/lib/python3.12/site-packages/gantry_lidar_interfaces/srv/_capture.py
[1.097s] -- Up-to-date: /home/lexij/rose_lab/install/gantry_lidar_interfaces/lib/python3.12/site-packages/gantry_lidar_interfaces/srv/_download_time_range_s.c
[1.097s] -- Up-to-date: /home/lexij/rose_lab/install/gantry_lidar_interfaces/lib/python3.12/site-packages/gantry_lidar_interfaces/srv/_download_name.py
[1.097s] -- Up-to-date: /home/lexij/rose_lab/install/gantry_lidar_interfaces/lib/python3.12/site-packages/gantry_lidar_interfaces/srv/_delete_time_range.py
[1.097s] -- Up-to-date: /home/lexij/rose_lab/install/gantry_lidar_interfaces/lib/python3.12/site-packages/gantry_lidar_interfaces/srv/_capture_s.c
[1.097s] -- Up-to-date: /home/lexij/rose_lab/install/gantry_lidar_interfaces/lib/python3.12/site-packages/gantry_lidar_interfaces/srv/_delete_time_range_s.c
[1.097s] -- Up-to-date: /home/lexij/rose_lab/install/gantry_lidar_interfaces/lib/python3.12/site-packages/gantry_lidar_interfaces/srv/_download_time_range.py
[1.097s] -- Up-to-date: /home/lexij/rose_lab/install/gantry_lidar_interfaces/lib/python3.12/site-packages/gantry_lidar_interfaces/srv/_download_name_s.c
[1.142s] Listing '/home/lexij/rose_lab/install/gantry_lidar_interfaces/lib/python3.12/site-packages/gantry_lidar_interfaces'...
[1.142s] Listing '/home/lexij/rose_lab/install/gantry_lidar_interfaces/lib/python3.12/site-packages/gantry_lidar_interfaces/srv'...
[1.148s] -- Up-to-date: /home/lexij/rose_lab/install/gantry_lidar_interfaces/lib/python3.12/site-packages/gantry_lidar_interfaces/gantry_lidar_interfaces_s__rosidl_typesupport_fastrtps_c.so
[1.149s] -- Up-to-date: /home/lexij/rose_lab/install/gantry_lidar_interfaces/lib/python3.12/site-packages/gantry_lidar_interfaces/gantry_lidar_interfaces_s__rosidl_typesupport_introspection_c.so
[1.149s] -- Up-to-date: /home/lexij/rose_lab/install/gantry_lidar_interfaces/lib/python3.12/site-packages/gantry_lidar_interfaces/gantry_lidar_interfaces_s__rosidl_typesupport_c.so
[1.149s] -- Up-to-date: /home/lexij/rose_lab/install/gantry_lidar_interfaces/lib/libgantry_lidar_interfaces__rosidl_generator_py.so
[1.150s] -- Up-to-date: /home/lexij/rose_lab/install/gantry_lidar_interfaces/share/gantry_lidar_interfaces/srv/Capture.idl
[1.150s] -- Up-to-date: /home/lexij/rose_lab/install/gantry_lidar_interfaces/share/gantry_lidar_interfaces/srv/DeleteName.idl
[1.150s] -- Up-to-date: /home/lexij/rose_lab/install/gantry_lidar_interfaces/share/gantry_lidar_interfaces/srv/DeleteTimeRange.idl
[1.150s] -- Up-to-date: /home/lexij/rose_lab/install/gantry_lidar_interfaces/share/gantry_lidar_interfaces/srv/DownloadName.idl
[1.151s] -- Up-to-date: /home/lexij/rose_lab/install/gantry_lidar_interfaces/share/gantry_lidar_interfaces/srv/DownloadTimeRange.idl
[1.151s] -- Up-to-date: /home/lexij/rose_lab/install/gantry_lidar_interfaces/share/gantry_lidar_interfaces/srv/Capture.srv
[1.151s] -- Up-to-date: /home/lexij/rose_lab/install/gantry_lidar_interfaces/share/gantry_lidar_interfaces/srv/DeleteName.srv
[1.151s] -- Up-to-date: /home/lexij/rose_lab/install/gantry_lidar_interfaces/share/gantry_lidar_interfaces/srv/DeleteTimeRange.srv
[1.151s] -- Up-to-date: /home/lexij/rose_lab/install/gantry_lidar_interfaces/share/gantry_lidar_interfaces/srv/DownloadName.srv
[1.151s] -- Up-to-date: /home/lexij/rose_lab/install/gantry_lidar_interfaces/share/gantry_lidar_interfaces/srv/DownloadTimeRange.srv
[1.152s] -- Up-to-date: /home/lexij/rose_lab/install/gantry_lidar_interfaces/share/ament_index/resource_index/package_run_dependencies/gantry_lidar_interfaces
[1.152s] -- Up-to-date: /home/lexij/rose_lab/install/gantry_lidar_interfaces/share/ament_index/resource_index/parent_prefix_path/gantry_lidar_interfaces
[1.152s] -- Up-to-date: /home/lexij/rose_lab/install/gantry_lidar_interfaces/share/gantry_lidar_interfaces/environment/ament_prefix_path.sh
[1.152s] -- Up-to-date: /home/lexij/rose_lab/install/gantry_lidar_interfaces/share/gantry_lidar_interfaces/environment/ament_prefix_path.dsv
[1.152s] -- Up-to-date: /home/lexij/rose_lab/install/gantry_lidar_interfaces/share/gantry_lidar_interfaces/environment/path.sh
[1.152s] -- Up-to-date: /home/lexij/rose_lab/install/gantry_lidar_interfaces/share/gantry_lidar_interfaces/environment/path.dsv
[1.152s] -- Up-to-date: /home/lexij/rose_lab/install/gantry_lidar_interfaces/share/gantry_lidar_interfaces/local_setup.bash
[1.152s] -- Up-to-date: /home/lexij/rose_lab/install/gantry_lidar_interfaces/share/gantry_lidar_interfaces/local_setup.sh
[1.152s] -- Up-to-date: /home/lexij/rose_lab/install/gantry_lidar_interfaces/share/gantry_lidar_interfaces/local_setup.zsh
[1.153s] -- Up-to-date: /home/lexij/rose_lab/install/gantry_lidar_interfaces/share/gantry_lidar_interfaces/local_setup.dsv
[1.153s] -- Installing: /home/lexij/rose_lab/install/gantry_lidar_interfaces/share/gantry_lidar_interfaces/package.dsv
[1.153s] -- Up-to-date: /home/lexij/rose_lab/install/gantry_lidar_interfaces/share/ament_index/resource_index/packages/gantry_lidar_interfaces
[1.153s] -- Up-to-date: /home/lexij/rose_lab/install/gantry_lidar_interfaces/share/gantry_lidar_interfaces/cmake/export_gantry_lidar_interfaces__rosidl_generator_cExport.cmake
[1.153s] -- Up-to-date: /home/lexij/rose_lab/install/gantry_lidar_interfaces/share/gantry_lidar_interfaces/cmake/export_gantry_lidar_interfaces__rosidl_generator_cExport-noconfig.cmake
[1.153s] -- Up-to-date: /home/lexij/rose_lab/install/gantry_lidar_interfaces/share/gantry_lidar_interfaces/cmake/export_gantry_lidar_interfaces__rosidl_typesupport_fastrtps_cExport.cmake
[1.153s] -- Up-to-date: /home/lexij/rose_lab/install/gantry_lidar_interfaces/share/gantry_lidar_interfaces/cmake/export_gantry_lidar_interfaces__rosidl_typesupport_fastrtps_cExport-noconfig.cmake
[1.153s] -- Up-to-date: /home/lexij/rose_lab/install/gantry_lidar_interfaces/share/gantry_lidar_interfaces/cmake/gantry_lidar_interfaces__rosidl_typesupport_introspection_cExport.cmake
[1.154s] -- Up-to-date: /home/lexij/rose_lab/install/gantry_lidar_interfaces/share/gantry_lidar_interfaces/cmake/gantry_lidar_interfaces__rosidl_typesupport_introspection_cExport-noconfig.cmake
[1.154s] -- Up-to-date: /home/lexij/rose_lab/install/gantry_lidar_interfaces/share/gantry_lidar_interfaces/cmake/gantry_lidar_interfaces__rosidl_typesupport_cExport.cmake
[1.154s] -- Up-to-date: /home/lexij/rose_lab/install/gantry_lidar_interfaces/share/gantry_lidar_interfaces/cmake/gantry_lidar_interfaces__rosidl_typesupport_cExport-noconfig.cmake
[1.154s] -- Up-to-date: /home/lexij/rose_lab/install/gantry_lidar_interfaces/share/gantry_lidar_interfaces/cmake/export_gantry_lidar_interfaces__rosidl_generator_cppExport.cmake
[1.154s] -- Up-to-date: /home/lexij/rose_lab/install/gantry_lidar_interfaces/share/gantry_lidar_interfaces/cmake/export_gantry_lidar_interfaces__rosidl_typesupport_fastrtps_cppExport.cmake
[1.154s] -- Up-to-date: /home/lexij/rose_lab/install/gantry_lidar_interfaces/share/gantry_lidar_interfaces/cmake/export_gantry_lidar_interfaces__rosidl_typesupport_fastrtps_cppExport-noconfig.cmake
[1.154s] -- Up-to-date: /home/lexij/rose_lab/install/gantry_lidar_interfaces/share/gantry_lidar_interfaces/cmake/gantry_lidar_interfaces__rosidl_typesupport_introspection_cppExport.cmake
[1.154s] -- Up-to-date: /home/lexij/rose_lab/install/gantry_lidar_interfaces/share/gantry_lidar_interfaces/cmake/gantry_lidar_interfaces__rosidl_typesupport_introspection_cppExport-noconfig.cmake
[1.154s] -- Up-to-date: /home/lexij/rose_lab/install/gantry_lidar_interfaces/share/gantry_lidar_interfaces/cmake/gantry_lidar_interfaces__rosidl_typesupport_cppExport.cmake
[1.155s] -- Up-to-date: /home/lexij/rose_lab/install/gantry_lidar_interfaces/share/gantry_lidar_interfaces/cmake/gantry_lidar_interfaces__rosidl_typesupport_cppExport-noconfig.cmake
[1.155s] -- Up-to-date: /home/lexij/rose_lab/install/gantry_lidar_interfaces/share/gantry_lidar_interfaces/cmake/export_gantry_lidar_interfaces__rosidl_generator_pyExport.cmake
[1.155s] -- Up-to-date: /home/lexij/rose_lab/install/gantry_lidar_interfaces/share/gantry_lidar_interfaces/cmake/export_gantry_lidar_interfaces__rosidl_generator_pyExport-noconfig.cmake
[1.155s] -- Up-to-date: /home/lexij/rose_lab/install/gantry_lidar_interfaces/share/gantry_lidar_interfaces/cmake/rosidl_cmake-extras.cmake
[1.155s] -- Up-to-date: /home/lexij/rose_lab/install/gantry_lidar_interfaces/share/gantry_lidar_interfaces/cmake/ament_cmake_export_dependencies-extras.cmake
[1.155s] -- Up-to-date: /home/lexij/rose_lab/install/gantry_lidar_interfaces/share/gantry_lidar_interfaces/cmake/ament_cmake_export_include_directories-extras.cmake
[1.155s] -- Up-to-date: /home/lexij/rose_lab/install/gantry_lidar_interfaces/share/gantry_lidar_interfaces/cmake/ament_cmake_export_libraries-extras.cmake
[1.155s] -- Up-to-date: /home/lexij/rose_lab/install/gantry_lidar_interfaces/share/gantry_lidar_interfaces/cmake/ament_cmake_export_targets-extras.cmake
[1.155s] -- Up-to-date: /home/lexij/rose_lab/install/gantry_lidar_interfaces/share/gantry_lidar_interfaces/cmake/rosidl_cmake_export_typesupport_targets-extras.cmake
[1.155s] -- Up-to-date: /home/lexij/rose_lab/install/gantry_lidar_interfaces/share/gantry_lidar_interfaces/cmake/rosidl_cmake_export_typesupport_libraries-extras.cmake
[1.155s] -- Up-to-date: /home/lexij/rose_lab/install/gantry_lidar_interfaces/share/gantry_lidar_interfaces/cmake/gantry_lidar_interfacesConfig.cmake
[1.155s] -- Up-to-date: /home/lexij/rose_lab/install/gantry_lidar_interfaces/share/gantry_lidar_interfaces/cmake/gantry_lidar_interfacesConfig-version.cmake
[1.155s] -- Up-to-date: /home/lexij/rose_lab/install/gantry_lidar_interfaces/share/gantry_lidar_interfaces/package.xml
[1.158s] Invoked command in '/home/lexij/rose_lab/build/gantry_lidar_interfaces' returned '0': CMAKE_PREFIX_PATH=${CMAKE_PREFIX_PATH}:/home/lexij/rose_lab/install/gantry_path:/home/lexij/rose_lab/install/dummy:/opt/ros/jazzy /usr/bin/cmake --install /home/lexij/rose_lab/build/gantry_lidar_interfaces
